#
# There is insufficient memory for the Java Runtime Environment to continue.
# Native memory allocation (malloc) failed to allocate 1127536 bytes for Chunk::new
# Possible reasons:
#   The system is out of physical RAM or swap space
#   The process is running with CompressedOops enabled, and the Java Heap may be blocking the growth of the native heap
# Possible solutions:
#   Reduce memory load on the system
#   Increase physical memory or swap space
#   Check if swap backing store is full
#   Decrease Java heap size (-Xmx/-Xms)
#   Decrease number of Java threads
#   Decrease Java thread stack sizes (-Xss)
#   Set larger code cache with -XX:ReservedCodeCacheSize=
#   JVM is running with Unscaled Compressed Oops mode in which the Java heap is
#     placed in the first 4GB address space. The Java Heap base address is the
#     maximum limit for the native heap growth. Please use -XX:HeapBaseMinAddress
#     to set the Java Heap base and to place the Java Heap above 4GB virtual address.
# This output file may be truncated or incomplete.
#
#  Out of Memory Error (allocation.cpp:389), pid=11240, tid=0x0000000000003b90
#
# JRE version: OpenJDK Runtime Environment (8.0_212-b04) (build 1.8.0_212-release-1586-b04)
# Java VM: OpenJDK 64-Bit Server VM (25.212-b04 mixed mode windows-amd64 compressed oops)
# Failed to write core dump. Minidumps are not enabled by default on client versions of Windows
#

---------------  T H R E A D  ---------------

Current thread (0x000000001642c000):  JavaThread "C2 CompilerThread1" daemon [_thread_in_native, id=15248, stack(0x0000000017b90000,0x0000000017c90000)]

Stack: [0x0000000017b90000,0x0000000017c90000]
[error occurred during error reporting (printing stack bounds), id 0xc0000005]

Native frames: (J=compiled Java code, j=interpreted, Vv=VM code, C=native code)


Current CompileTask:
C2:  16728 9344   !   4       java.io.ObjectInputStream::readObject0 (566 bytes)


---------------  P R O C E S S  ---------------

Java Threads: ( => current thread )
  0x0000000018d2e800 JavaThread "stdout" [_thread_in_native, id=9144, stack(0x0000000024ff0000,0x00000000250f0000)]
  0x0000000018d31000 JavaThread "stderr" [_thread_in_native, id=8420, stack(0x0000000024ef0000,0x0000000024ff0000)]
  0x0000000018d2e000 JavaThread "stdout" [_thread_in_native, id=11680, stack(0x0000000024df0000,0x0000000024ef0000)]
  0x0000000018d34000 JavaThread "stderr" [_thread_in_native, id=10232, stack(0x0000000024cf0000,0x0000000024df0000)]
  0x0000000018d30000 JavaThread "stdout" [_thread_in_native, id=7640, stack(0x0000000024bf0000,0x0000000024cf0000)]
  0x0000000018d33000 JavaThread "stderr" [_thread_in_native, id=6084, stack(0x0000000024af0000,0x0000000024bf0000)]
  0x0000000018d2d000 JavaThread "stderr" [_thread_blocked, id=5552, stack(0x00000000248f0000,0x00000000249f0000)]
  0x0000000018d2c800 JavaThread "pool-2-thread-1" [_thread_blocked, id=3724, stack(0x00000000247f0000,0x00000000248f0000)]
  0x0000000018d25000 JavaThread "MarlinRenderer Disposer" daemon [_thread_blocked, id=6760, stack(0x00000000244f0000,0x00000000245f0000)]
  0x0000000018d2b800 JavaThread "Java2D Disposer" daemon [_thread_blocked, id=12948, stack(0x00000000243f0000,0x00000000244f0000)]
  0x0000000018d2b000 JavaThread "WorkerExecutor Queue Thread 4" [_thread_blocked, id=2032, stack(0x00000000240f0000,0x00000000241f0000)]
  0x0000000018d29800 JavaThread "WorkerExecutor Queue Thread 3" [_thread_blocked, id=7092, stack(0x0000000023ff0000,0x00000000240f0000)]
  0x0000000018d2a000 JavaThread "WorkerExecutor Queue Thread 2" [_thread_blocked, id=13436, stack(0x0000000023ef0000,0x0000000023ff0000)]
  0x0000000018d28800 JavaThread "WorkerExecutor Queue" [_thread_blocked, id=13248, stack(0x0000000023df0000,0x0000000023ef0000)]
  0x0000000018d27000 JavaThread "Cache worker for execution history cache (C:\Users\lakshya\AndroidStudioProjects\Notes\.gradle\5.6.4\executionHistory)" [_thread_blocked, id=7244, stack(0x0000000023350000,0x0000000023450000)]
  0x00000000202c8000 JavaThread "Execution worker for ':' Thread 3" [_thread_blocked, id=8816, stack(0x0000000023850000,0x0000000023950000)]
  0x00000000202c9800 JavaThread "Execution worker for ':' Thread 2" [_thread_blocked, id=13692, stack(0x0000000023750000,0x0000000023850000)]
  0x00000000202c0800 JavaThread "Execution worker for ':'" [_thread_blocked, id=4848, stack(0x0000000023650000,0x0000000023750000)]
  0x00000000202c7000 JavaThread "Cache worker for file content cache (C:\Users\lakshya\AndroidStudioProjects\Notes\.gradle\5.6.4\fileContent)" [_thread_blocked, id=12844, stack(0x0000000023050000,0x0000000023150000)]
  0x00000000202c1000 JavaThread "Cache worker for file content cache (C:\Users\lakshya\.gradle\caches\5.6.4\fileContent)" [_thread_blocked, id=1440, stack(0x0000000022f50000,0x0000000023050000)]
  0x00000000202bf800 JavaThread "Memory manager" [_thread_blocked, id=9256, stack(0x0000000022630000,0x0000000022730000)]
  0x00000000202c4000 JavaThread "Cache worker for Build Output Cleanup Cache (C:\Users\lakshya\AndroidStudioProjects\Notes\.gradle\buildOutputCleanup)" [_thread_blocked, id=8404, stack(0x00000000219d0000,0x0000000021ad0000)]
  0x00000000202c3800 JavaThread "Build operations Thread 4" [_thread_blocked, id=14832, stack(0x00000000218d0000,0x00000000219d0000)]
  0x00000000202bc000 JavaThread "Build operations Thread 3" [_thread_blocked, id=13728, stack(0x00000000217d0000,0x00000000218d0000)]
  0x00000000202c2800 JavaThread "Build operations Thread 2" [_thread_blocked, id=11808, stack(0x00000000216d0000,0x00000000217d0000)]
  0x00000000202bf000 JavaThread "Build operations" [_thread_blocked, id=10648, stack(0x00000000214a0000,0x00000000215a0000)]
  0x00000000202be000 JavaThread "Cache worker for execution history cache (C:\Users\lakshya\.gradle\caches\5.6.4\executionHistory)" [_thread_blocked, id=12856, stack(0x00000000215d0000,0x00000000216d0000)]
  0x00000000202bb000 JavaThread "Cache worker for cache directory md-rule (C:\Users\lakshya\.gradle\caches\5.6.4\md-rule)" [_thread_blocked, id=14684, stack(0x000000001eb50000,0x000000001ec50000)]
  0x00000000198e8000 JavaThread "Cache worker for cache directory md-supplier (C:\Users\lakshya\.gradle\caches\5.6.4\md-supplier)" [_thread_blocked, id=11740, stack(0x00000000213a0000,0x00000000214a0000)]
  0x00000000198e2800 JavaThread "Cache worker for file hash cache (C:\Users\lakshya\AndroidStudioProjects\Notes\.gradle\5.6.4\fileHashes)" [_thread_blocked, id=2312, stack(0x000000001ed00000,0x000000001ee00000)]
  0x00000000198e4000 JavaThread "Cache worker for journal cache (C:\Users\lakshya\.gradle\caches\journal-1)" [_thread_blocked, id=13092, stack(0x000000001c1b0000,0x000000001c2b0000)]
  0x00000000198e8800 JavaThread "File lock request listener" [_thread_in_native, id=8220, stack(0x000000001c0b0000,0x000000001c1b0000)]
  0x00000000198e9800 JavaThread "Cache worker for file hash cache (C:\Users\lakshya\.gradle\caches\5.6.4\fileHashes)" [_thread_blocked, id=12776, stack(0x000000001bfb0000,0x000000001c0b0000)]
  0x0000000019efa000 JavaThread "Thread-9" [_thread_blocked, id=9564, stack(0x000000001bcb0000,0x000000001bdb0000)]
  0x0000000019e48000 JavaThread "Stdin handler" [_thread_blocked, id=5024, stack(0x000000001bbb0000,0x000000001bcb0000)]
  0x0000000019e47000 JavaThread "Asynchronous log dispatcher for DefaultDaemonConnection: socket connection from /127.0.0.1:50448 to /127.0.0.1:50449" [_thread_blocked, id=9536, stack(0x000000001bab0000,0x000000001bbb0000)]
  0x0000000019e42000 JavaThread "Daemon worker" [_thread_blocked, id=9072, stack(0x000000001b9b0000,0x000000001bab0000)]
  0x0000000019e45800 JavaThread "Cancel handler" [_thread_blocked, id=10260, stack(0x000000001b8b0000,0x000000001b9b0000)]
  0x0000000019e17000 JavaThread "Handler for socket connection from /127.0.0.1:50448 to /127.0.0.1:50449" [_thread_in_native, id=12896, stack(0x000000001b5b0000,0x000000001b6b0000)]
  0x0000000019e0b800 JavaThread "Daemon" [_thread_blocked, id=12552, stack(0x000000001b4b0000,0x000000001b5b0000)]
  0x0000000019d7f800 JavaThread "Daemon periodic checks" [_thread_blocked, id=10392, stack(0x000000001b3b0000,0x000000001b4b0000)]
  0x0000000019d76800 JavaThread "Incoming local TCP Connector on port 50448" [_thread_in_native, id=10856, stack(0x000000001b170000,0x000000001b270000)]
  0x000000001843f000 JavaThread "Daemon health stats" [_thread_blocked, id=10652, stack(0x000000001ab30000,0x000000001ac30000)]
  0x0000000017db0800 JavaThread "Service Thread" daemon [_thread_blocked, id=3908, stack(0x0000000018190000,0x0000000018290000)]
  0x000000001642f800 JavaThread "C1 CompilerThread2" daemon [_thread_blocked, id=5072, stack(0x0000000017c90000,0x0000000017d90000)]
=>0x000000001642c000 JavaThread "C2 CompilerThread1" daemon [_thread_in_native, id=15248, stack(0x0000000017b90000,0x0000000017c90000)]
  0x0000000016428800 JavaThread "C2 CompilerThread0" daemon [_thread_in_native, id=12576, stack(0x0000000017a90000,0x0000000017b90000)]
  0x0000000016436000 JavaThread "Attach Listener" daemon [_thread_blocked, id=8776, stack(0x0000000017990000,0x0000000017a90000)]
  0x0000000016435000 JavaThread "Signal Dispatcher" daemon [_thread_blocked, id=14184, stack(0x0000000017890000,0x0000000017990000)]
  0x0000000002abb000 JavaThread "Finalizer" daemon [_thread_blocked, id=6652, stack(0x0000000017690000,0x0000000017790000)]
  0x0000000016419000 JavaThread "Reference Handler" daemon [_thread_blocked, id=3240, stack(0x0000000017590000,0x0000000017690000)]
  0x00000000029be800 JavaThread "main" [_thread_blocked, id=13476, stack(0x00000000027d0000,0x00000000028d0000)]

Other Threads:
  0x00000000163f6000 VMThread [stack: 0x0000000017490000,0x0000000017590000] [id=14556]
  0x0000000017db1000 WatcherThread [stack: 0x0000000018290000,0x0000000018390000] [id=14060]

VM state:at safepoint (normal execution)

VM Mutex/Monitor currently owned by a thread:  ([mutex/lock_event])
[0x00000000029bd280] Threads_lock - owner thread: 0x00000000163f6000
[0x00000000029bd200] Heap_lock - owner thread: 0x0000000018d2b000

heap address: 0x00000000a0000000, size: 1536 MB, Compressed Oops mode: 32-bit
Narrow klass base: 0x0000000000000000, Narrow klass shift: 3
Compressed class space size: 1073741824 Address: 0x0000000100000000

Heap:
 PSYoungGen      total 139776K, used 139749K [0x00000000e0000000, 0x00000000e9800000, 0x0000000100000000)
  eden space 126976K, 100% used [0x00000000e0000000,0x00000000e7c00000,0x00000000e7c00000)
  from space 12800K, 99% used [0x00000000e8b00000,0x00000000e97796e8,0x00000000e9780000)
  to   space 14336K, 13% used [0x00000000e7c00000,0x00000000e7dd4170,0x00000000e8a00000)
 ParOldGen       total 96256K, used 56142K [0x00000000a0000000, 0x00000000a5e00000, 0x00000000e0000000)
  object space 96256K, 58% used [0x00000000a0000000,0x00000000a36d7940,0x00000000a5e00000)
 Metaspace       used 64786K, capacity 67276K, committed 67544K, reserved 1107968K
  class space    used 8748K, capacity 9340K, committed 9432K, reserved 1048576K

Card table byte_map: [0x0000000011e80000,0x0000000012190000] byte_map_base: 0x0000000011980000

Marking Bits: (ParMarkBitMap*) 0x00000000634a9f30
 Begin Bits: [0x0000000012790000, 0x0000000013f90000)
 End Bits:   [0x0000000013f90000, 0x0000000015790000)

Polling page: 0x0000000000fb0000

CodeCache: size=245760Kb used=26472Kb max_used=26493Kb free=219287Kb
 bounds [0x0000000002ac0000, 0x00000000044c0000, 0x0000000011ac0000]
 total_blobs=9011 nmethods=8102 adapters=822
 compilation: enabled

Compilation events (10 events):
Event: 16.422 Thread 0x0000000016428800 nmethod 9377 0x00000000037a2190 code [0x00000000037a24e0, 0x00000000037a3b10]
Event: 16.422 Thread 0x0000000016428800 9380   !   4       java.io.ObjectOutputStream::writeSerialData (221 bytes)
Event: 16.509 Thread 0x0000000016428800 nmethod 9380 0x00000000040f57d0 code [0x00000000040f5ac0, 0x00000000040f84a0]
Event: 16.509 Thread 0x0000000016428800 9338   !   4       java.io.ObjectOutputStream::writeObject0 (619 bytes)
Event: 16.536 Thread 0x000000001642c000 nmethod 9385 0x00000000040ed610 code [0x00000000040ed9a0, 0x00000000040f0d48]
Event: 16.536 Thread 0x000000001642c000 9340       4       java.io.ObjectStreamClass::forClass (52 bytes)
Event: 16.537 Thread 0x000000001642c000 nmethod 9340 0x00000000040ed350 code [0x00000000040ed4a0, 0x00000000040ed558]
Event: 16.537 Thread 0x000000001642c000 9344   !   4       java.io.ObjectInputStream::readObject0 (566 bytes)
Event: 16.719 Thread 0x000000001642f800 9397       3       org.gradle.internal.resources.DefaultResourceLockCoordinationService$ReleaseLocks::transform (42 bytes)
Event: 16.719 Thread 0x000000001642f800 nmethod 9397 0x00000000040ec9d0 code [0x00000000040ecb80, 0x00000000040ed178]

GC Heap History (10 events):
Event: 8.809 GC heap after
Heap after GC invocations=13 (full 2):
 PSYoungGen      total 141312K, used 14316K [0x00000000e0000000, 0x00000000e9800000, 0x0000000100000000)
  eden space 126976K, 0% used [0x00000000e0000000,0x00000000e0000000,0x00000000e7c00000)
  from space 14336K, 99% used [0x00000000e7c00000,0x00000000e89fb330,0x00000000e8a00000)
  to   space 12800K, 0% used [0x00000000e8b00000,0x00000000e8b00000,0x00000000e9780000)
 ParOldGen       total 96256K, used 23253K [0x00000000a0000000, 0x00000000a5e00000, 0x00000000e0000000)
  object space 96256K, 24% used [0x00000000a0000000,0x00000000a16b54e8,0x00000000a5e00000)
 Metaspace       used 52745K, capacity 54500K, committed 54656K, reserved 1095680K
  class space    used 7246K, capacity 7690K, committed 7808K, reserved 1048576K
}
Event: 9.858 GC heap before
{Heap before GC invocations=14 (full 2):
 PSYoungGen      total 141312K, used 83859K [0x00000000e0000000, 0x00000000e9800000, 0x0000000100000000)
  eden space 126976K, 54% used [0x00000000e0000000,0x00000000e43e9b68,0x00000000e7c00000)
  from space 14336K, 99% used [0x00000000e7c00000,0x00000000e89fb330,0x00000000e8a00000)
  to   space 12800K, 0% used [0x00000000e8b00000,0x00000000e8b00000,0x00000000e9780000)
 ParOldGen       total 96256K, used 23253K [0x00000000a0000000, 0x00000000a5e00000, 0x00000000e0000000)
  object space 96256K, 24% used [0x00000000a0000000,0x00000000a16b54e8,0x00000000a5e00000)
 Metaspace       used 57044K, capacity 58970K, committed 59096K, reserved 1099776K
  class space    used 7863K, capacity 8345K, committed 8408K, reserved 1048576K
Event: 9.879 GC heap after
Heap after GC invocations=14 (full 2):
 PSYoungGen      total 139776K, used 12785K [0x00000000e0000000, 0x00000000e9800000, 0x0000000100000000)
  eden space 126976K, 0% used [0x00000000e0000000,0x00000000e0000000,0x00000000e7c00000)
  from space 12800K, 99% used [0x00000000e8b00000,0x00000000e977c4e0,0x00000000e9780000)
  to   space 14336K, 0% used [0x00000000e7c00000,0x00000000e7c00000,0x00000000e8a00000)
 ParOldGen       total 96256K, used 32009K [0x00000000a0000000, 0x00000000a5e00000, 0x00000000e0000000)
  object space 96256K, 33% used [0x00000000a0000000,0x00000000a1f42460,0x00000000a5e00000)
 Metaspace       used 57044K, capacity 58970K, committed 59096K, reserved 1099776K
  class space    used 7863K, capacity 8345K, committed 8408K, reserved 1048576K
}
Event: 9.879 GC heap before
{Heap before GC invocations=15 (full 3):
 PSYoungGen      total 139776K, used 12785K [0x00000000e0000000, 0x00000000e9800000, 0x0000000100000000)
  eden space 126976K, 0% used [0x00000000e0000000,0x00000000e0000000,0x00000000e7c00000)
  from space 12800K, 99% used [0x00000000e8b00000,0x00000000e977c4e0,0x00000000e9780000)
  to   space 14336K, 0% used [0x00000000e7c00000,0x00000000e7c00000,0x00000000e8a00000)
 ParOldGen       total 96256K, used 32009K [0x00000000a0000000, 0x00000000a5e00000, 0x00000000e0000000)
  object space 96256K, 33% used [0x00000000a0000000,0x00000000a1f42460,0x00000000a5e00000)
 Metaspace       used 57044K, capacity 58970K, committed 59096K, reserved 1099776K
  class space    used 7863K, capacity 8345K, committed 8408K, reserved 1048576K
Event: 10.136 GC heap after
Heap after GC invocations=15 (full 3):
 PSYoungGen      total 139776K, used 0K [0x00000000e0000000, 0x00000000e9800000, 0x0000000100000000)
  eden space 126976K, 0% used [0x00000000e0000000,0x00000000e0000000,0x00000000e7c00000)
  from space 12800K, 0% used [0x00000000e8b00000,0x00000000e8b00000,0x00000000e9780000)
  to   space 14336K, 0% used [0x00000000e7c00000,0x00000000e7c00000,0x00000000e8a00000)
 ParOldGen       total 96256K, used 36408K [0x00000000a0000000, 0x00000000a5e00000, 0x00000000e0000000)
  object space 96256K, 37% used [0x00000000a0000000,0x00000000a238e238,0x00000000a5e00000)
 Metaspace       used 57044K, capacity 58970K, committed 59096K, reserved 1099776K
  class space    used 7863K, capacity 8345K, committed 8408K, reserved 1048576K
}
Event: 11.716 GC heap before
{Heap before GC invocations=16 (full 3):
 PSYoungGen      total 139776K, used 126976K [0x00000000e0000000, 0x00000000e9800000, 0x0000000100000000)
  eden space 126976K, 100% used [0x00000000e0000000,0x00000000e7c00000,0x00000000e7c00000)
  from space 12800K, 0% used [0x00000000e8b00000,0x00000000e8b00000,0x00000000e9780000)
  to   space 14336K, 0% used [0x00000000e7c00000,0x00000000e7c00000,0x00000000e8a00000)
 ParOldGen       total 96256K, used 36408K [0x00000000a0000000, 0x00000000a5e00000, 0x00000000e0000000)
  object space 96256K, 37% used [0x00000000a0000000,0x00000000a238e238,0x00000000a5e00000)
 Metaspace       used 59613K, capacity 61748K, committed 62040K, reserved 1101824K
  class space    used 8219K, capacity 8704K, committed 8792K, reserved 1048576K
Event: 11.728 GC heap after
Heap after GC invocations=16 (full 3):
 PSYoungGen      total 141312K, used 10991K [0x00000000e0000000, 0x00000000e9800000, 0x0000000100000000)
  eden space 126976K, 0% used [0x00000000e0000000,0x00000000e0000000,0x00000000e7c00000)
  from space 14336K, 76% used [0x00000000e7c00000,0x00000000e86bbea0,0x00000000e8a00000)
  to   space 12800K, 0% used [0x00000000e8b00000,0x00000000e8b00000,0x00000000e9780000)
 ParOldGen       total 96256K, used 36416K [0x00000000a0000000, 0x00000000a5e00000, 0x00000000e0000000)
  object space 96256K, 37% used [0x00000000a0000000,0x00000000a2390238,0x00000000a5e00000)
 Metaspace       used 59613K, capacity 61748K, committed 62040K, reserved 1101824K
  class space    used 8219K, capacity 8704K, committed 8792K, reserved 1048576K
}
Event: 14.606 GC heap before
{Heap before GC invocations=17 (full 3):
 PSYoungGen      total 141312K, used 137967K [0x00000000e0000000, 0x00000000e9800000, 0x0000000100000000)
  eden space 126976K, 100% used [0x00000000e0000000,0x00000000e7c00000,0x00000000e7c00000)
  from space 14336K, 76% used [0x00000000e7c00000,0x00000000e86bbea0,0x00000000e8a00000)
  to   space 12800K, 0% used [0x00000000e8b00000,0x00000000e8b00000,0x00000000e9780000)
 ParOldGen       total 96256K, used 36416K [0x00000000a0000000, 0x00000000a5e00000, 0x00000000e0000000)
  object space 96256K, 37% used [0x00000000a0000000,0x00000000a2390238,0x00000000a5e00000)
 Metaspace       used 61071K, capacity 63296K, committed 63448K, reserved 1103872K
  class space    used 8366K, capacity 8862K, committed 8920K, reserved 1048576K
Event: 14.628 GC heap after
Heap after GC invocations=17 (full 3):
 PSYoungGen      total 139776K, used 12773K [0x00000000e0000000, 0x00000000e9800000, 0x0000000100000000)
  eden space 126976K, 0% used [0x00000000e0000000,0x00000000e0000000,0x00000000e7c00000)
  from space 12800K, 99% used [0x00000000e8b00000,0x00000000e97796e8,0x00000000e9780000)
  to   space 14336K, 0% used [0x00000000e7c00000,0x00000000e7c00000,0x00000000e8a00000)
 ParOldGen       total 96256K, used 50765K [0x00000000a0000000, 0x00000000a5e00000, 0x00000000e0000000)
  object space 96256K, 52% used [0x00000000a0000000,0x00000000a31935c0,0x00000000a5e00000)
 Metaspace       used 61071K, capacity 63296K, committed 63448K, reserved 1103872K
  class space    used 8366K, capacity 8862K, committed 8920K, reserved 1048576K
}
Event: 16.722 GC heap before
{Heap before GC invocations=18 (full 3):
 PSYoungGen      total 139776K, used 139749K [0x00000000e0000000, 0x00000000e9800000, 0x0000000100000000)
  eden space 126976K, 100% used [0x00000000e0000000,0x00000000e7c00000,0x00000000e7c00000)
  from space 12800K, 99% used [0x00000000e8b00000,0x00000000e97796e8,0x00000000e9780000)
  to   space 14336K, 0% used [0x00000000e7c00000,0x00000000e7c00000,0x00000000e8a00000)
 ParOldGen       total 96256K, used 50765K [0x00000000a0000000, 0x00000000a5e00000, 0x00000000e0000000)
  object space 96256K, 52% used [0x00000000a0000000,0x00000000a31935c0,0x00000000a5e00000)
 Metaspace       used 64786K, capacity 67276K, committed 67544K, reserved 1107968K
  class space    used 8748K, capacity 9340K, committed 9432K, reserved 1048576K

Deoptimization events (10 events):
Event: 16.164 Thread 0x00000000202c0800 Uncommon trap: reason=unstable_if action=reinterpret pc=0x00000000044a16ec method=com.android.utils.XmlUtils.toXmlAttributeValue(Ljava/lang/String;)Ljava/lang/String; @ 33
Event: 16.164 Thread 0x00000000202c0800 Uncommon trap: reason=unstable_if action=reinterpret pc=0x0000000003f230dc method=com.android.utils.XmlUtils.toXmlAttributeValue(Ljava/lang/String;)Ljava/lang/String; @ 33
Event: 16.194 Thread 0x00000000202c0800 Uncommon trap: reason=unstable_if action=reinterpret pc=0x000000000449d168 method=com.android.utils.XmlUtils.append(Lcom/android/utils/XmlUtils$PositionAwareStringBuilder;Lorg/w3c/dom/Node;Ljava/util/Map;Ljava/util/Set;)V @ 540
Event: 16.199 Thread 0x00000000202c0800 Uncommon trap: reason=unstable_if action=reinterpret pc=0x0000000003fbc5ac method=sun.nio.cs.UTF_8$Encoder.encodeArrayLoop(Ljava/nio/CharBuffer;Ljava/nio/ByteBuffer;)Ljava/nio/charset/CoderResult; @ 175
Event: 16.199 Thread 0x00000000202c0800 Uncommon trap: reason=unstable_if action=reinterpret pc=0x00000000036d3f64 method=sun.nio.cs.UTF_8$Encoder.encodeArrayLoop(Ljava/nio/CharBuffer;Ljava/nio/ByteBuffer;)Ljava/nio/charset/CoderResult; @ 400
Event: 16.398 Thread 0x0000000019e42000 Uncommon trap: reason=unstable_if action=reinterpret pc=0x0000000003cd7a60 method=java.util.HashMap$HashIterator.<init>(Ljava/util/HashMap;)V @ 45
Event: 16.398 Thread 0x0000000019e42000 Uncommon trap: reason=unstable_if action=reinterpret pc=0x0000000003e497cc method=java.util.HashMap$HashIterator.<init>(Ljava/util/HashMap;)V @ 45
Event: 16.717 Thread 0x0000000018d2b000 Uncommon trap: reason=class_check action=maybe_recompile pc=0x0000000002d87500 method=java.lang.Throwable.<init>(Ljava/lang/String;Ljava/lang/Throwable;)V @ 24
Event: 16.718 Thread 0x0000000018d2b000 Uncommon trap: reason=class_check action=maybe_recompile pc=0x0000000002d87500 method=java.lang.Throwable.<init>(Ljava/lang/String;Ljava/lang/Throwable;)V @ 24
Event: 16.720 Thread 0x00000000202c0800 Uncommon trap: reason=class_check action=maybe_recompile pc=0x0000000002d87500 method=java.lang.Throwable.<init>(Ljava/lang/String;Ljava/lang/Throwable;)V @ 24

Classes redefined (0 events):
No events

Internal exceptions (10 events):
Event: 14.942 Thread 0x00000000202c0800 Exception <a 'java/lang/NoSuchMethodError': <clinit>> (0x00000000e128b080) thrown at [D:\src\AOSP-openjdk-cygwin\jdk8u\hotspot\src\share\vm\prims\jni.cpp, line 1614]
Event: 14.944 Thread 0x00000000202c0800 Exception <a 'java/lang/NoSuchMethodError': <clinit>> (0x00000000e129e630) thrown at [D:\src\AOSP-openjdk-cygwin\jdk8u\hotspot\src\share\vm\prims\jni.cpp, line 1614]
Event: 15.096 Thread 0x0000000018d28800 Exception <a 'java/io/FileNotFoundException'> (0x00000000e1bc1090) thrown at [D:\src\AOSP-openjdk-cygwin\jdk8u\hotspot\src\share\vm\prims\jni.cpp, line 710]
Event: 15.120 Thread 0x00000000202c0800 Implicit null exception at 0x00000000043403d7 to 0x0000000004340735
Event: 15.173 Thread 0x0000000018d28800 Exception <a 'java/io/FileNotFoundException'> (0x00000000e1bdd570) thrown at [D:\src\AOSP-openjdk-cygwin\jdk8u\hotspot\src\share\vm\prims\jni.cpp, line 710]
Event: 16.194 Thread 0x00000000202c0800 Implicit null exception at 0x000000000449f1e5 to 0x000000000449d13d
Event: 16.328 Thread 0x00000000202c0800 Exception <a 'java/lang/NoSuchMethodError': <clinit>> (0x00000000e6d791c0) thrown at [D:\src\AOSP-openjdk-cygwin\jdk8u\hotspot\src\share\vm\prims\jni.cpp, line 1614]
Event: 16.329 Thread 0x00000000202c0800 Exception <a 'java/lang/NoSuchMethodError': <clinit>> (0x00000000e6d94670) thrown at [D:\src\AOSP-openjdk-cygwin\jdk8u\hotspot\src\share\vm\prims\jni.cpp, line 1614]
Event: 16.329 Thread 0x00000000202c0800 Exception <a 'java/lang/NoSuchMethodError': <clinit>> (0x00000000e6d99558) thrown at [D:\src\AOSP-openjdk-cygwin\jdk8u\hotspot\src\share\vm\prims\jni.cpp, line 1614]
Event: 16.332 Thread 0x00000000202c0800 Exception <a 'java/lang/NoSuchMethodError': <clinit>> (0x00000000e6daa4c0) thrown at [D:\src\AOSP-openjdk-cygwin\jdk8u\hotspot\src\share\vm\prims\jni.cpp, line 1614]

Events (10 events):
Event: 16.717 Executing VM operation: RevokeBias
Event: 16.717 Executing VM operation: RevokeBias done
Event: 16.717 Thread 0x0000000018d26800 Thread exited: 0x0000000018d26800
Event: 16.718 Thread 0x0000000018d2b000 Uncommon trap: trap_request=0xffffffde fr.pc=0x0000000002d87500
Event: 16.718 Thread 0x0000000018d2b000 DEOPT PACKING pc=0x0000000002d87500 sp=0x00000000241edf20
Event: 16.718 Thread 0x0000000018d2b000 DEOPT UNPACKING pc=0x0000000002b0557b sp=0x00000000241edef0 mode 2
Event: 16.720 Thread 0x00000000202c0800 Uncommon trap: trap_request=0xffffffde fr.pc=0x0000000002d87500
Event: 16.720 Thread 0x00000000202c0800 DEOPT PACKING pc=0x0000000002d87500 sp=0x000000002374c330
Event: 16.720 Thread 0x00000000202c0800 DEOPT UNPACKING pc=0x0000000002b0557b sp=0x000000002374c300 mode 2
Event: 16.722 Executing VM operation: ParallelGCFailedAllocation


Dynamic libraries:
0x00007ff716450000 - 0x00007ff716481000 	C:\Program Files\Android\Android Studio\jre\bin\java.exe
0x00007ffbba0e0000 - 0x00007ffbba2d0000 	C:\WINDOWS\SYSTEM32\ntdll.dll
0x00007ffbb84c0000 - 0x00007ffbb8572000 	C:\WINDOWS\System32\KERNEL32.DLL
0x00007ffbb7330000 - 0x00007ffbb75d4000 	C:\WINDOWS\System32\KERNELBASE.dll
0x00007ffbb8870000 - 0x00007ffbb8913000 	C:\WINDOWS\System32\ADVAPI32.dll
0x00007ffbb8920000 - 0x00007ffbb89be000 	C:\WINDOWS\System32\msvcrt.dll
0x00007ffbb8400000 - 0x00007ffbb8497000 	C:\WINDOWS\System32\sechost.dll
0x00007ffbb9d20000 - 0x00007ffbb9e40000 	C:\WINDOWS\System32\RPCRT4.dll
0x00007ffbb9480000 - 0x00007ffbb9614000 	C:\WINDOWS\System32\USER32.dll
0x00007ffbb7100000 - 0x00007ffbb7121000 	C:\WINDOWS\System32\win32u.dll
0x00007ffbba040000 - 0x00007ffbba066000 	C:\WINDOWS\System32\GDI32.dll
0x00007ffbb7680000 - 0x00007ffbb7814000 	C:\WINDOWS\System32\gdi32full.dll
0x00007ffbb75e0000 - 0x00007ffbb767e000 	C:\WINDOWS\System32\msvcp_win.dll
0x00007ffbb78f0000 - 0x00007ffbb79ea000 	C:\WINDOWS\System32\ucrtbase.dll
0x00007ffbaa030000 - 0x00007ffbaa2b4000 	C:\WINDOWS\WinSxS\amd64_microsoft.windows.common-controls_6595b64144ccf1df_6.0.18362.836_none_e6c4b943130f18ed\COMCTL32.dll
0x00007ffbb90c0000 - 0x00007ffbb93f6000 	C:\WINDOWS\System32\combase.dll
0x00007ffbb7870000 - 0x00007ffbb78f0000 	C:\WINDOWS\System32\bcryptPrimitives.dll
0x00007ffbba070000 - 0x00007ffbba09e000 	C:\WINDOWS\System32\IMM32.DLL
0x0000000062b20000 - 0x0000000062bf2000 	C:\Program Files\Android\Android Studio\jre\jre\bin\msvcr100.dll
0x0000000062ce0000 - 0x0000000063526000 	C:\Program Files\Android\Android Studio\jre\jre\bin\server\jvm.dll
0x00007ffbb9ef0000 - 0x00007ffbb9ef8000 	C:\WINDOWS\System32\PSAPI.DLL
0x00007ffba5f00000 - 0x00007ffba5f09000 	C:\WINDOWS\SYSTEM32\WSOCK32.dll
0x00007ffbb9f60000 - 0x00007ffbb9fcf000 	C:\WINDOWS\System32\WS2_32.dll
0x00007ffbb4b50000 - 0x00007ffbb4b74000 	C:\WINDOWS\SYSTEM32\WINMM.dll
0x00007ffbaa540000 - 0x00007ffbaa54a000 	C:\WINDOWS\SYSTEM32\VERSION.dll
0x00007ffbb4b20000 - 0x00007ffbb4b4d000 	C:\WINDOWS\SYSTEM32\WINMMBASE.dll
0x00007ffbb7820000 - 0x00007ffbb786a000 	C:\WINDOWS\System32\cfgmgr32.dll
0x00007ffbb3510000 - 0x00007ffbb351f000 	C:\Program Files\Android\Android Studio\jre\jre\bin\verify.dll
0x00007ffbb34e0000 - 0x00007ffbb3509000 	C:\Program Files\Android\Android Studio\jre\jre\bin\java.dll
0x00007ffbb34c0000 - 0x00007ffbb34d6000 	C:\Program Files\Android\Android Studio\jre\jre\bin\zip.dll
0x00007ffbb89d0000 - 0x00007ffbb90b4000 	C:\WINDOWS\System32\SHELL32.dll
0x00007ffbb8730000 - 0x00007ffbb87d9000 	C:\WINDOWS\System32\shcore.dll
0x00007ffbb79f0000 - 0x00007ffbb816e000 	C:\WINDOWS\System32\windows.storage.dll
0x00007ffbb6fb0000 - 0x00007ffbb6fd3000 	C:\WINDOWS\System32\profapi.dll
0x00007ffbb6fe0000 - 0x00007ffbb702a000 	C:\WINDOWS\System32\powrprof.dll
0x00007ffbb6fa0000 - 0x00007ffbb6fb0000 	C:\WINDOWS\System32\UMPDC.dll
0x00007ffbb83a0000 - 0x00007ffbb83f2000 	C:\WINDOWS\System32\shlwapi.dll
0x00007ffbb7030000 - 0x00007ffbb7041000 	C:\WINDOWS\System32\kernel.appcore.dll
0x00007ffbb8170000 - 0x00007ffbb8187000 	C:\WINDOWS\System32\cryptsp.dll
0x00007ffbb04d0000 - 0x00007ffbb04ea000 	C:\Program Files\Android\Android Studio\jre\jre\bin\net.dll
0x00007ffba6e40000 - 0x00007ffba7016000 	C:\WINDOWS\SYSTEM32\urlmon.dll
0x00007ffba7140000 - 0x00007ffba73e6000 	C:\WINDOWS\SYSTEM32\iertutil.dll
0x00007ffbb69e0000 - 0x00007ffbb69ec000 	C:\WINDOWS\SYSTEM32\CRYPTBASE.DLL
0x00007ffbb67b0000 - 0x00007ffbb6817000 	C:\WINDOWS\system32\mswsock.dll
0x00007ffba3b30000 - 0x00007ffba3b43000 	C:\Program Files\Android\Android Studio\jre\jre\bin\nio.dll
0x00007ffb9d2a0000 - 0x00007ffb9d2c6000 	C:\Users\lakshya\.gradle\native\30\windows-amd64\native-platform.dll
0x00007ffbb0060000 - 0x00007ffbb006d000 	C:\Program Files\Android\Android Studio\jre\jre\bin\management.dll
0x00007ffbb6320000 - 0x00007ffbb6353000 	C:\WINDOWS\system32\rsaenh.dll
0x00007ffbb7070000 - 0x00007ffbb7096000 	C:\WINDOWS\System32\bcrypt.dll
0x00007ffbb6ec0000 - 0x00007ffbb6ee5000 	C:\WINDOWS\SYSTEM32\USERENV.dll
0x00007ffbb64c0000 - 0x00007ffbb64fa000 	C:\WINDOWS\SYSTEM32\IPHLPAPI.DLL
0x00007ffbb89c0000 - 0x00007ffbb89c8000 	C:\WINDOWS\System32\NSI.dll
0x00007ffbae1f0000 - 0x00007ffbae206000 	C:\WINDOWS\SYSTEM32\dhcpcsvc6.DLL
0x00007ffbae420000 - 0x00007ffbae43c000 	C:\WINDOWS\SYSTEM32\dhcpcsvc.DLL
0x00007ffbb6500000 - 0x00007ffbb65cb000 	C:\WINDOWS\SYSTEM32\DNSAPI.dll
0x00007ffb9d4a0000 - 0x00007ffb9d63c000 	C:\Program Files\Android\Android Studio\jre\jre\bin\awt.dll
0x00007ffbb8190000 - 0x00007ffbb8254000 	C:\WINDOWS\System32\OLEAUT32.dll
0x00007ffbb5390000 - 0x00007ffbb53bd000 	C:\WINDOWS\SYSTEM32\dwmapi.dll
0x00007ffbb3710000 - 0x00007ffbb3cd0000 	C:\WINDOWS\SYSTEM32\d2d1.dll
0x00007ffbb4d80000 - 0x00007ffbb4e0f000 	C:\WINDOWS\SYSTEM32\apphelp.dll
0x00007ffbb4f60000 - 0x00007ffbb4ff9000 	C:\WINDOWS\system32\uxtheme.dll

VM Arguments:
jvm_args: -Xmx1536m -Dfile.encoding=windows-1252 -Duser.country=US -Duser.language=en -Duser.variant 
java_command: org.gradle.launcher.daemon.bootstrap.GradleDaemon 5.6.4
java_class_path (initial): C:\Users\lakshya\.gradle\wrapper\dists\gradle-5.6.4-all\ankdp27end7byghfw1q2sw75f\gradle-5.6.4\lib\gradle-launcher-5.6.4.jar
Launcher Type: SUN_STANDARD

Environment Variables:
PATH=C:\Program Files (x86)\Intel\iCLS Client\;C:\Program Files\Java\jdk1.8.0_161\bin;C:\Program Files\Intel\iCLS Client\;C:\WINDOWS\system32;C:\WINDOWS;C:\WINDOWS\System32\Wbem;C:\WINDOWS\System32\WindowsPowerShell\v1.0\;;C:\WINDOWS\System32\OpenSSH\;C:\Program Files (x86)\Intel\Intel(R) Management Engine Components\DAL;C:\Program Files\Intel\Intel(R) Management Engine Components\DAL;C:\Program Files (x86)\Intel\Intel(R) Management Engine Components\IPT;C:\Program Files\Intel\Intel(R) Management Engine Components\IPT;C:\Users\lakshya\Anaconda3;C:\Users\lakshya\Anaconda3\Library\mingw-w64\bin;C:\Users\lakshya\Anaconda3\Library\usr\bin;C:\Users\lakshya\Anaconda3\Library\bin;C:\Users\lakshya\Anaconda3\Scripts;C:\Users\lakshya\AppData\Local\Microsoft\WindowsApps
USERNAME=lakshya
OS=Windows_NT
PROCESSOR_IDENTIFIER=Intel64 Family 6 Model 142 Stepping 9, GenuineIntel



---------------  S Y S T E M  ---------------

OS: Windows 10.0 , 64 bit Build 18362 (10.0.18362.778)

CPU:total 4 (initial active 4) (2 cores per cpu, 2 threads per core) family 6 model 142 stepping 9, cmov, cx8, fxsr, mmx, sse, sse2, sse3, ssse3, sse4.1, sse4.2, popcnt, avx, avx2, aes, clmul, erms, 3dnowpref, lzcnt, ht, tsc, tscinvbit, bmi1, bmi2, adx

Memory: 4k page, physical 8255088k(1043364k free), swap 8255088k(4092k free)

vm_info: OpenJDK 64-Bit Server VM (25.212-b04) for windows-amd64 JRE (1.8.0_212-release-1586-b04), built by "builder" with MS VC++ 10.0 (VS2010)

time: Fri May 29 23:43:47 2020
timezone: India Standard Time
elapsed time: 16 seconds (0d 0h 0m 16s)

