#
# There is insufficient memory for the Java Runtime Environment to continue.
# Native memory allocation (malloc) failed to allocate 932336 bytes for Chunk::new
# Possible reasons:
#   The system is out of physical RAM or swap space
#   The process is running with CompressedOops enabled, and the Java Heap may be blocking the growth of the native heap
# Possible solutions:
#   Reduce memory load on the system
#   Increase physical memory or swap space
#   Check if swap backing store is full
#   Decrease Java heap size (-Xmx/-Xms)
#   Decrease number of Java threads
#   Decrease Java thread stack sizes (-Xss)
#   Set larger code cache with -XX:ReservedCodeCacheSize=
#   JVM is running with Unscaled Compressed Oops mode in which the Java heap is
#     placed in the first 4GB address space. The Java Heap base address is the
#     maximum limit for the native heap growth. Please use -XX:HeapBaseMinAddress
#     to set the Java Heap base and to place the Java Heap above 4GB virtual address.
# This output file may be truncated or incomplete.
#
#  Out of Memory Error (allocation.cpp:389), pid=8768, tid=0x000000000000050c
#
# JRE version: OpenJDK Runtime Environment (8.0_212-b04) (build 1.8.0_212-release-1586-b04)
# Java VM: OpenJDK 64-Bit Server VM (25.212-b04 mixed mode windows-amd64 compressed oops)
# Failed to write core dump. Minidumps are not enabled by default on client versions of Windows
#

---------------  T H R E A D  ---------------

Current thread (0x0000000016a4d800):  JavaThread "C2 CompilerThread1" daemon [_thread_in_native, id=1292, stack(0x00000000181c0000,0x00000000182c0000)]

Stack: [0x00000000181c0000,0x00000000182c0000]
[error occurred during error reporting (printing stack bounds), id 0xc0000005]

Native frames: (J=compiled Java code, j=interpreted, Vv=VM code, C=native code)


Current CompileTask:
C2:  12623 7912       4       com.sun.org.apache.xerces.internal.parsers.XML11Configuration::addRecognizedParamsAndSetDefaults (173 bytes)


---------------  P R O C E S S  ---------------

Java Threads: ( => current thread )
  0x000000001dda7800 JavaThread "Cache worker for execution history cache (C:\Users\lakshya\AndroidStudioProjects\Notes\.gradle\5.6.4\executionHistory)" [_thread_blocked, id=10140, stack(0x0000000024190000,0x0000000024290000)]
  0x000000001dda6800 JavaThread "Execution worker for ':' Thread 3" [_thread_blocked, id=3844, stack(0x0000000023e90000,0x0000000023f90000)]
  0x000000001dda9800 JavaThread "Execution worker for ':' Thread 2" [_thread_blocked, id=10576, stack(0x0000000023d90000,0x0000000023e90000)]
  0x000000001ddaa800 JavaThread "Execution worker for ':'" [_thread_blocked, id=11684, stack(0x00000000225d0000,0x00000000226d0000)]
  0x000000001dd9e800 JavaThread "Cache worker for file content cache (C:\Users\lakshya\AndroidStudioProjects\Notes\.gradle\5.6.4\fileContent)" [_thread_blocked, id=10568, stack(0x0000000023a90000,0x0000000023b90000)]
  0x000000001dda4800 JavaThread "Cache worker for file content cache (C:\Users\lakshya\.gradle\caches\5.6.4\fileContent)" [_thread_blocked, id=2932, stack(0x0000000023990000,0x0000000023a90000)]
  0x000000001dda3800 JavaThread "Memory manager" [_thread_blocked, id=9504, stack(0x0000000022990000,0x0000000022a90000)]
  0x000000001dda3000 JavaThread "Cache worker for Build Output Cleanup Cache (C:\Users\lakshya\AndroidStudioProjects\Notes\.gradle\buildOutputCleanup)" [_thread_blocked, id=9280, stack(0x0000000021ea0000,0x0000000021fa0000)]
  0x000000001dda5000 JavaThread "Build operations Thread 4" [_thread_blocked, id=13540, stack(0x00000000222d0000,0x00000000223d0000)]
  0x000000001dda1800 JavaThread "Build operations Thread 3" [_thread_blocked, id=12200, stack(0x00000000221d0000,0x00000000222d0000)]
  0x000000001dda0800 JavaThread "Build operations Thread 2" [_thread_blocked, id=14848, stack(0x00000000220d0000,0x00000000221d0000)]
  0x000000001dda0000 JavaThread "Build operations" [_thread_blocked, id=5260, stack(0x0000000021fd0000,0x00000000220d0000)]
  0x000000001dd9f000 JavaThread "Cache worker for execution history cache (C:\Users\lakshya\.gradle\caches\5.6.4\executionHistory)" [_thread_blocked, id=12032, stack(0x0000000021ba0000,0x0000000021ca0000)]
  0x00000000186ac000 JavaThread "Cache worker for cache directory md-rule (C:\Users\lakshya\.gradle\caches\5.6.4\md-rule)" [_thread_blocked, id=1360, stack(0x0000000020610000,0x0000000020710000)]
  0x00000000186aa800 JavaThread "Cache worker for cache directory md-supplier (C:\Users\lakshya\.gradle\caches\5.6.4\md-supplier)" [_thread_blocked, id=7156, stack(0x000000001ee80000,0x000000001ef80000)]
  0x00000000186ab000 JavaThread "Cache worker for file hash cache (C:\Users\lakshya\AndroidStudioProjects\Notes\.gradle\5.6.4\fileHashes)" [_thread_blocked, id=10760, stack(0x000000001eb80000,0x000000001ec80000)]
  0x00000000186a7800 JavaThread "Cache worker for journal cache (C:\Users\lakshya\.gradle\caches\journal-1)" [_thread_blocked, id=8060, stack(0x000000001c7e0000,0x000000001c8e0000)]
  0x00000000186a9000 JavaThread "File lock request listener" [_thread_in_native, id=12636, stack(0x000000001c6e0000,0x000000001c7e0000)]
  0x00000000186ad800 JavaThread "Cache worker for file hash cache (C:\Users\lakshya\.gradle\caches\5.6.4\fileHashes)" [_thread_blocked, id=13484, stack(0x000000001c5e0000,0x000000001c6e0000)]
  0x000000001a385800 JavaThread "Thread-9" [_thread_blocked, id=4548, stack(0x000000001c2e0000,0x000000001c3e0000)]
  0x000000001a4d5800 JavaThread "Stdin handler" [_thread_blocked, id=13336, stack(0x000000001c1e0000,0x000000001c2e0000)]
  0x000000001a382800 JavaThread "Asynchronous log dispatcher for DefaultDaemonConnection: socket connection from /127.0.0.1:50328 to /127.0.0.1:50329" [_thread_blocked, id=15228, stack(0x000000001c0e0000,0x000000001c1e0000)]
  0x000000001a4d7000 JavaThread "Daemon worker" [_thread_in_native, id=12376, stack(0x000000001bfe0000,0x000000001c0e0000)]
  0x000000001a37e800 JavaThread "Cancel handler" [_thread_blocked, id=1972, stack(0x000000001bee0000,0x000000001bfe0000)]
  0x000000001a40b000 JavaThread "Handler for socket connection from /127.0.0.1:50328 to /127.0.0.1:50329" [_thread_in_native, id=6956, stack(0x000000001bbe0000,0x000000001bce0000)]
  0x000000001a404000 JavaThread "Daemon" [_thread_blocked, id=9932, stack(0x000000001bae0000,0x000000001bbe0000)]
  0x000000001a390800 JavaThread "Daemon periodic checks" [_thread_blocked, id=8904, stack(0x000000001b9e0000,0x000000001bae0000)]
  0x000000001a398000 JavaThread "Incoming local TCP Connector on port 50328" [_thread_in_native, id=11236, stack(0x000000001b7a0000,0x000000001b8a0000)]
  0x000000001859b000 JavaThread "Daemon health stats" [_thread_blocked, id=4456, stack(0x000000001b160000,0x000000001b260000)]
  0x00000000183e0800 JavaThread "Service Thread" daemon [_thread_blocked, id=9868, stack(0x00000000187c0000,0x00000000188c0000)]
  0x0000000016a59800 JavaThread "C1 CompilerThread2" daemon [_thread_blocked, id=12312, stack(0x00000000182c0000,0x00000000183c0000)]
=>0x0000000016a4d800 JavaThread "C2 CompilerThread1" daemon [_thread_in_native, id=1292, stack(0x00000000181c0000,0x00000000182c0000)]
  0x0000000016a49800 JavaThread "C2 CompilerThread0" daemon [_thread_in_native, id=2240, stack(0x00000000180c0000,0x00000000181c0000)]
  0x0000000016a48800 JavaThread "Attach Listener" daemon [_thread_blocked, id=13788, stack(0x0000000017fc0000,0x00000000180c0000)]
  0x0000000016a55000 JavaThread "Signal Dispatcher" daemon [_thread_blocked, id=6612, stack(0x0000000017ec0000,0x0000000017fc0000)]
  0x00000000030db000 JavaThread "Finalizer" daemon [_thread_blocked, id=2360, stack(0x0000000017cc0000,0x0000000017dc0000)]
  0x0000000016a39000 JavaThread "Reference Handler" daemon [_thread_blocked, id=11872, stack(0x0000000017bc0000,0x0000000017cc0000)]
  0x0000000000d8e800 JavaThread "main" [_thread_blocked, id=2928, stack(0x0000000002e40000,0x0000000002f40000)]

Other Threads:
  0x0000000016a16000 VMThread [stack: 0x0000000017ac0000,0x0000000017bc0000] [id=14152]
  0x0000000016aad800 WatcherThread [stack: 0x00000000188c0000,0x00000000189c0000] [id=14732]

VM state:not at safepoint (normal execution)

VM Mutex/Monitor currently owned by a thread: None

heap address: 0x00000000a0000000, size: 1536 MB, Compressed Oops mode: 32-bit
Narrow klass base: 0x0000000000000000, Narrow klass shift: 3
Compressed class space size: 1073741824 Address: 0x0000000100000000

Heap:
 PSYoungGen      total 176128K, used 32470K [0x00000000e0000000, 0x00000000eda00000, 0x0000000100000000)
  eden space 157696K, 12% used [0x00000000e0000000,0x00000000e12da5a8,0x00000000e9a00000)
  from space 18432K, 71% used [0x00000000e9a00000,0x00000000ea6db628,0x00000000eac00000)
  to   space 18944K, 0% used [0x00000000ec780000,0x00000000ec780000,0x00000000eda00000)
 ParOldGen       total 146944K, used 37334K [0x00000000a0000000, 0x00000000a8f80000, 0x00000000e0000000)
  object space 146944K, 25% used [0x00000000a0000000,0x00000000a24758c8,0x00000000a8f80000)
 Metaspace       used 60964K, capacity 63300K, committed 63528K, reserved 1103872K
  class space    used 8378K, capacity 8876K, committed 9000K, reserved 1048576K

Card table byte_map: [0x00000000124a0000,0x00000000127b0000] byte_map_base: 0x0000000011fa0000

Marking Bits: (ParMarkBitMap*) 0x00000000634a9f30
 Begin Bits: [0x0000000012db0000, 0x00000000145b0000)
 End Bits:   [0x00000000145b0000, 0x0000000015db0000)

Polling page: 0x0000000000dd0000

CodeCache: size=245760Kb used=22321Kb max_used=22321Kb free=223438Kb
 bounds [0x00000000030e0000, 0x00000000046c0000, 0x00000000120e0000]
 total_blobs=8039 nmethods=7250 adapters=702
 compilation: enabled

Compilation events (10 events):
Event: 12.613 Thread 0x0000000016a59800 nmethod 8028 0x00000000046b1250 code [0x00000000046b1420, 0x00000000046b1c58]
Event: 12.613 Thread 0x0000000016a59800 8030       3       java.io.FileInputStream$1::close (8 bytes)
Event: 12.613 Thread 0x0000000016a59800 nmethod 8030 0x00000000046b0dd0 code [0x00000000046b0f40, 0x00000000046b1128]
Event: 12.613 Thread 0x0000000016a59800 8031       3       java.io.FileInputStream::access$000 (5 bytes)
Event: 12.613 Thread 0x0000000016a59800 nmethod 8031 0x00000000046b5b10 code [0x00000000046b5c80, 0x00000000046b5de8]
Event: 12.619 Thread 0x0000000016a59800 8033       3       com.sun.org.apache.xerces.internal.impl.XMLDocumentFragmentScannerImpl::scanDocument (342 bytes)
Event: 12.621 Thread 0x0000000016a59800 nmethod 8033 0x00000000046b5e90 code [0x00000000046b6220, 0x00000000046b8038]
Event: 12.621 Thread 0x0000000016a59800 8034       3       java.util.EnumMap::put (51 bytes)
Event: 12.622 Thread 0x0000000016a59800 nmethod 8034 0x00000000046b8b90 code [0x00000000046b8d20, 0x00000000046b9288]
Event: 12.622 Thread 0x0000000016a59800 8035       3       java.util.EnumMap::typeCheck (59 bytes)

GC Heap History (10 events):
Event: 6.684 GC heap before
{Heap before GC invocations=12 (full 2):
 PSYoungGen      total 114176K, used 102201K [0x00000000e0000000, 0x00000000ea180000, 0x0000000100000000)
  eden space 102400K, 99% used [0x00000000e0000000,0x00000000e63ce568,0x00000000e6400000)
  from space 11776K, 0% used [0x00000000e6400000,0x00000000e6400000,0x00000000e6f80000)
  to   space 12800K, 0% used [0x00000000e9500000,0x00000000e9500000,0x00000000ea180000)
 ParOldGen       total 96256K, used 17651K [0x00000000a0000000, 0x00000000a5e00000, 0x00000000e0000000)
  object space 96256K, 18% used [0x00000000a0000000,0x00000000a113cdd8,0x00000000a5e00000)
 Metaspace       used 44562K, capacity 45668K, committed 45864K, reserved 1089536K
  class space    used 6011K, capacity 6316K, committed 6440K, reserved 1048576K
Event: 6.697 GC heap after
Heap after GC invocations=12 (full 2):
 PSYoungGen      total 139776K, used 12780K [0x00000000e0000000, 0x00000000ea180000, 0x0000000100000000)
  eden space 126976K, 0% used [0x00000000e0000000,0x00000000e0000000,0x00000000e7c00000)
  from space 12800K, 99% used [0x00000000e9500000,0x00000000ea17b0e0,0x00000000ea180000)
  to   space 14336K, 0% used [0x00000000e8580000,0x00000000e8580000,0x00000000e9380000)
 ParOldGen       total 96256K, used 18331K [0x00000000a0000000, 0x00000000a5e00000, 0x00000000e0000000)
  object space 96256K, 19% used [0x00000000a0000000,0x00000000a11e6cc8,0x00000000a5e00000)
 Metaspace       used 44562K, capacity 45668K, committed 45864K, reserved 1089536K
  class space    used 6011K, capacity 6316K, committed 6440K, reserved 1048576K
}
Event: 8.215 GC heap before
{Heap before GC invocations=13 (full 2):
 PSYoungGen      total 139776K, used 139756K [0x00000000e0000000, 0x00000000ea180000, 0x0000000100000000)
  eden space 126976K, 100% used [0x00000000e0000000,0x00000000e7c00000,0x00000000e7c00000)
  from space 12800K, 99% used [0x00000000e9500000,0x00000000ea17b0e0,0x00000000ea180000)
  to   space 14336K, 0% used [0x00000000e8580000,0x00000000e8580000,0x00000000e9380000)
 ParOldGen       total 96256K, used 18331K [0x00000000a0000000, 0x00000000a5e00000, 0x00000000e0000000)
  object space 96256K, 19% used [0x00000000a0000000,0x00000000a11e6cc8,0x00000000a5e00000)
 Metaspace       used 52851K, capacity 54522K, committed 54568K, reserved 1095680K
  class space    used 7261K, capacity 7705K, committed 7720K, reserved 1048576K
Event: 8.259 GC heap after
Heap after GC invocations=13 (full 2):
 PSYoungGen      total 151040K, used 14332K [0x00000000e0000000, 0x00000000ebc00000, 0x0000000100000000)
  eden space 136704K, 0% used [0x00000000e0000000,0x00000000e0000000,0x00000000e8580000)
  from space 14336K, 99% used [0x00000000e8580000,0x00000000e937f188,0x00000000e9380000)
  to   space 16384K, 0% used [0x00000000eac00000,0x00000000eac00000,0x00000000ebc00000)
 ParOldGen       total 96256K, used 24175K [0x00000000a0000000, 0x00000000a5e00000, 0x00000000e0000000)
  object space 96256K, 25% used [0x00000000a0000000,0x00000000a179bd20,0x00000000a5e00000)
 Metaspace       used 52851K, capacity 54522K, committed 54568K, reserved 1095680K
  class space    used 7261K, capacity 7705K, committed 7720K, reserved 1048576K
}
Event: 9.557 GC heap before
{Heap before GC invocations=14 (full 2):
 PSYoungGen      total 151040K, used 90185K [0x00000000e0000000, 0x00000000ebc00000, 0x0000000100000000)
  eden space 136704K, 55% used [0x00000000e0000000,0x00000000e4a132a8,0x00000000e8580000)
  from space 14336K, 99% used [0x00000000e8580000,0x00000000e937f188,0x00000000e9380000)
  to   space 16384K, 0% used [0x00000000eac00000,0x00000000eac00000,0x00000000ebc00000)
 ParOldGen       total 96256K, used 24175K [0x00000000a0000000, 0x00000000a5e00000, 0x00000000e0000000)
  object space 96256K, 25% used [0x00000000a0000000,0x00000000a179bd20,0x00000000a5e00000)
 Metaspace       used 57290K, capacity 59116K, committed 59160K, reserved 1099776K
  class space    used 7903K, capacity 8346K, committed 8360K, reserved 1048576K
Event: 9.574 GC heap after
Heap after GC invocations=14 (full 2):
 PSYoungGen      total 174080K, used 16364K [0x00000000e0000000, 0x00000000eca00000, 0x0000000100000000)
  eden space 157696K, 0% used [0x00000000e0000000,0x00000000e0000000,0x00000000e9a00000)
  from space 16384K, 99% used [0x00000000eac00000,0x00000000ebbfb1e8,0x00000000ebc00000)
  to   space 18432K, 0% used [0x00000000e9a00000,0x00000000e9a00000,0x00000000eac00000)
 ParOldGen       total 96256K, used 24979K [0x00000000a0000000, 0x00000000a5e00000, 0x00000000e0000000)
  object space 96256K, 25% used [0x00000000a0000000,0x00000000a1864c00,0x00000000a5e00000)
 Metaspace       used 57290K, capacity 59116K, committed 59160K, reserved 1099776K
  class space    used 7903K, capacity 8346K, committed 8360K, reserved 1048576K
}
Event: 9.574 GC heap before
{Heap before GC invocations=15 (full 3):
 PSYoungGen      total 174080K, used 16364K [0x00000000e0000000, 0x00000000eca00000, 0x0000000100000000)
  eden space 157696K, 0% used [0x00000000e0000000,0x00000000e0000000,0x00000000e9a00000)
  from space 16384K, 99% used [0x00000000eac00000,0x00000000ebbfb1e8,0x00000000ebc00000)
  to   space 18432K, 0% used [0x00000000e9a00000,0x00000000e9a00000,0x00000000eac00000)
 ParOldGen       total 96256K, used 24979K [0x00000000a0000000, 0x00000000a5e00000, 0x00000000e0000000)
  object space 96256K, 25% used [0x00000000a0000000,0x00000000a1864c00,0x00000000a5e00000)
 Metaspace       used 57290K, capacity 59116K, committed 59160K, reserved 1099776K
  class space    used 7903K, capacity 8346K, committed 8360K, reserved 1048576K
Event: 9.823 GC heap after
Heap after GC invocations=15 (full 3):
 PSYoungGen      total 174080K, used 0K [0x00000000e0000000, 0x00000000eca00000, 0x0000000100000000)
  eden space 157696K, 0% used [0x00000000e0000000,0x00000000e0000000,0x00000000e9a00000)
  from space 16384K, 0% used [0x00000000eac00000,0x00000000eac00000,0x00000000ebc00000)
  to   space 18432K, 0% used [0x00000000e9a00000,0x00000000e9a00000,0x00000000eac00000)
 ParOldGen       total 146944K, used 37326K [0x00000000a0000000, 0x00000000a8f80000, 0x00000000e0000000)
  object space 146944K, 25% used [0x00000000a0000000,0x00000000a24738c8,0x00000000a8f80000)
 Metaspace       used 57290K, capacity 59116K, committed 59160K, reserved 1099776K
  class space    used 7903K, capacity 8346K, committed 8360K, reserved 1048576K
}
Event: 12.372 GC heap before
{Heap before GC invocations=16 (full 3):
 PSYoungGen      total 174080K, used 157696K [0x00000000e0000000, 0x00000000eca00000, 0x0000000100000000)
  eden space 157696K, 100% used [0x00000000e0000000,0x00000000e9a00000,0x00000000e9a00000)
  from space 16384K, 0% used [0x00000000eac00000,0x00000000eac00000,0x00000000ebc00000)
  to   space 18432K, 0% used [0x00000000e9a00000,0x00000000e9a00000,0x00000000eac00000)
 ParOldGen       total 146944K, used 37326K [0x00000000a0000000, 0x00000000a8f80000, 0x00000000e0000000)
  object space 146944K, 25% used [0x00000000a0000000,0x00000000a24738c8,0x00000000a8f80000)
 Metaspace       used 60740K, capacity 63012K, committed 63144K, reserved 1103872K
  class space    used 8353K, capacity 8844K, committed 8872K, reserved 1048576K
Event: 12.388 GC heap after
Heap after GC invocations=16 (full 3):
 PSYoungGen      total 176128K, used 13165K [0x00000000e0000000, 0x00000000eda00000, 0x0000000100000000)
  eden space 157696K, 0% used [0x00000000e0000000,0x00000000e0000000,0x00000000e9a00000)
  from space 18432K, 71% used [0x00000000e9a00000,0x00000000ea6db628,0x00000000eac00000)
  to   space 18944K, 0% used [0x00000000ec780000,0x00000000ec780000,0x00000000eda00000)
 ParOldGen       total 146944K, used 37334K [0x00000000a0000000, 0x00000000a8f80000, 0x00000000e0000000)
  object space 146944K, 25% used [0x00000000a0000000,0x00000000a24758c8,0x00000000a8f80000)
 Metaspace       used 60740K, capacity 63012K, committed 63144K, reserved 1103872K
  class space    used 8353K, capacity 8844K, committed 8872K, reserved 1048576K
}

Deoptimization events (10 events):
Event: 11.055 Thread 0x000000001dda3000 Uncommon trap: reason=unstable_if action=reinterpret pc=0x00000000044dee08 method=org.gradle.cache.internal.btree.BlockPointer.isNull()Z @ 6
Event: 11.103 Thread 0x000000001ddaa800 Uncommon trap: reason=predicate action=maybe_recompile pc=0x000000000367ec88 method=com.google.common.base.CharMatcher.indexIn(Ljava/lang/CharSequence;I)I @ 22
Event: 11.632 Thread 0x000000001a4d7000 Uncommon trap: reason=unstable_if action=reinterpret pc=0x0000000003df6068 method=org.gradle.internal.hash.HashCode.equals(Ljava/lang/Object;)Z @ 2
Event: 11.707 Thread 0x000000001a390800 Uncommon trap: reason=class_check action=maybe_recompile pc=0x0000000003aa5220 method=org.gradle.internal.serialize.AbstractDecoder.readBytes([B)V @ 5
Event: 11.707 Thread 0x000000001a390800 Uncommon trap: reason=class_check action=maybe_recompile pc=0x0000000003aa5220 method=org.gradle.internal.serialize.AbstractDecoder.readBytes([B)V @ 5
Event: 11.707 Thread 0x000000001a390800 Uncommon trap: reason=class_check action=maybe_recompile pc=0x0000000003aa5220 method=org.gradle.internal.serialize.AbstractDecoder.readBytes([B)V @ 5
Event: 11.707 Thread 0x000000001a390800 Uncommon trap: reason=class_check action=maybe_recompile pc=0x0000000003aa5220 method=org.gradle.internal.serialize.AbstractDecoder.readBytes([B)V @ 5
Event: 12.027 Thread 0x000000001a4d7000 Uncommon trap: reason=unstable_if action=reinterpret pc=0x000000000348638c method=sun.nio.fs.WindowsPathParser.isLetter(C)Z @ 3
Event: 12.234 Thread 0x000000001a4d7000 Uncommon trap: reason=unstable_if action=reinterpret pc=0x00000000033261c4 method=sun.nio.cs.UTF_8$Decoder.decode([BII[C)I @ 30
Event: 12.234 Thread 0x000000001a4d7000 Uncommon trap: reason=unstable_if action=reinterpret pc=0x0000000003d32f00 method=java.lang.StringCoding.safeTrim([CILjava/nio/charset/Charset;Z)[C @ 3

Classes redefined (0 events):
No events

Internal exceptions (10 events):
Event: 10.806 Thread 0x000000001a385800 Exception <a 'java/lang/NoSuchMethodError': <clinit>> (0x00000000e02f2770) thrown at [D:\src\AOSP-openjdk-cygwin\jdk8u\hotspot\src\share\vm\prims\jni.cpp, line 1614]
Event: 10.806 Thread 0x000000001a385800 Exception <a 'java/lang/NoSuchMethodError': <clinit>> (0x00000000e02f4a48) thrown at [D:\src\AOSP-openjdk-cygwin\jdk8u\hotspot\src\share\vm\prims\jni.cpp, line 1614]
Event: 10.811 Thread 0x000000001a385800 Exception <a 'java/lang/NoSuchMethodError': <clinit>> (0x00000000e0300dc0) thrown at [D:\src\AOSP-openjdk-cygwin\jdk8u\hotspot\src\share\vm\prims\jni.cpp, line 1614]
Event: 10.814 Thread 0x000000001a385800 Exception <a 'java/lang/NoSuchMethodError': <clinit>> (0x00000000e48a20f0) thrown at [D:\src\AOSP-openjdk-cygwin\jdk8u\hotspot\src\share\vm\prims\jni.cpp, line 1614]
Event: 10.815 Thread 0x000000001a385800 Exception <a 'java/lang/NoSuchMethodError': <clinit>> (0x00000000e48aae58) thrown at [D:\src\AOSP-openjdk-cygwin\jdk8u\hotspot\src\share\vm\prims\jni.cpp, line 1614]
Event: 10.849 Thread 0x000000001a385800 Exception <a 'java/lang/NoSuchMethodError': <clinit>> (0x00000000e48b5820) thrown at [D:\src\AOSP-openjdk-cygwin\jdk8u\hotspot\src\share\vm\prims\jni.cpp, line 1614]
Event: 10.852 Thread 0x000000001a385800 Exception <a 'java/lang/NoSuchMethodError': <clinit>> (0x00000000e4a3a958) thrown at [D:\src\AOSP-openjdk-cygwin\jdk8u\hotspot\src\share\vm\prims\jni.cpp, line 1614]
Event: 10.852 Thread 0x000000001a385800 Exception <a 'java/lang/NoSuchMethodError': <clinit>> (0x00000000e4a3c470) thrown at [D:\src\AOSP-openjdk-cygwin\jdk8u\hotspot\src\share\vm\prims\jni.cpp, line 1614]
Event: 10.852 Thread 0x000000001a385800 Exception <a 'java/lang/NoSuchMethodError': <clinit>> (0x00000000e4a3e300) thrown at [D:\src\AOSP-openjdk-cygwin\jdk8u\hotspot\src\share\vm\prims\jni.cpp, line 1614]
Event: 11.068 Thread 0x000000001a385800 Exception <a 'java/lang/NoSuchMethodError': <clinit>> (0x00000000e577c7c8) thrown at [D:\src\AOSP-openjdk-cygwin\jdk8u\hotspot\src\share\vm\prims\jni.cpp, line 1614]

Events (10 events):
Event: 12.446 loading class com/google/common/collect/LinkedListMultimap$1
Event: 12.446 loading class com/google/common/collect/LinkedListMultimap$1 done
Event: 12.447 loading class com/google/common/collect/LinkedListMultimap$ValueForKeyIterator
Event: 12.447 loading class com/google/common/collect/LinkedListMultimap$ValueForKeyIterator done
Event: 12.501 loading class com/sun/org/apache/xerces/internal/dom/AttrNSImpl
Event: 12.502 loading class com/sun/org/apache/xerces/internal/dom/AttrNSImpl done
Event: 12.543 Thread 0x000000001a4d7000 DEOPT PACKING pc=0x000000000458aa51 sp=0x000000001c0d81f0
Event: 12.543 Thread 0x000000001a4d7000 DEOPT UNPACKING pc=0x00000000031275d0 sp=0x000000001c0d7f68 mode 0
Event: 12.619 Thread 0x000000001a4d7000 DEOPT PACKING pc=0x00000000045aac9a sp=0x000000001c0d7ff0
Event: 12.619 Thread 0x000000001a4d7000 DEOPT UNPACKING pc=0x00000000031275d0 sp=0x000000001c0d7e70 mode 0


Dynamic libraries:
0x00007ff716450000 - 0x00007ff716481000 	C:\Program Files\Android\Android Studio\jre\bin\java.exe
0x00007ffbba0e0000 - 0x00007ffbba2d0000 	C:\WINDOWS\SYSTEM32\ntdll.dll
0x00007ffbb84c0000 - 0x00007ffbb8572000 	C:\WINDOWS\System32\KERNEL32.DLL
0x00007ffbb7330000 - 0x00007ffbb75d4000 	C:\WINDOWS\System32\KERNELBASE.dll
0x00007ffbb8870000 - 0x00007ffbb8913000 	C:\WINDOWS\System32\ADVAPI32.dll
0x00007ffbb8920000 - 0x00007ffbb89be000 	C:\WINDOWS\System32\msvcrt.dll
0x00007ffbb8400000 - 0x00007ffbb8497000 	C:\WINDOWS\System32\sechost.dll
0x00007ffbb9d20000 - 0x00007ffbb9e40000 	C:\WINDOWS\System32\RPCRT4.dll
0x00007ffbb9480000 - 0x00007ffbb9614000 	C:\WINDOWS\System32\USER32.dll
0x00007ffbb7100000 - 0x00007ffbb7121000 	C:\WINDOWS\System32\win32u.dll
0x00007ffbba040000 - 0x00007ffbba066000 	C:\WINDOWS\System32\GDI32.dll
0x00007ffbb7680000 - 0x00007ffbb7814000 	C:\WINDOWS\System32\gdi32full.dll
0x00007ffbb75e0000 - 0x00007ffbb767e000 	C:\WINDOWS\System32\msvcp_win.dll
0x00007ffbb78f0000 - 0x00007ffbb79ea000 	C:\WINDOWS\System32\ucrtbase.dll
0x00007ffbaa030000 - 0x00007ffbaa2b4000 	C:\WINDOWS\WinSxS\amd64_microsoft.windows.common-controls_6595b64144ccf1df_6.0.18362.836_none_e6c4b943130f18ed\COMCTL32.dll
0x00007ffbb90c0000 - 0x00007ffbb93f6000 	C:\WINDOWS\System32\combase.dll
0x00007ffbb7870000 - 0x00007ffbb78f0000 	C:\WINDOWS\System32\bcryptPrimitives.dll
0x00007ffbba070000 - 0x00007ffbba09e000 	C:\WINDOWS\System32\IMM32.DLL
0x0000000062b20000 - 0x0000000062bf2000 	C:\Program Files\Android\Android Studio\jre\jre\bin\msvcr100.dll
0x0000000062ce0000 - 0x0000000063526000 	C:\Program Files\Android\Android Studio\jre\jre\bin\server\jvm.dll
0x00007ffbb9ef0000 - 0x00007ffbb9ef8000 	C:\WINDOWS\System32\PSAPI.DLL
0x00007ffbb4b50000 - 0x00007ffbb4b74000 	C:\WINDOWS\SYSTEM32\WINMM.dll
0x00007ffbaa540000 - 0x00007ffbaa54a000 	C:\WINDOWS\SYSTEM32\VERSION.dll
0x00007ffba5f00000 - 0x00007ffba5f09000 	C:\WINDOWS\SYSTEM32\WSOCK32.dll
0x00007ffbb4b20000 - 0x00007ffbb4b4d000 	C:\WINDOWS\SYSTEM32\winmmbase.dll
0x00007ffbb9f60000 - 0x00007ffbb9fcf000 	C:\WINDOWS\System32\WS2_32.dll
0x00007ffbb7820000 - 0x00007ffbb786a000 	C:\WINDOWS\System32\cfgmgr32.dll
0x00007ffbb3510000 - 0x00007ffbb351f000 	C:\Program Files\Android\Android Studio\jre\jre\bin\verify.dll
0x00007ffbb34e0000 - 0x00007ffbb3509000 	C:\Program Files\Android\Android Studio\jre\jre\bin\java.dll
0x00007ffbb34c0000 - 0x00007ffbb34d6000 	C:\Program Files\Android\Android Studio\jre\jre\bin\zip.dll
0x00007ffbb89d0000 - 0x00007ffbb90b4000 	C:\WINDOWS\System32\SHELL32.dll
0x00007ffbb8730000 - 0x00007ffbb87d9000 	C:\WINDOWS\System32\shcore.dll
0x00007ffbb79f0000 - 0x00007ffbb816e000 	C:\WINDOWS\System32\windows.storage.dll
0x00007ffbb6fb0000 - 0x00007ffbb6fd3000 	C:\WINDOWS\System32\profapi.dll
0x00007ffbb6fe0000 - 0x00007ffbb702a000 	C:\WINDOWS\System32\powrprof.dll
0x00007ffbb6fa0000 - 0x00007ffbb6fb0000 	C:\WINDOWS\System32\UMPDC.dll
0x00007ffbb83a0000 - 0x00007ffbb83f2000 	C:\WINDOWS\System32\shlwapi.dll
0x00007ffbb7030000 - 0x00007ffbb7041000 	C:\WINDOWS\System32\kernel.appcore.dll
0x00007ffbb8170000 - 0x00007ffbb8187000 	C:\WINDOWS\System32\cryptsp.dll
0x00007ffbb04d0000 - 0x00007ffbb04ea000 	C:\Program Files\Android\Android Studio\jre\jre\bin\net.dll
0x00007ffba6e40000 - 0x00007ffba7016000 	C:\WINDOWS\SYSTEM32\urlmon.dll
0x00007ffba7140000 - 0x00007ffba73e6000 	C:\WINDOWS\SYSTEM32\iertutil.dll
0x00007ffbb69e0000 - 0x00007ffbb69ec000 	C:\WINDOWS\SYSTEM32\CRYPTBASE.DLL
0x00007ffbb67b0000 - 0x00007ffbb6817000 	C:\WINDOWS\system32\mswsock.dll
0x00007ffba3b30000 - 0x00007ffba3b43000 	C:\Program Files\Android\Android Studio\jre\jre\bin\nio.dll
0x00007ffb9d2a0000 - 0x00007ffb9d2c6000 	C:\Users\lakshya\.gradle\native\30\windows-amd64\native-platform.dll
0x00007ffbb0060000 - 0x00007ffbb006d000 	C:\Program Files\Android\Android Studio\jre\jre\bin\management.dll
0x00007ffbb6320000 - 0x00007ffbb6353000 	C:\WINDOWS\system32\rsaenh.dll
0x00007ffbb7070000 - 0x00007ffbb7096000 	C:\WINDOWS\System32\bcrypt.dll
0x00007ffbb6ec0000 - 0x00007ffbb6ee5000 	C:\WINDOWS\SYSTEM32\USERENV.dll
0x00007ffbb64c0000 - 0x00007ffbb64fa000 	C:\WINDOWS\SYSTEM32\IPHLPAPI.DLL
0x00007ffbb89c0000 - 0x00007ffbb89c8000 	C:\WINDOWS\System32\NSI.dll
0x00007ffbae1f0000 - 0x00007ffbae206000 	C:\WINDOWS\SYSTEM32\dhcpcsvc6.DLL
0x00007ffbae420000 - 0x00007ffbae43c000 	C:\WINDOWS\SYSTEM32\dhcpcsvc.DLL
0x00007ffbb6500000 - 0x00007ffbb65cb000 	C:\WINDOWS\SYSTEM32\DNSAPI.dll

VM Arguments:
jvm_args: -Xmx1536m -Dfile.encoding=windows-1252 -Duser.country=US -Duser.language=en -Duser.variant 
java_command: org.gradle.launcher.daemon.bootstrap.GradleDaemon 5.6.4
java_class_path (initial): C:\Users\lakshya\.gradle\wrapper\dists\gradle-5.6.4-all\ankdp27end7byghfw1q2sw75f\gradle-5.6.4\lib\gradle-launcher-5.6.4.jar
Launcher Type: SUN_STANDARD

Environment Variables:
PATH=C:\Program Files (x86)\Intel\iCLS Client\;C:\Program Files\Java\jdk1.8.0_161\bin;C:\Program Files\Intel\iCLS Client\;C:\WINDOWS\system32;C:\WINDOWS;C:\WINDOWS\System32\Wbem;C:\WINDOWS\System32\WindowsPowerShell\v1.0\;;C:\WINDOWS\System32\OpenSSH\;C:\Program Files (x86)\Intel\Intel(R) Management Engine Components\DAL;C:\Program Files\Intel\Intel(R) Management Engine Components\DAL;C:\Program Files (x86)\Intel\Intel(R) Management Engine Components\IPT;C:\Program Files\Intel\Intel(R) Management Engine Components\IPT;C:\Users\lakshya\Anaconda3;C:\Users\lakshya\Anaconda3\Library\mingw-w64\bin;C:\Users\lakshya\Anaconda3\Library\usr\bin;C:\Users\lakshya\Anaconda3\Library\bin;C:\Users\lakshya\Anaconda3\Scripts;C:\Users\lakshya\AppData\Local\Microsoft\WindowsApps
USERNAME=lakshya
OS=Windows_NT
PROCESSOR_IDENTIFIER=Intel64 Family 6 Model 142 Stepping 9, GenuineIntel



---------------  S Y S T E M  ---------------

OS: Windows 10.0 , 64 bit Build 18362 (10.0.18362.778)

CPU:total 4 (initial active 4) (2 cores per cpu, 2 threads per core) family 6 model 142 stepping 9, cmov, cx8, fxsr, mmx, sse, sse2, sse3, ssse3, sse4.1, sse4.2, popcnt, avx, avx2, aes, clmul, erms, 3dnowpref, lzcnt, ht, tsc, tscinvbit, bmi1, bmi2, adx

Memory: 4k page, physical 8255088k(1118692k free), swap 8255088k(5984k free)

vm_info: OpenJDK 64-Bit Server VM (25.212-b04) for windows-amd64 JRE (1.8.0_212-release-1586-b04), built by "builder" with MS VC++ 10.0 (VS2010)

time: Fri May 29 23:36:11 2020
timezone: India Standard Time
elapsed time: 12 seconds (0d 0h 0m 12s)

