#
# There is insufficient memory for the Java Runtime Environment to continue.
# Native memory allocation (malloc) failed to allocate 627776 bytes for Chunk::new
# Possible reasons:
#   The system is out of physical RAM or swap space
#   The process is running with CompressedOops enabled, and the Java Heap may be blocking the growth of the native heap
# Possible solutions:
#   Reduce memory load on the system
#   Increase physical memory or swap space
#   Check if swap backing store is full
#   Decrease Java heap size (-Xmx/-Xms)
#   Decrease number of Java threads
#   Decrease Java thread stack sizes (-Xss)
#   Set larger code cache with -XX:ReservedCodeCacheSize=
#   JVM is running with Unscaled Compressed Oops mode in which the Java heap is
#     placed in the first 4GB address space. The Java Heap base address is the
#     maximum limit for the native heap growth. Please use -XX:HeapBaseMinAddress
#     to set the Java Heap base and to place the Java Heap above 4GB virtual address.
# This output file may be truncated or incomplete.
#
#  Out of Memory Error (allocation.cpp:389), pid=12996, tid=0x0000000000002130
#
# JRE version: OpenJDK Runtime Environment (8.0_212-b04) (build 1.8.0_212-release-1586-b04)
# Java VM: OpenJDK 64-Bit Server VM (25.212-b04 mixed mode windows-amd64 compressed oops)
# Failed to write core dump. Minidumps are not enabled by default on client versions of Windows
#

---------------  T H R E A D  ---------------

Current thread (0x0000000015fa9000):  JavaThread "C2 CompilerThread1" daemon [_thread_in_native, id=8496, stack(0x0000000017710000,0x0000000017810000)]

Stack: [0x0000000017710000,0x0000000017810000]
[error occurred during error reporting (printing stack bounds), id 0xc0000005]

Native frames: (J=compiled Java code, j=interpreted, Vv=VM code, C=native code)


Current CompileTask:
C2:  11715 8016       4       com.sun.org.apache.xerces.internal.parsers.XML11Configuration::addRecognizedParamsAndSetDefaults (173 bytes)


---------------  P R O C E S S  ---------------

Java Threads: ( => current thread )
  0x0000000019bc6800 JavaThread "Cache worker for execution history cache (C:\Users\lakshya\AndroidStudioProjects\Notes\.gradle\5.6.4\executionHistory)" [_thread_blocked, id=392, stack(0x0000000023540000,0x0000000023640000)]
  0x0000000019bcd800 JavaThread "Execution worker for ':' Thread 3" [_thread_blocked, id=13660, stack(0x0000000023240000,0x0000000023340000)]
  0x0000000019bcc800 JavaThread "Execution worker for ':' Thread 2" [_thread_blocked, id=14560, stack(0x0000000023140000,0x0000000023240000)]
  0x0000000019bcc000 JavaThread "Execution worker for ':'" [_thread_blocked, id=11968, stack(0x0000000023040000,0x0000000023140000)]
  0x0000000019bc6000 JavaThread "Cache worker for file content cache (C:\Users\lakshya\AndroidStudioProjects\Notes\.gradle\5.6.4\fileContent)" [_thread_blocked, id=8664, stack(0x0000000021f20000,0x0000000022020000)]
  0x0000000019bcb000 JavaThread "Cache worker for file content cache (C:\Users\lakshya\.gradle\caches\5.6.4\fileContent)" [_thread_blocked, id=7920, stack(0x0000000021b90000,0x0000000021c90000)]
  0x0000000019bc4800 JavaThread "Memory manager" [_thread_blocked, id=12832, stack(0x0000000021840000,0x0000000021940000)]
  0x0000000019bc5000 JavaThread "Cache worker for Build Output Cleanup Cache (C:\Users\lakshya\AndroidStudioProjects\Notes\.gradle\buildOutputCleanup)" [_thread_blocked, id=12008, stack(0x0000000021320000,0x0000000021420000)]
  0x0000000019bc9800 JavaThread "Build operations Thread 4" [_thread_blocked, id=8772, stack(0x0000000021740000,0x0000000021840000)]
  0x0000000019bc9000 JavaThread "Build operations Thread 3" [_thread_blocked, id=10140, stack(0x0000000021640000,0x0000000021740000)]
  0x0000000019bc8000 JavaThread "Build operations Thread 2" [_thread_blocked, id=11896, stack(0x0000000021540000,0x0000000021640000)]
  0x0000000019bc7800 JavaThread "Build operations" [_thread_blocked, id=14152, stack(0x0000000021440000,0x0000000021540000)]
  0x0000000019bc3800 JavaThread "Cache worker for execution history cache (C:\Users\lakshya\.gradle\caches\5.6.4\executionHistory)" [_thread_blocked, id=11872, stack(0x0000000021020000,0x0000000021120000)]
  0x0000000019494800 JavaThread "Cache worker for cache directory md-rule (C:\Users\lakshya\.gradle\caches\5.6.4\md-rule)" [_thread_blocked, id=8060, stack(0x0000000020f20000,0x0000000021020000)]
  0x0000000019497800 JavaThread "Cache worker for cache directory md-supplier (C:\Users\lakshya\.gradle\caches\5.6.4\md-supplier)" [_thread_blocked, id=7156, stack(0x000000001e7d0000,0x000000001e8d0000)]
  0x0000000019492800 JavaThread "Cache worker for file hash cache (C:\Users\lakshya\AndroidStudioProjects\Notes\.gradle\5.6.4\fileHashes)" [_thread_blocked, id=13484, stack(0x000000001e0d0000,0x000000001e1d0000)]
  0x0000000019496000 JavaThread "Cache worker for journal cache (C:\Users\lakshya\.gradle\caches\journal-1)" [_thread_blocked, id=9868, stack(0x000000001bd30000,0x000000001be30000)]
  0x0000000019498800 JavaThread "File lock request listener" [_thread_in_native, id=11236, stack(0x000000001bc30000,0x000000001bd30000)]
  0x0000000019499000 JavaThread "Cache worker for file hash cache (C:\Users\lakshya\.gradle\caches\5.6.4\fileHashes)" [_thread_blocked, id=3844, stack(0x000000001bb30000,0x000000001bc30000)]
  0x00000000198ea000 JavaThread "Thread-9" [_thread_blocked, id=14628, stack(0x000000001b830000,0x000000001b930000)]
  0x00000000198cf800 JavaThread "Stdin handler" [_thread_blocked, id=9088, stack(0x000000001b730000,0x000000001b830000)]
  0x0000000019919000 JavaThread "Asynchronous log dispatcher for DefaultDaemonConnection: socket connection from /127.0.0.1:50419 to /127.0.0.1:50420" [_thread_blocked, id=11676, stack(0x000000001b630000,0x000000001b730000)]
  0x0000000019919800 JavaThread "Daemon worker" [_thread_in_vm, id=8400, stack(0x000000001b530000,0x000000001b630000)]
  0x00000000198d4800 JavaThread "Cancel handler" [_thread_blocked, id=9424, stack(0x000000001b430000,0x000000001b530000)]
  0x0000000019891000 JavaThread "Handler for socket connection from /127.0.0.1:50419 to /127.0.0.1:50420" [_thread_in_native, id=3840, stack(0x000000001b130000,0x000000001b230000)]
  0x000000001988c000 JavaThread "Daemon" [_thread_blocked, id=7768, stack(0x000000001b030000,0x000000001b130000)]
  0x0000000019820000 JavaThread "Daemon periodic checks" [_thread_blocked, id=8788, stack(0x000000001af30000,0x000000001b030000)]
  0x000000001980f000 JavaThread "Incoming local TCP Connector on port 50419" [_thread_in_native, id=11708, stack(0x000000001acf0000,0x000000001adf0000)]
  0x00000000197de000 JavaThread "Daemon health stats" [_thread_blocked, id=15200, stack(0x000000001a6b0000,0x000000001a7b0000)]
  0x0000000015ffb000 JavaThread "Service Thread" daemon [_thread_blocked, id=2016, stack(0x0000000017d10000,0x0000000017e10000)]
  0x0000000015fae800 JavaThread "C1 CompilerThread2" daemon [_thread_blocked, id=1960, stack(0x0000000017810000,0x0000000017910000)]
=>0x0000000015fa9000 JavaThread "C2 CompilerThread1" daemon [_thread_in_native, id=8496, stack(0x0000000017710000,0x0000000017810000)]
  0x0000000015f98800 JavaThread "C2 CompilerThread0" daemon [_thread_in_native, id=12644, stack(0x0000000017610000,0x0000000017710000)]
  0x0000000015fa6000 JavaThread "Attach Listener" daemon [_thread_blocked, id=10000, stack(0x0000000017510000,0x0000000017610000)]
  0x0000000015fa5000 JavaThread "Signal Dispatcher" daemon [_thread_blocked, id=13944, stack(0x0000000017410000,0x0000000017510000)]
  0x000000000262b000 JavaThread "Finalizer" daemon [_thread_blocked, id=9676, stack(0x0000000017210000,0x0000000017310000)]
  0x0000000015f89000 JavaThread "Reference Handler" daemon [_thread_blocked, id=14692, stack(0x0000000017110000,0x0000000017210000)]
  0x000000000252e800 JavaThread "main" [_thread_blocked, id=8352, stack(0x00000000023a0000,0x00000000024a0000)]

Other Threads:
  0x0000000015f66000 VMThread [stack: 0x0000000017010000,0x0000000017110000] [id=1208]
  0x0000000015ffc800 WatcherThread [stack: 0x0000000017e10000,0x0000000017f10000] [id=10308]

VM state:not at safepoint (normal execution)

VM Mutex/Monitor currently owned by a thread: None

heap address: 0x00000000a0000000, size: 1536 MB, Compressed Oops mode: 32-bit
Narrow klass base: 0x0000000000000000, Narrow klass shift: 3
Compressed class space size: 1073741824 Address: 0x0000000100000000

Heap:
 PSYoungGen      total 184832K, used 28479K [0x00000000e0000000, 0x00000000ee380000, 0x0000000100000000)
  eden space 166912K, 8% used [0x00000000e0000000,0x00000000e0dcfa18,0x00000000ea300000)
  from space 17920K, 80% used [0x00000000ea300000,0x00000000eb1005a0,0x00000000eb480000)
  to   space 18944K, 0% used [0x00000000ed100000,0x00000000ed100000,0x00000000ee380000)
 ParOldGen       total 90624K, used 36030K [0x00000000a0000000, 0x00000000a5880000, 0x00000000e0000000)
  object space 90624K, 39% used [0x00000000a0000000,0x00000000a232fa38,0x00000000a5880000)
 Metaspace       used 60968K, capacity 63380K, committed 63448K, reserved 1103872K
  class space    used 8380K, capacity 8888K, committed 8920K, reserved 1048576K

Card table byte_map: [0x00000000119f0000,0x0000000011d00000] byte_map_base: 0x00000000114f0000

Marking Bits: (ParMarkBitMap*) 0x00000000634a9f30
 Begin Bits: [0x0000000012300000, 0x0000000013b00000)
 End Bits:   [0x0000000013b00000, 0x0000000015300000)

Polling page: 0x00000000003b0000

CodeCache: size=245760Kb used=22209Kb max_used=22209Kb free=223550Kb
 bounds [0x0000000002630000, 0x0000000003c00000, 0x0000000011630000]
 total_blobs=7936 nmethods=7147 adapters=702
 compilation: enabled

Compilation events (10 events):
Event: 11.677 Thread 0x0000000015fae800 nmethod 8084 0x0000000003bda250 code [0x0000000003bda3c0, 0x0000000003bda5d0]
Event: 11.677 Thread 0x0000000015fae800 8085       1       com.sun.org.apache.xerces.internal.impl.XMLEntityScanner::getCurrentEntity (5 bytes)
Event: 11.677 Thread 0x0000000015fae800 nmethod 8085 0x0000000003bda6d0 code [0x0000000003bda820, 0x0000000003bda930]
Event: 11.677 Thread 0x0000000015fae800 8086       1       com.sun.xml.internal.stream.Entity$ScannedEntity::isEncodingExternallySpecified (5 bytes)
Event: 11.677 Thread 0x0000000015fae800 nmethod 8086 0x0000000003bda990 code [0x0000000003bdaae0, 0x0000000003bdabf0]
Event: 11.677 Thread 0x0000000015fae800 8087       1       com.sun.org.apache.xerces.internal.impl.dtd.XMLDTDValidator::getDocumentSource (5 bytes)
Event: 11.678 Thread 0x0000000015fae800 nmethod 8087 0x0000000003bdac50 code [0x0000000003bdada0, 0x0000000003bdaeb0]
Event: 11.678 Thread 0x0000000015fae800 8088       1       com.sun.org.apache.xerces.internal.impl.dtd.XMLDTDValidator::getDocumentHandler (5 bytes)
Event: 11.678 Thread 0x0000000015fae800 nmethod 8088 0x0000000003bdaf10 code [0x0000000003bdb060, 0x0000000003bdb170]
Event: 11.678 Thread 0x0000000015fae800 8089   !   3       javax.xml.parsers.FactoryFinder::find (354 bytes)

GC Heap History (10 events):
Event: 6.481 GC heap before
{Heap before GC invocations=12 (full 2):
 PSYoungGen      total 113152K, used 100896K [0x00000000e0000000, 0x00000000ea100000, 0x0000000100000000)
  eden space 101376K, 99% used [0x00000000e0000000,0x00000000e62883f0,0x00000000e6300000)
  from space 11776K, 0% used [0x00000000e6300000,0x00000000e6300000,0x00000000e6e80000)
  to   space 12800K, 0% used [0x00000000e9480000,0x00000000e9480000,0x00000000ea100000)
 ParOldGen       total 90624K, used 17654K [0x00000000a0000000, 0x00000000a5880000, 0x00000000e0000000)
  object space 90624K, 19% used [0x00000000a0000000,0x00000000a113da80,0x00000000a5880000)
 Metaspace       used 44554K, capacity 45672K, committed 45824K, reserved 1089536K
  class space    used 6009K, capacity 6316K, committed 6400K, reserved 1048576K
Event: 6.492 GC heap after
Heap after GC invocations=12 (full 2):
 PSYoungGen      total 143360K, used 12791K [0x00000000e0000000, 0x00000000ea100000, 0x0000000100000000)
  eden space 130560K, 0% used [0x00000000e0000000,0x00000000e0000000,0x00000000e7f80000)
  from space 12800K, 99% used [0x00000000e9480000,0x00000000ea0fded8,0x00000000ea100000)
  to   space 14336K, 0% used [0x00000000e8500000,0x00000000e8500000,0x00000000e9300000)
 ParOldGen       total 90624K, used 18425K [0x00000000a0000000, 0x00000000a5880000, 0x00000000e0000000)
  object space 90624K, 20% used [0x00000000a0000000,0x00000000a11fe530,0x00000000a5880000)
 Metaspace       used 44554K, capacity 45672K, committed 45824K, reserved 1089536K
  class space    used 6009K, capacity 6316K, committed 6400K, reserved 1048576K
}
Event: 8.111 GC heap before
{Heap before GC invocations=13 (full 2):
 PSYoungGen      total 143360K, used 143351K [0x00000000e0000000, 0x00000000ea100000, 0x0000000100000000)
  eden space 130560K, 100% used [0x00000000e0000000,0x00000000e7f80000,0x00000000e7f80000)
  from space 12800K, 99% used [0x00000000e9480000,0x00000000ea0fded8,0x00000000ea100000)
  to   space 14336K, 0% used [0x00000000e8500000,0x00000000e8500000,0x00000000e9300000)
 ParOldGen       total 90624K, used 18425K [0x00000000a0000000, 0x00000000a5880000, 0x00000000e0000000)
  object space 90624K, 20% used [0x00000000a0000000,0x00000000a11fe530,0x00000000a5880000)
 Metaspace       used 53032K, capacity 54718K, committed 54912K, reserved 1095680K
  class space    used 7289K, capacity 7705K, committed 7808K, reserved 1048576K
Event: 8.131 GC heap after
Heap after GC invocations=13 (full 2):
 PSYoungGen      total 150528K, used 14326K [0x00000000e0000000, 0x00000000ec680000, 0x0000000100000000)
  eden space 136192K, 0% used [0x00000000e0000000,0x00000000e0000000,0x00000000e8500000)
  from space 14336K, 99% used [0x00000000e8500000,0x00000000e92fdbf8,0x00000000e9300000)
  to   space 18432K, 0% used [0x00000000eb480000,0x00000000eb480000,0x00000000ec680000)
 ParOldGen       total 90624K, used 24517K [0x00000000a0000000, 0x00000000a5880000, 0x00000000e0000000)
  object space 90624K, 27% used [0x00000000a0000000,0x00000000a17f17c8,0x00000000a5880000)
 Metaspace       used 53032K, capacity 54718K, committed 54912K, reserved 1095680K
  class space    used 7289K, capacity 7705K, committed 7808K, reserved 1048576K
}
Event: 9.017 GC heap before
{Heap before GC invocations=14 (full 2):
 PSYoungGen      total 150528K, used 80887K [0x00000000e0000000, 0x00000000ec680000, 0x0000000100000000)
  eden space 136192K, 48% used [0x00000000e0000000,0x00000000e4100230,0x00000000e8500000)
  from space 14336K, 99% used [0x00000000e8500000,0x00000000e92fdbf8,0x00000000e9300000)
  to   space 18432K, 0% used [0x00000000eb480000,0x00000000eb480000,0x00000000ec680000)
 ParOldGen       total 90624K, used 24517K [0x00000000a0000000, 0x00000000a5880000, 0x00000000e0000000)
  object space 90624K, 27% used [0x00000000a0000000,0x00000000a17f17c8,0x00000000a5880000)
 Metaspace       used 57109K, capacity 59022K, committed 59096K, reserved 1099776K
  class space    used 7869K, capacity 8337K, committed 8408K, reserved 1048576K
Event: 9.039 GC heap after
Heap after GC invocations=14 (full 2):
 PSYoungGen      total 185344K, used 6554K [0x00000000e0000000, 0x00000000ece00000, 0x0000000100000000)
  eden space 166912K, 0% used [0x00000000e0000000,0x00000000e0000000,0x00000000ea300000)
  from space 18432K, 35% used [0x00000000eb480000,0x00000000ebae6b68,0x00000000ec680000)
  to   space 17920K, 0% used [0x00000000ea300000,0x00000000ea300000,0x00000000eb480000)
 ParOldGen       total 90624K, used 33781K [0x00000000a0000000, 0x00000000a5880000, 0x00000000e0000000)
  object space 90624K, 37% used [0x00000000a0000000,0x00000000a20fd5e8,0x00000000a5880000)
 Metaspace       used 57109K, capacity 59022K, committed 59096K, reserved 1099776K
  class space    used 7869K, capacity 8337K, committed 8408K, reserved 1048576K
}
Event: 9.039 GC heap before
{Heap before GC invocations=15 (full 3):
 PSYoungGen      total 185344K, used 6554K [0x00000000e0000000, 0x00000000ece00000, 0x0000000100000000)
  eden space 166912K, 0% used [0x00000000e0000000,0x00000000e0000000,0x00000000ea300000)
  from space 18432K, 35% used [0x00000000eb480000,0x00000000ebae6b68,0x00000000ec680000)
  to   space 17920K, 0% used [0x00000000ea300000,0x00000000ea300000,0x00000000eb480000)
 ParOldGen       total 90624K, used 33781K [0x00000000a0000000, 0x00000000a5880000, 0x00000000e0000000)
  object space 90624K, 37% used [0x00000000a0000000,0x00000000a20fd5e8,0x00000000a5880000)
 Metaspace       used 57109K, capacity 59022K, committed 59096K, reserved 1099776K
  class space    used 7869K, capacity 8337K, committed 8408K, reserved 1048576K
Event: 9.409 GC heap after
Heap after GC invocations=15 (full 3):
 PSYoungGen      total 185344K, used 0K [0x00000000e0000000, 0x00000000ece00000, 0x0000000100000000)
  eden space 166912K, 0% used [0x00000000e0000000,0x00000000e0000000,0x00000000ea300000)
  from space 18432K, 0% used [0x00000000eb480000,0x00000000eb480000,0x00000000ec680000)
  to   space 17920K, 0% used [0x00000000ea300000,0x00000000ea300000,0x00000000eb480000)
 ParOldGen       total 90624K, used 36022K [0x00000000a0000000, 0x00000000a5880000, 0x00000000e0000000)
  object space 90624K, 39% used [0x00000000a0000000,0x00000000a232da38,0x00000000a5880000)
 Metaspace       used 57109K, capacity 59022K, committed 59096K, reserved 1099776K
  class space    used 7869K, capacity 8337K, committed 8408K, reserved 1048576K
}
Event: 11.592 GC heap before
{Heap before GC invocations=16 (full 3):
 PSYoungGen      total 185344K, used 166912K [0x00000000e0000000, 0x00000000ece00000, 0x0000000100000000)
  eden space 166912K, 100% used [0x00000000e0000000,0x00000000ea300000,0x00000000ea300000)
  from space 18432K, 0% used [0x00000000eb480000,0x00000000eb480000,0x00000000ec680000)
  to   space 17920K, 0% used [0x00000000ea300000,0x00000000ea300000,0x00000000eb480000)
 ParOldGen       total 90624K, used 36022K [0x00000000a0000000, 0x00000000a5880000, 0x00000000e0000000)
  object space 90624K, 39% used [0x00000000a0000000,0x00000000a232da38,0x00000000a5880000)
 Metaspace       used 60871K, capacity 63252K, committed 63448K, reserved 1103872K
  class space    used 8374K, capacity 8888K, committed 8920K, reserved 1048576K
Event: 11.614 GC heap after
Heap after GC invocations=16 (full 3):
 PSYoungGen      total 184832K, used 14337K [0x00000000e0000000, 0x00000000ee380000, 0x0000000100000000)
  eden space 166912K, 0% used [0x00000000e0000000,0x00000000e0000000,0x00000000ea300000)
  from space 17920K, 80% used [0x00000000ea300000,0x00000000eb1005a0,0x00000000eb480000)
  to   space 18944K, 0% used [0x00000000ed100000,0x00000000ed100000,0x00000000ee380000)
 ParOldGen       total 90624K, used 36030K [0x00000000a0000000, 0x00000000a5880000, 0x00000000e0000000)
  object space 90624K, 39% used [0x00000000a0000000,0x00000000a232fa38,0x00000000a5880000)
 Metaspace       used 60871K, capacity 63252K, committed 63448K, reserved 1103872K
  class space    used 8374K, capacity 8888K, committed 8920K, reserved 1048576K
}

Deoptimization events (10 events):
Event: 10.765 Thread 0x0000000019bcc000 Uncommon trap: reason=unstable_if action=reinterpret pc=0x000000000312b440 method=java.util.concurrent.locks.ReentrantLock$Sync.nonfairTryAcquire(I)Z @ 19
Event: 11.265 Thread 0x0000000019919800 Uncommon trap: reason=unstable_if action=reinterpret pc=0x0000000002cc05e8 method=org.gradle.internal.hash.HashCode.equals(Ljava/lang/Object;)Z @ 2
Event: 11.296 Thread 0x0000000019919800 Uncommon trap: reason=unstable_if action=reinterpret pc=0x0000000002f427f0 method=sun.nio.fs.WindowsPathParser.isLetter(C)Z @ 3
Event: 11.363 Thread 0x0000000019919800 Uncommon trap: reason=unstable_if action=reinterpret pc=0x0000000002880ac4 method=sun.nio.cs.UTF_8$Decoder.decode([BII[C)I @ 30
Event: 11.363 Thread 0x0000000019919800 Uncommon trap: reason=unstable_if action=reinterpret pc=0x000000000327069c method=java.lang.StringCoding.safeTrim([CILjava/nio/charset/Charset;Z)[C @ 3
Event: 11.373 Thread 0x0000000019919800 Uncommon trap: reason=unstable_if action=reinterpret pc=0x000000000327326c method=java.lang.StringCoding.safeTrim([CILjava/nio/charset/Charset;Z)[C @ 3
Event: 11.556 Thread 0x0000000019919800 Uncommon trap: reason=speculate_class_check action=maybe_recompile pc=0x0000000002adda18 method=java.util.AbstractList.listIterator()Ljava/util/ListIterator; @ 2
Event: 11.557 Thread 0x0000000019919800 Uncommon trap: reason=speculate_class_check action=maybe_recompile pc=0x0000000002adda18 method=java.util.AbstractList.listIterator()Ljava/util/ListIterator; @ 2
Event: 11.557 Thread 0x0000000019919800 Uncommon trap: reason=speculate_class_check action=maybe_recompile pc=0x0000000002adda18 method=java.util.AbstractList.listIterator()Ljava/util/ListIterator; @ 2
Event: 11.557 Thread 0x0000000019919800 Uncommon trap: reason=speculate_class_check action=maybe_recompile pc=0x0000000002adda18 method=java.util.AbstractList.listIterator()Ljava/util/ListIterator; @ 2

Classes redefined (0 events):
No events

Internal exceptions (10 events):
Event: 10.489 Thread 0x00000000198ea000 Exception <a 'java/lang/NoSuchMethodError': <clinit>> (0x00000000e000e2f0) thrown at [D:\src\AOSP-openjdk-cygwin\jdk8u\hotspot\src\share\vm\prims\jni.cpp, line 1614]
Event: 10.490 Thread 0x00000000198ea000 Exception <a 'java/lang/NoSuchMethodError': <clinit>> (0x00000000e00105c8) thrown at [D:\src\AOSP-openjdk-cygwin\jdk8u\hotspot\src\share\vm\prims\jni.cpp, line 1614]
Event: 10.491 Thread 0x00000000198ea000 Exception <a 'java/lang/NoSuchMethodError': <clinit>> (0x00000000e001c940) thrown at [D:\src\AOSP-openjdk-cygwin\jdk8u\hotspot\src\share\vm\prims\jni.cpp, line 1614]
Event: 10.492 Thread 0x00000000198ea000 Exception <a 'java/lang/NoSuchMethodError': <clinit>> (0x00000000e002b2a8) thrown at [D:\src\AOSP-openjdk-cygwin\jdk8u\hotspot\src\share\vm\prims\jni.cpp, line 1614]
Event: 10.493 Thread 0x00000000198ea000 Exception <a 'java/lang/NoSuchMethodError': <clinit>> (0x00000000e0034010) thrown at [D:\src\AOSP-openjdk-cygwin\jdk8u\hotspot\src\share\vm\prims\jni.cpp, line 1614]
Event: 10.538 Thread 0x00000000198ea000 Exception <a 'java/lang/NoSuchMethodError': <clinit>> (0x00000000e003e9d8) thrown at [D:\src\AOSP-openjdk-cygwin\jdk8u\hotspot\src\share\vm\prims\jni.cpp, line 1614]
Event: 10.543 Thread 0x00000000198ea000 Exception <a 'java/lang/NoSuchMethodError': <clinit>> (0x00000000e0056178) thrown at [D:\src\AOSP-openjdk-cygwin\jdk8u\hotspot\src\share\vm\prims\jni.cpp, line 1614]
Event: 10.543 Thread 0x00000000198ea000 Exception <a 'java/lang/NoSuchMethodError': <clinit>> (0x00000000e0057c90) thrown at [D:\src\AOSP-openjdk-cygwin\jdk8u\hotspot\src\share\vm\prims\jni.cpp, line 1614]
Event: 10.543 Thread 0x00000000198ea000 Exception <a 'java/lang/NoSuchMethodError': <clinit>> (0x00000000e51e0610) thrown at [D:\src\AOSP-openjdk-cygwin\jdk8u\hotspot\src\share\vm\prims\jni.cpp, line 1614]
Event: 10.616 Thread 0x00000000198ea000 Exception <a 'java/lang/NoSuchMethodError': <clinit>> (0x00000000e51ed998) thrown at [D:\src\AOSP-openjdk-cygwin\jdk8u\hotspot\src\share\vm\prims\jni.cpp, line 1614]

Events (10 events):
Event: 11.618 loading class org/gradle/launcher/daemon/registry/PersistentDaemonRegistry$1
Event: 11.618 loading class org/gradle/launcher/daemon/registry/PersistentDaemonRegistry$1 done
Event: 11.618 loading class org/gradle/cache/internal/SimpleStateCache$1
Event: 11.618 loading class org/gradle/cache/internal/SimpleStateCache$1 done
Event: 11.621 loading class org/gradle/launcher/daemon/server/DaemonRegistryUnavailableExpirationStrategy$1
Event: 11.621 loading class org/gradle/launcher/daemon/server/DaemonRegistryUnavailableExpirationStrategy$1 done
Event: 11.622 loading class com/google/common/collect/Lists$TransformingSequentialList$1
Event: 11.622 loading class com/google/common/collect/Lists$TransformingSequentialList$1 done
Event: 11.622 loading class com/google/common/collect/TransformedListIterator
Event: 11.622 loading class com/google/common/collect/TransformedListIterator done


Dynamic libraries:
0x00007ff716450000 - 0x00007ff716481000 	C:\Program Files\Android\Android Studio\jre\bin\java.exe
0x00007ffbba0e0000 - 0x00007ffbba2d0000 	C:\WINDOWS\SYSTEM32\ntdll.dll
0x00007ffbb84c0000 - 0x00007ffbb8572000 	C:\WINDOWS\System32\KERNEL32.DLL
0x00007ffbb7330000 - 0x00007ffbb75d4000 	C:\WINDOWS\System32\KERNELBASE.dll
0x00007ffbb8870000 - 0x00007ffbb8913000 	C:\WINDOWS\System32\ADVAPI32.dll
0x00007ffbb8920000 - 0x00007ffbb89be000 	C:\WINDOWS\System32\msvcrt.dll
0x00007ffbb8400000 - 0x00007ffbb8497000 	C:\WINDOWS\System32\sechost.dll
0x00007ffbb9d20000 - 0x00007ffbb9e40000 	C:\WINDOWS\System32\RPCRT4.dll
0x00007ffbb9480000 - 0x00007ffbb9614000 	C:\WINDOWS\System32\USER32.dll
0x00007ffbb7100000 - 0x00007ffbb7121000 	C:\WINDOWS\System32\win32u.dll
0x00007ffbba040000 - 0x00007ffbba066000 	C:\WINDOWS\System32\GDI32.dll
0x00007ffbb7680000 - 0x00007ffbb7814000 	C:\WINDOWS\System32\gdi32full.dll
0x00007ffbb75e0000 - 0x00007ffbb767e000 	C:\WINDOWS\System32\msvcp_win.dll
0x00007ffbb78f0000 - 0x00007ffbb79ea000 	C:\WINDOWS\System32\ucrtbase.dll
0x00007ffbaa030000 - 0x00007ffbaa2b4000 	C:\WINDOWS\WinSxS\amd64_microsoft.windows.common-controls_6595b64144ccf1df_6.0.18362.836_none_e6c4b943130f18ed\COMCTL32.dll
0x00007ffbb90c0000 - 0x00007ffbb93f6000 	C:\WINDOWS\System32\combase.dll
0x00007ffbb7870000 - 0x00007ffbb78f0000 	C:\WINDOWS\System32\bcryptPrimitives.dll
0x00007ffbba070000 - 0x00007ffbba09e000 	C:\WINDOWS\System32\IMM32.DLL
0x0000000062b20000 - 0x0000000062bf2000 	C:\Program Files\Android\Android Studio\jre\jre\bin\msvcr100.dll
0x0000000062ce0000 - 0x0000000063526000 	C:\Program Files\Android\Android Studio\jre\jre\bin\server\jvm.dll
0x00007ffbb9ef0000 - 0x00007ffbb9ef8000 	C:\WINDOWS\System32\PSAPI.DLL
0x00007ffbb4b50000 - 0x00007ffbb4b74000 	C:\WINDOWS\SYSTEM32\WINMM.dll
0x00007ffba5f00000 - 0x00007ffba5f09000 	C:\WINDOWS\SYSTEM32\WSOCK32.dll
0x00007ffbb9f60000 - 0x00007ffbb9fcf000 	C:\WINDOWS\System32\WS2_32.dll
0x00007ffbb4b20000 - 0x00007ffbb4b4d000 	C:\WINDOWS\SYSTEM32\WINMMBASE.dll
0x00007ffbb7820000 - 0x00007ffbb786a000 	C:\WINDOWS\System32\cfgmgr32.dll
0x00007ffbaa540000 - 0x00007ffbaa54a000 	C:\WINDOWS\SYSTEM32\VERSION.dll
0x00007ffbb3510000 - 0x00007ffbb351f000 	C:\Program Files\Android\Android Studio\jre\jre\bin\verify.dll
0x00007ffbb34e0000 - 0x00007ffbb3509000 	C:\Program Files\Android\Android Studio\jre\jre\bin\java.dll
0x00007ffbb34c0000 - 0x00007ffbb34d6000 	C:\Program Files\Android\Android Studio\jre\jre\bin\zip.dll
0x00007ffbb89d0000 - 0x00007ffbb90b4000 	C:\WINDOWS\System32\SHELL32.dll
0x00007ffbb8730000 - 0x00007ffbb87d9000 	C:\WINDOWS\System32\shcore.dll
0x00007ffbb79f0000 - 0x00007ffbb816e000 	C:\WINDOWS\System32\windows.storage.dll
0x00007ffbb6fb0000 - 0x00007ffbb6fd3000 	C:\WINDOWS\System32\profapi.dll
0x00007ffbb6fe0000 - 0x00007ffbb702a000 	C:\WINDOWS\System32\powrprof.dll
0x00007ffbb6fa0000 - 0x00007ffbb6fb0000 	C:\WINDOWS\System32\UMPDC.dll
0x00007ffbb83a0000 - 0x00007ffbb83f2000 	C:\WINDOWS\System32\shlwapi.dll
0x00007ffbb7030000 - 0x00007ffbb7041000 	C:\WINDOWS\System32\kernel.appcore.dll
0x00007ffbb8170000 - 0x00007ffbb8187000 	C:\WINDOWS\System32\cryptsp.dll
0x00007ffbb04d0000 - 0x00007ffbb04ea000 	C:\Program Files\Android\Android Studio\jre\jre\bin\net.dll
0x00007ffba6e40000 - 0x00007ffba7016000 	C:\WINDOWS\SYSTEM32\urlmon.dll
0x00007ffba7140000 - 0x00007ffba73e6000 	C:\WINDOWS\SYSTEM32\iertutil.dll
0x00007ffbb69e0000 - 0x00007ffbb69ec000 	C:\WINDOWS\SYSTEM32\CRYPTBASE.DLL
0x00007ffbb67b0000 - 0x00007ffbb6817000 	C:\WINDOWS\system32\mswsock.dll
0x00007ffba3b30000 - 0x00007ffba3b43000 	C:\Program Files\Android\Android Studio\jre\jre\bin\nio.dll
0x00007ffb9d2a0000 - 0x00007ffb9d2c6000 	C:\Users\lakshya\.gradle\native\30\windows-amd64\native-platform.dll
0x00007ffbb0060000 - 0x00007ffbb006d000 	C:\Program Files\Android\Android Studio\jre\jre\bin\management.dll
0x00007ffbb6320000 - 0x00007ffbb6353000 	C:\WINDOWS\system32\rsaenh.dll
0x00007ffbb7070000 - 0x00007ffbb7096000 	C:\WINDOWS\System32\bcrypt.dll
0x00007ffbb6ec0000 - 0x00007ffbb6ee5000 	C:\WINDOWS\SYSTEM32\USERENV.dll
0x00007ffbb64c0000 - 0x00007ffbb64fa000 	C:\WINDOWS\SYSTEM32\IPHLPAPI.DLL
0x00007ffbb89c0000 - 0x00007ffbb89c8000 	C:\WINDOWS\System32\NSI.dll
0x00007ffbae1f0000 - 0x00007ffbae206000 	C:\WINDOWS\SYSTEM32\dhcpcsvc6.DLL
0x00007ffbae420000 - 0x00007ffbae43c000 	C:\WINDOWS\SYSTEM32\dhcpcsvc.DLL
0x00007ffbb6500000 - 0x00007ffbb65cb000 	C:\WINDOWS\SYSTEM32\DNSAPI.dll

VM Arguments:
jvm_args: -Xmx1536m -Dfile.encoding=windows-1252 -Duser.country=US -Duser.language=en -Duser.variant 
java_command: org.gradle.launcher.daemon.bootstrap.GradleDaemon 5.6.4
java_class_path (initial): C:\Users\lakshya\.gradle\wrapper\dists\gradle-5.6.4-all\ankdp27end7byghfw1q2sw75f\gradle-5.6.4\lib\gradle-launcher-5.6.4.jar
Launcher Type: SUN_STANDARD

Environment Variables:
PATH=C:\Program Files (x86)\Intel\iCLS Client\;C:\Program Files\Java\jdk1.8.0_161\bin;C:\Program Files\Intel\iCLS Client\;C:\WINDOWS\system32;C:\WINDOWS;C:\WINDOWS\System32\Wbem;C:\WINDOWS\System32\WindowsPowerShell\v1.0\;;C:\WINDOWS\System32\OpenSSH\;C:\Program Files (x86)\Intel\Intel(R) Management Engine Components\DAL;C:\Program Files\Intel\Intel(R) Management Engine Components\DAL;C:\Program Files (x86)\Intel\Intel(R) Management Engine Components\IPT;C:\Program Files\Intel\Intel(R) Management Engine Components\IPT;C:\Users\lakshya\Anaconda3;C:\Users\lakshya\Anaconda3\Library\mingw-w64\bin;C:\Users\lakshya\Anaconda3\Library\usr\bin;C:\Users\lakshya\Anaconda3\Library\bin;C:\Users\lakshya\Anaconda3\Scripts;C:\Users\lakshya\AppData\Local\Microsoft\WindowsApps
USERNAME=lakshya
OS=Windows_NT
PROCESSOR_IDENTIFIER=Intel64 Family 6 Model 142 Stepping 9, GenuineIntel



---------------  S Y S T E M  ---------------

OS: Windows 10.0 , 64 bit Build 18362 (10.0.18362.778)

CPU:total 4 (initial active 4) (2 cores per cpu, 2 threads per core) family 6 model 142 stepping 9, cmov, cx8, fxsr, mmx, sse, sse2, sse3, ssse3, sse4.1, sse4.2, popcnt, avx, avx2, aes, clmul, erms, 3dnowpref, lzcnt, ht, tsc, tscinvbit, bmi1, bmi2, adx

Memory: 4k page, physical 8255088k(1108656k free), swap 8255088k(5156k free)

vm_info: OpenJDK 64-Bit Server VM (25.212-b04) for windows-amd64 JRE (1.8.0_212-release-1586-b04), built by "builder" with MS VC++ 10.0 (VS2010)

time: Fri May 29 23:42:28 2020
timezone: India Standard Time
elapsed time: 11 seconds (0d 0h 0m 11s)

