#
# There is insufficient memory for the Java Runtime Environment to continue.
# Native memory allocation (malloc) failed to allocate 1048592 bytes for Chunk::new
# Possible reasons:
#   The system is out of physical RAM or swap space
#   The process is running with CompressedOops enabled, and the Java Heap may be blocking the growth of the native heap
# Possible solutions:
#   Reduce memory load on the system
#   Increase physical memory or swap space
#   Check if swap backing store is full
#   Decrease Java heap size (-Xmx/-Xms)
#   Decrease number of Java threads
#   Decrease Java thread stack sizes (-Xss)
#   Set larger code cache with -XX:ReservedCodeCacheSize=
#   JVM is running with Unscaled Compressed Oops mode in which the Java heap is
#     placed in the first 4GB address space. The Java Heap base address is the
#     maximum limit for the native heap growth. Please use -XX:HeapBaseMinAddress
#     to set the Java Heap base and to place the Java Heap above 4GB virtual address.
# This output file may be truncated or incomplete.
#
#  Out of Memory Error (allocation.cpp:389), pid=8476, tid=0x0000000000003a00
#
# JRE version: OpenJDK Runtime Environment (8.0_212-b04) (build 1.8.0_212-release-1586-b04)
# Java VM: OpenJDK 64-Bit Server VM (25.212-b04 mixed mode windows-amd64 compressed oops)
# Failed to write core dump. Minidumps are not enabled by default on client versions of Windows
#

---------------  T H R E A D  ---------------

Current thread (0x0000000016859800):  JavaThread "C2 CompilerThread0" daemon [_thread_in_native, id=14848, stack(0x0000000017ec0000,0x0000000017fc0000)]

Stack: [0x0000000017ec0000,0x0000000017fc0000]
[error occurred during error reporting (printing stack bounds), id 0xc0000005]

Native frames: (J=compiled Java code, j=interpreted, Vv=VM code, C=native code)


Current CompileTask:
C2: 499198 16228   !   4       java.nio.file.Files::walkFileTree (355 bytes)


---------------  P R O C E S S  ---------------

Java Threads: ( => current thread )
  0x000000001cec7000 JavaThread "Cache worker for execution history cache (C:\Users\lakshya\AndroidStudioProjects\Notes\.gradle\5.6.4\executionHistory)" [_thread_blocked, id=3968, stack(0x00000000246b0000,0x00000000247b0000)]
  0x000000001cebd000 JavaThread "Execution worker for ':' Thread 3" [_thread_blocked, id=14460, stack(0x00000000245b0000,0x00000000246b0000)]
  0x000000001cebe000 JavaThread "Execution worker for ':' Thread 2" [_thread_in_vm, id=8164, stack(0x00000000242b0000,0x00000000243b0000)]
  0x000000001cec4000 JavaThread "Execution worker for ':'" [_thread_blocked, id=2988, stack(0x0000000023db0000,0x0000000023eb0000)]
  0x000000001cec2800 JavaThread "Cache worker for file content cache (C:\Users\lakshya\AndroidStudioProjects\Notes\.gradle\5.6.4\fileContent)" [_thread_blocked, id=7024, stack(0x00000000238b0000,0x00000000239b0000)]
  0x000000001cebc800 JavaThread "Cache worker for Build Output Cleanup Cache (C:\Users\lakshya\AndroidStudioProjects\Notes\.gradle\buildOutputCleanup)" [_thread_blocked, id=15044, stack(0x000000001f5b0000,0x000000001f6b0000)]
  0x000000001cec1800 JavaThread "Build operations Thread 4" [_thread_blocked, id=13680, stack(0x000000001eeb0000,0x000000001efb0000)]
  0x000000001cf7e800 JavaThread "Build operations Thread 3" [_thread_blocked, id=12604, stack(0x000000001edb0000,0x000000001eeb0000)]
  0x000000001cf7d000 JavaThread "Build operations Thread 2" [_thread_blocked, id=3872, stack(0x000000001e7b0000,0x000000001e8b0000)]
  0x000000001cf7d800 JavaThread "Build operations" [_thread_blocked, id=4628, stack(0x000000001e6b0000,0x000000001e7b0000)]
  0x000000001cf7b800 JavaThread "Cache worker for cache directory md-rule (C:\Users\lakshya\.gradle\caches\5.6.4\md-rule)" [_thread_blocked, id=12500, stack(0x000000001d9b0000,0x000000001dab0000)]
  0x000000001cf74000 JavaThread "Cache worker for cache directory md-supplier (C:\Users\lakshya\.gradle\caches\5.6.4\md-supplier)" [_thread_blocked, id=11464, stack(0x000000001c0e0000,0x000000001c1e0000)]
  0x000000001cf7a800 JavaThread "Cache worker for file hash cache (C:\Users\lakshya\AndroidStudioProjects\Notes\.gradle\5.6.4\fileHashes)" [_thread_blocked, id=5156, stack(0x000000001bee0000,0x000000001bfe0000)]
  0x000000001cf75800 JavaThread "Thread-43" [_thread_in_native, id=12000, stack(0x000000001bde0000,0x000000001bee0000)]
  0x000000001cf77800 JavaThread "Stdin handler" [_thread_blocked, id=12780, stack(0x000000001bce0000,0x000000001bde0000)]
  0x000000001cf73000 JavaThread "Asynchronous log dispatcher for DefaultDaemonConnection: socket connection from /127.0.0.1:65240 to /127.0.0.1:65384" [_thread_blocked, id=3644, stack(0x000000001b9e0000,0x000000001bae0000)]
  0x000000001cf78800 JavaThread "Daemon worker Thread 2" [_thread_blocked, id=14276, stack(0x000000001b8e0000,0x000000001b9e0000)]
  0x000000001cf76000 JavaThread "Cancel handler" [_thread_blocked, id=11252, stack(0x0000000001300000,0x0000000001400000)]
  0x000000001cf7a000 JavaThread "Handler for socket connection from /127.0.0.1:65240 to /127.0.0.1:65384" [_thread_in_native, id=7252, stack(0x0000000001200000,0x0000000001300000)]
  0x000000001cf72800 JavaThread "Daemon Thread 2" [_thread_blocked, id=7120, stack(0x0000000001100000,0x0000000001200000)]
  0x000000001cf7f000 JavaThread "Cache worker for Java compile cache (C:\Users\lakshya\.gradle\caches\5.6.4\javaCompile)" [_thread_blocked, id=1608, stack(0x000000001bfe0000,0x000000001c0e0000)]
  0x000000001cf79000 JavaThread "MarlinRenderer Disposer" daemon [_thread_blocked, id=12860, stack(0x0000000026110000,0x0000000026210000)]
  0x000000001cf77000 JavaThread "Java2D Disposer" daemon [_thread_blocked, id=9144, stack(0x0000000025f10000,0x0000000026010000)]
  0x000000001cec3000 JavaThread "Cache worker for file content cache (C:\Users\lakshya\.gradle\caches\5.6.4\fileContent)" [_thread_blocked, id=9056, stack(0x00000000237b0000,0x00000000238b0000)]
  0x000000001cec1000 JavaThread "Memory manager" [_thread_blocked, id=4120, stack(0x00000000224f0000,0x00000000225f0000)]
  0x000000001cec0000 JavaThread "Cache worker for execution history cache (C:\Users\lakshya\.gradle\caches\5.6.4\executionHistory)" [_thread_blocked, id=6712, stack(0x000000001e8b0000,0x000000001e9b0000)]
  0x0000000019c81000 JavaThread "Cache worker for journal cache (C:\Users\lakshya\.gradle\caches\journal-1)" [_thread_blocked, id=12652, stack(0x000000001c5e0000,0x000000001c6e0000)]
  0x0000000019c81800 JavaThread "File lock request listener" [_thread_in_native, id=14988, stack(0x000000001c4e0000,0x000000001c5e0000)]
  0x0000000019c88000 JavaThread "Cache worker for file hash cache (C:\Users\lakshya\.gradle\caches\5.6.4\fileHashes)" [_thread_blocked, id=12848, stack(0x000000001c3e0000,0x000000001c4e0000)]
  0x0000000019347800 JavaThread "Daemon periodic checks" [_thread_blocked, id=3052, stack(0x000000001b7e0000,0x000000001b8e0000)]
  0x0000000019346800 JavaThread "Incoming local TCP Connector on port 65240" [_thread_in_native, id=9600, stack(0x000000001b5a0000,0x000000001b6a0000)]
  0x0000000019f86000 JavaThread "Daemon health stats" [_thread_blocked, id=14812, stack(0x000000001af60000,0x000000001b060000)]
  0x00000000168be000 JavaThread "Service Thread" daemon [_thread_blocked, id=16240, stack(0x00000000185c0000,0x00000000186c0000)]
  0x000000001688c800 JavaThread "C1 CompilerThread2" daemon [_thread_blocked, id=12380, stack(0x00000000180c0000,0x00000000181c0000)]
  0x000000001685d000 JavaThread "C2 CompilerThread1" daemon [_thread_in_vm, id=8888, stack(0x0000000017fc0000,0x00000000180c0000)]
=>0x0000000016859800 JavaThread "C2 CompilerThread0" daemon [_thread_in_native, id=14848, stack(0x0000000017ec0000,0x0000000017fc0000)]
  0x0000000016867800 JavaThread "Attach Listener" daemon [_thread_blocked, id=4448, stack(0x0000000017dc0000,0x0000000017ec0000)]
  0x0000000016866000 JavaThread "Signal Dispatcher" daemon [_thread_blocked, id=11648, stack(0x0000000017cc0000,0x0000000017dc0000)]
  0x0000000002eec000 JavaThread "Finalizer" daemon [_thread_blocked, id=11784, stack(0x0000000017ac0000,0x0000000017bc0000)]
  0x0000000016849000 JavaThread "Reference Handler" daemon [_thread_blocked, id=11256, stack(0x00000000179c0000,0x0000000017ac0000)]
  0x0000000002dee800 JavaThread "main" [_thread_blocked, id=1392, stack(0x0000000002c70000,0x0000000002d70000)]

Other Threads:
  0x0000000016826000 VMThread [stack: 0x00000000178c0000,0x00000000179c0000] [id=7448]
  0x00000000181e1000 WatcherThread [stack: 0x00000000186c0000,0x00000000187c0000] [id=4232]

VM state:not at safepoint (normal execution)

VM Mutex/Monitor currently owned by a thread: None

heap address: 0x00000000a0000000, size: 1536 MB, Compressed Oops mode: 32-bit
Narrow klass base: 0x0000000000000000, Narrow klass shift: 3
Compressed class space size: 1073741824 Address: 0x0000000100000000

Heap:
 PSYoungGen      total 222208K, used 95423K [0x00000000e0000000, 0x00000000f1600000, 0x0000000100000000)
  eden space 167936K, 56% used [0x00000000e0000000,0x00000000e5d2fd20,0x00000000ea400000)
  from space 54272K, 0% used [0x00000000edd00000,0x00000000edd00000,0x00000000f1200000)
  to   space 58368K, 0% used [0x00000000ea400000,0x00000000ea400000,0x00000000edd00000)
 ParOldGen       total 221184K, used 68412K [0x00000000a0000000, 0x00000000ad800000, 0x00000000e0000000)
  object space 221184K, 30% used [0x00000000a0000000,0x00000000a42cf378,0x00000000ad800000)
 Metaspace       used 94288K, capacity 97840K, committed 98840K, reserved 1134592K
  class space    used 12306K, capacity 13052K, committed 13336K, reserved 1048576K

Card table byte_map: [0x00000000122b0000,0x00000000125c0000] byte_map_base: 0x0000000011db0000

Marking Bits: (ParMarkBitMap*) 0x0000000058f09f30
 Begin Bits: [0x0000000012bc0000, 0x00000000143c0000)
 End Bits:   [0x00000000143c0000, 0x0000000015bc0000)

Polling page: 0x0000000000be0000

CodeCache: size=245760Kb used=44741Kb max_used=44760Kb free=201018Kb
 bounds [0x0000000002ef0000, 0x0000000005af0000, 0x0000000011ef0000]
 total_blobs=14391 nmethods=13376 adapters=927
 compilation: enabled

Compilation events (10 events):
Event: 499.096 Thread 0x000000001688c800 16290       3       org.gradle.internal.component.external.model.AbstractModuleComponentResolveMetadata::getStatus (16 bytes)
Event: 499.097 Thread 0x000000001688c800 nmethod 16290 0x000000000388da50 code [0x000000000388dbc0, 0x000000000388dec8]
Event: 499.125 Thread 0x000000001688c800 16293       1       org.gradle.internal.execution.history.changes.IncrementalInputProperties$1::incrementalChanges (4 bytes)
Event: 499.126 Thread 0x000000001688c800 nmethod 16293 0x00000000037549d0 code [0x0000000003754b20, 0x0000000003754c30]
Event: 499.132 Thread 0x000000001688c800 16294       1       org.gradle.internal.classloader.ClassLoaderVisitor::visitSpec (1 bytes)
Event: 499.132 Thread 0x000000001688c800 nmethod 16294 0x0000000003984750 code [0x00000000039848a0, 0x00000000039849b0]
Event: 499.146 Thread 0x000000001685d000 nmethod 16279 0x0000000005ad8810 code [0x0000000005ad8c80, 0x0000000005adc8c0]
Event: 499.147 Thread 0x000000001685d000 16286       4       java.nio.Buffer::limit (62 bytes)
Event: 499.148 Thread 0x000000001685d000 nmethod 16286 0x0000000005ac7710 code [0x0000000005ac7840, 0x0000000005ac7918]
Event: 499.149 Thread 0x000000001685d000 16282   !   4       org.gradle.cache.internal.LockOnDemandCrossProcessCacheAccess::withFileLock (24 bytes)

GC Heap History (10 events):
Event: 86.979 GC heap before
{Heap before GC invocations=24 (full 3):
 PSYoungGen      total 158720K, used 157216K [0x00000000e0000000, 0x00000000ec400000, 0x0000000100000000)
  eden space 126976K, 100% used [0x00000000e0000000,0x00000000e7c00000,0x00000000e7c00000)
  from space 31744K, 95% used [0x00000000e9f00000,0x00000000ebc88278,0x00000000ebe00000)
  to   space 35840K, 0% used [0x00000000e7c00000,0x00000000e7c00000,0x00000000e9f00000)
 ParOldGen       total 150016K, used 52208K [0x00000000a0000000, 0x00000000a9280000, 0x00000000e0000000)
  object space 150016K, 34% used [0x00000000a0000000,0x00000000a32fc150,0x00000000a9280000)
 Metaspace       used 73585K, capacity 76222K, committed 76568K, reserved 1116160K
  class space    used 9831K, capacity 10407K, committed 10520K, reserved 1048576K
Event: 87.020 GC heap after
Heap after GC invocations=24 (full 3):
 PSYoungGen      total 162816K, used 35839K [0x00000000e0000000, 0x00000000ee400000, 0x0000000100000000)
  eden space 126976K, 0% used [0x00000000e0000000,0x00000000e0000000,0x00000000e7c00000)
  from space 35840K, 99% used [0x00000000e7c00000,0x00000000e9effc70,0x00000000e9f00000)
  to   space 43008K, 0% used [0x00000000eba00000,0x00000000eba00000,0x00000000ee400000)
 ParOldGen       total 150016K, used 56760K [0x00000000a0000000, 0x00000000a9280000, 0x00000000e0000000)
  object space 150016K, 37% used [0x00000000a0000000,0x00000000a376e0f8,0x00000000a9280000)
 Metaspace       used 73585K, capacity 76222K, committed 76568K, reserved 1116160K
  class space    used 9831K, capacity 10407K, committed 10520K, reserved 1048576K
}
Event: 92.659 GC heap before
{Heap before GC invocations=25 (full 3):
 PSYoungGen      total 162816K, used 162815K [0x00000000e0000000, 0x00000000ee400000, 0x0000000100000000)
  eden space 126976K, 100% used [0x00000000e0000000,0x00000000e7c00000,0x00000000e7c00000)
  from space 35840K, 99% used [0x00000000e7c00000,0x00000000e9effc70,0x00000000e9f00000)
  to   space 43008K, 0% used [0x00000000eba00000,0x00000000eba00000,0x00000000ee400000)
 ParOldGen       total 150016K, used 56760K [0x00000000a0000000, 0x00000000a9280000, 0x00000000e0000000)
  object space 150016K, 37% used [0x00000000a0000000,0x00000000a376e0f8,0x00000000a9280000)
 Metaspace       used 78886K, capacity 81584K, committed 81688K, reserved 1120256K
  class space    used 10423K, capacity 11018K, committed 11032K, reserved 1048576K
Event: 92.738 GC heap after
Heap after GC invocations=25 (full 3):
 PSYoungGen      total 184832K, used 40122K [0x00000000e0000000, 0x00000000ef180000, 0x0000000100000000)
  eden space 141824K, 0% used [0x00000000e0000000,0x00000000e0000000,0x00000000e8a80000)
  from space 43008K, 93% used [0x00000000eba00000,0x00000000ee12e978,0x00000000ee400000)
  to   space 48640K, 0% used [0x00000000e8a80000,0x00000000e8a80000,0x00000000eba00000)
 ParOldGen       total 150016K, used 56768K [0x00000000a0000000, 0x00000000a9280000, 0x00000000e0000000)
  object space 150016K, 37% used [0x00000000a0000000,0x00000000a37700f8,0x00000000a9280000)
 Metaspace       used 78886K, capacity 81584K, committed 81688K, reserved 1120256K
  class space    used 10423K, capacity 11018K, committed 11032K, reserved 1048576K
}
Event: 95.673 GC heap before
{Heap before GC invocations=26 (full 3):
 PSYoungGen      total 184832K, used 181946K [0x00000000e0000000, 0x00000000ef180000, 0x0000000100000000)
  eden space 141824K, 100% used [0x00000000e0000000,0x00000000e8a80000,0x00000000e8a80000)
  from space 43008K, 93% used [0x00000000eba00000,0x00000000ee12e978,0x00000000ee400000)
  to   space 48640K, 0% used [0x00000000e8a80000,0x00000000e8a80000,0x00000000eba00000)
 ParOldGen       total 150016K, used 56768K [0x00000000a0000000, 0x00000000a9280000, 0x00000000e0000000)
  object space 150016K, 37% used [0x00000000a0000000,0x00000000a37700f8,0x00000000a9280000)
 Metaspace       used 87172K, capacity 90780K, committed 90904K, reserved 1128448K
  class space    used 11539K, capacity 12244K, committed 12312K, reserved 1048576K
Event: 95.742 GC heap after
Heap after GC invocations=26 (full 3):
 PSYoungGen      total 190464K, used 42085K [0x00000000e0000000, 0x00000000f1200000, 0x0000000100000000)
  eden space 141824K, 0% used [0x00000000e0000000,0x00000000e0000000,0x00000000e8a80000)
  from space 48640K, 86% used [0x00000000e8a80000,0x00000000eb3997d8,0x00000000eba00000)
  to   space 54272K, 0% used [0x00000000edd00000,0x00000000edd00000,0x00000000f1200000)
 ParOldGen       total 150016K, used 56784K [0x00000000a0000000, 0x00000000a9280000, 0x00000000e0000000)
  object space 150016K, 37% used [0x00000000a0000000,0x00000000a37740f8,0x00000000a9280000)
 Metaspace       used 87172K, capacity 90780K, committed 90904K, reserved 1128448K
  class space    used 11539K, capacity 12244K, committed 12312K, reserved 1048576K
}
Event: 496.940 GC heap before
{Heap before GC invocations=27 (full 3):
 PSYoungGen      total 190464K, used 176510K [0x00000000e0000000, 0x00000000f1200000, 0x0000000100000000)
  eden space 141824K, 94% used [0x00000000e0000000,0x00000000e8346260,0x00000000e8a80000)
  from space 48640K, 86% used [0x00000000e8a80000,0x00000000eb3997d8,0x00000000eba00000)
  to   space 54272K, 0% used [0x00000000edd00000,0x00000000edd00000,0x00000000f1200000)
 ParOldGen       total 150016K, used 56784K [0x00000000a0000000, 0x00000000a9280000, 0x00000000e0000000)
  object space 150016K, 37% used [0x00000000a0000000,0x00000000a37740f8,0x00000000a9280000)
 Metaspace       used 94362K, capacity 98406K, committed 98584K, reserved 1134592K
  class space    used 12418K, capacity 13247K, committed 13336K, reserved 1048576K
Event: 497.000 GC heap after
Heap after GC invocations=27 (full 3):
 PSYoungGen      total 222208K, used 41928K [0x00000000e0000000, 0x00000000f1600000, 0x0000000100000000)
  eden space 167936K, 0% used [0x00000000e0000000,0x00000000e0000000,0x00000000ea400000)
  from space 54272K, 77% used [0x00000000edd00000,0x00000000f05f21a8,0x00000000f1200000)
  to   space 58368K, 0% used [0x00000000ea400000,0x00000000ea400000,0x00000000edd00000)
 ParOldGen       total 150016K, used 56792K [0x00000000a0000000, 0x00000000a9280000, 0x00000000e0000000)
  object space 150016K, 37% used [0x00000000a0000000,0x00000000a37760f8,0x00000000a9280000)
 Metaspace       used 94362K, capacity 98406K, committed 98584K, reserved 1134592K
  class space    used 12418K, capacity 13247K, committed 13336K, reserved 1048576K
}
Event: 497.000 GC heap before
{Heap before GC invocations=28 (full 4):
 PSYoungGen      total 222208K, used 41928K [0x00000000e0000000, 0x00000000f1600000, 0x0000000100000000)
  eden space 167936K, 0% used [0x00000000e0000000,0x00000000e0000000,0x00000000ea400000)
  from space 54272K, 77% used [0x00000000edd00000,0x00000000f05f21a8,0x00000000f1200000)
  to   space 58368K, 0% used [0x00000000ea400000,0x00000000ea400000,0x00000000edd00000)
 ParOldGen       total 150016K, used 56792K [0x00000000a0000000, 0x00000000a9280000, 0x00000000e0000000)
  object space 150016K, 37% used [0x00000000a0000000,0x00000000a37760f8,0x00000000a9280000)
 Metaspace       used 94362K, capacity 98406K, committed 98584K, reserved 1134592K
  class space    used 12418K, capacity 13247K, committed 13336K, reserved 1048576K
Event: 497.290 GC heap after
Heap after GC invocations=28 (full 4):
 PSYoungGen      total 222208K, used 0K [0x00000000e0000000, 0x00000000f1600000, 0x0000000100000000)
  eden space 167936K, 0% used [0x00000000e0000000,0x00000000e0000000,0x00000000ea400000)
  from space 54272K, 0% used [0x00000000edd00000,0x00000000edd00000,0x00000000f1200000)
  to   space 58368K, 0% used [0x00000000ea400000,0x00000000ea400000,0x00000000edd00000)
 ParOldGen       total 221184K, used 68412K [0x00000000a0000000, 0x00000000ad800000, 0x00000000e0000000)
  object space 221184K, 30% used [0x00000000a0000000,0x00000000a42cf378,0x00000000ad800000)
 Metaspace       used 94030K, capacity 97536K, committed 98584K, reserved 1134592K
  class space    used 12303K, capacity 13046K, committed 13336K, reserved 1048576K
}

Deoptimization events (10 events):
Event: 497.291 Thread 0x0000000016849000 Uncommon trap: reason=unstable_if action=reinterpret pc=0x0000000003c1aeb8 method=java.lang.ref.Reference.tryHandlePending(Z)Z @ 20
Event: 497.721 Thread 0x000000001cec4000 Uncommon trap: reason=unstable_if action=reinterpret pc=0x00000000048d0d34 method=com.google.common.collect.MapMakerInternalMap$Segment.getEntry(Ljava/lang/Object;I)Lcom/google/common/collect/MapMakerInternalMap$InternalEntry; @ 40
Event: 497.722 Thread 0x000000001cec4000 Uncommon trap: reason=unstable_if action=reinterpret pc=0x00000000032e3798 method=com.google.common.collect.MapMakerInternalMap$Segment.getEntry(Ljava/lang/Object;I)Lcom/google/common/collect/MapMakerInternalMap$InternalEntry; @ 40
Event: 497.767 Thread 0x000000001cebe000 Uncommon trap: reason=unstable_if action=reinterpret pc=0x0000000003100590 method=java.util.concurrent.ConcurrentLinkedQueue.offer(Ljava/lang/Object;)Z @ 40
Event: 498.120 Thread 0x000000001cec4000 Uncommon trap: reason=unstable_if action=reinterpret pc=0x0000000004c9ea54 method=java.util.concurrent.ConcurrentLinkedQueue.offer(Ljava/lang/Object;)Z @ 91
Event: 498.129 Thread 0x000000001cec4000 Uncommon trap: reason=unstable_if action=reinterpret pc=0x000000000368f1c4 method=java.util.concurrent.locks.LockSupport.unpark(Ljava/lang/Thread;)V @ 1
Event: 498.946 Thread 0x000000001cf78800 Uncommon trap: reason=class_check action=maybe_recompile pc=0x0000000005aca084 method=java.util.stream.Sink$ChainedReference.<init>(Ljava/util/stream/Sink;)V @ 9
Event: 498.946 Thread 0x000000001cf78800 Uncommon trap: reason=class_check action=maybe_recompile pc=0x0000000005aca084 method=java.util.stream.Sink$ChainedReference.<init>(Ljava/util/stream/Sink;)V @ 9
Event: 498.946 Thread 0x000000001cf78800 Uncommon trap: reason=class_check action=maybe_recompile pc=0x0000000005aca084 method=java.util.stream.Sink$ChainedReference.<init>(Ljava/util/stream/Sink;)V @ 9
Event: 498.946 Thread 0x000000001cf78800 Uncommon trap: reason=class_check action=maybe_recompile pc=0x0000000005aca084 method=java.util.stream.Sink$ChainedReference.<init>(Ljava/util/stream/Sink;)V @ 9

Classes redefined (0 events):
No events

Internal exceptions (10 events):
Event: 98.961 Thread 0x0000000018c4a800 Implicit null exception at 0x0000000005229e07 to 0x000000000522c5d1
Event: 99.279 Thread 0x0000000018321000 Exception <a 'java/lang/NoSuchMethodError': <clinit>> (0x00000000e63ba508) thrown at [D:\src\AOSP-openjdk-cygwin\jdk8u\hotspot\src\share\vm\prims\jni.cpp, line 1614]
Event: 99.281 Thread 0x0000000018321000 Exception <a 'java/lang/NoSuchMethodError': <clinit>> (0x00000000e63c5ab8) thrown at [D:\src\AOSP-openjdk-cygwin\jdk8u\hotspot\src\share\vm\prims\jni.cpp, line 1614]
Event: 99.283 Thread 0x0000000018321000 Exception <a 'java/lang/NoSuchMethodError': <clinit>> (0x00000000e63d0300) thrown at [D:\src\AOSP-openjdk-cygwin\jdk8u\hotspot\src\share\vm\prims\jni.cpp, line 1614]
Event: 99.301 Thread 0x0000000018321000 Exception <a 'java/lang/NoSuchMethodError': <clinit>> (0x00000000e63ea310) thrown at [D:\src\AOSP-openjdk-cygwin\jdk8u\hotspot\src\share\vm\prims\jni.cpp, line 1614]
Event: 99.314 Thread 0x0000000018321000 Exception <a 'java/lang/NoSuchMethodError': <clinit>> (0x00000000e63faf30) thrown at [D:\src\AOSP-openjdk-cygwin\jdk8u\hotspot\src\share\vm\prims\jni.cpp, line 1614]
Event: 496.562 Thread 0x000000001cf78800 Implicit null exception at 0x000000000525755e to 0x0000000005258589
Event: 496.562 Thread 0x000000001cf78800 Implicit null exception at 0x0000000004ef2195 to 0x0000000004ef6f75
Event: 497.721 Thread 0x000000001cec4000 Implicit null exception at 0x00000000048ce9fa to 0x00000000048d0d09
Event: 497.722 Thread 0x000000001cec4000 Implicit null exception at 0x00000000032e33cb to 0x00000000032e3765

Events (10 events):
Event: 499.092 Executing VM operation: RevokeBias done
Event: 499.092 Thread 0x000000001688c800 flushing nmethod 0x00000000032fa690
Event: 499.093 Thread 0x000000001688c800 flushing nmethod 0x0000000003440610
Event: 499.094 Thread 0x000000001688c800 flushing nmethod 0x00000000037549d0
Event: 499.095 Thread 0x000000001688c800 flushing nmethod 0x000000000388da50
Event: 499.096 Thread 0x000000001688c800 flushing nmethod 0x0000000003984750
Event: 499.096 Thread 0x000000001688c800 flushing nmethod 0x00000000039a6ed0
Event: 499.146 Thread 0x000000001685d000 flushing nmethod 0x0000000004375810
Event: 499.148 Thread 0x000000001685d000 flushing nmethod 0x00000000044da450
Event: 499.149 Thread 0x000000001685d000 flushing nmethod 0x00000000047a5810


Dynamic libraries:
0x00007ff698e00000 - 0x00007ff698e31000 	C:\Program Files\Android\Android Studio\jre\bin\java.exe
0x00007ff93bf80000 - 0x00007ff93c170000 	C:\WINDOWS\SYSTEM32\ntdll.dll
0x00007ff93be80000 - 0x00007ff93bf32000 	C:\WINDOWS\System32\KERNEL32.DLL
0x00007ff938f80000 - 0x00007ff939224000 	C:\WINDOWS\System32\KERNELBASE.dll
0x00007ff93b0b0000 - 0x00007ff93b153000 	C:\WINDOWS\System32\ADVAPI32.dll
0x00007ff93af20000 - 0x00007ff93afbe000 	C:\WINDOWS\System32\msvcrt.dll
0x00007ff93b7b0000 - 0x00007ff93b847000 	C:\WINDOWS\System32\sechost.dll
0x00007ff93a570000 - 0x00007ff93a690000 	C:\WINDOWS\System32\RPCRT4.dll
0x00007ff93b2c0000 - 0x00007ff93b454000 	C:\WINDOWS\System32\USER32.dll
0x00007ff939b10000 - 0x00007ff939b31000 	C:\WINDOWS\System32\win32u.dll
0x00007ff93b5e0000 - 0x00007ff93b606000 	C:\WINDOWS\System32\GDI32.dll
0x00007ff939d90000 - 0x00007ff939f24000 	C:\WINDOWS\System32\gdi32full.dll
0x00007ff939f30000 - 0x00007ff939fce000 	C:\WINDOWS\System32\msvcp_win.dll
0x00007ff939b40000 - 0x00007ff939c3a000 	C:\WINDOWS\System32\ucrtbase.dll
0x00007ff92f050000 - 0x00007ff92f2d4000 	C:\WINDOWS\WinSxS\amd64_microsoft.windows.common-controls_6595b64144ccf1df_6.0.18362.836_none_e6c4b943130f18ed\COMCTL32.dll
0x00007ff93b990000 - 0x00007ff93bcc6000 	C:\WINDOWS\System32\combase.dll
0x00007ff939230000 - 0x00007ff9392b0000 	C:\WINDOWS\System32\bcryptPrimitives.dll
0x00007ff93b460000 - 0x00007ff93b48e000 	C:\WINDOWS\System32\IMM32.DLL
0x0000000058580000 - 0x0000000058652000 	C:\Program Files\Android\Android Studio\jre\jre\bin\msvcr100.dll
0x0000000058740000 - 0x0000000058f86000 	C:\Program Files\Android\Android Studio\jre\jre\bin\server\jvm.dll
0x00007ff93b5d0000 - 0x00007ff93b5d8000 	C:\WINDOWS\System32\PSAPI.DLL
0x00007ff9345b0000 - 0x00007ff9345d4000 	C:\WINDOWS\SYSTEM32\WINMM.dll
0x00007ff934500000 - 0x00007ff93452d000 	C:\WINDOWS\SYSTEM32\WINMMBASE.dll
0x00007ff938f10000 - 0x00007ff938f5a000 	C:\WINDOWS\System32\cfgmgr32.dll
0x00007ff927fd0000 - 0x00007ff927fd9000 	C:\WINDOWS\SYSTEM32\WSOCK32.dll
0x00007ff92f400000 - 0x00007ff92f40a000 	C:\WINDOWS\SYSTEM32\VERSION.dll
0x00007ff93a690000 - 0x00007ff93a6ff000 	C:\WINDOWS\System32\WS2_32.dll
0x00007ff9258d0000 - 0x00007ff9258df000 	C:\Program Files\Android\Android Studio\jre\jre\bin\verify.dll
0x00007ff912db0000 - 0x00007ff912dd9000 	C:\Program Files\Android\Android Studio\jre\jre\bin\java.dll
0x00007ff91fbf0000 - 0x00007ff91fc06000 	C:\Program Files\Android\Android Studio\jre\jre\bin\zip.dll
0x00007ff93a700000 - 0x00007ff93ade4000 	C:\WINDOWS\System32\SHELL32.dll
0x00007ff93b6a0000 - 0x00007ff93b749000 	C:\WINDOWS\System32\shcore.dll
0x00007ff9392b0000 - 0x00007ff939a2e000 	C:\WINDOWS\System32\windows.storage.dll
0x00007ff938e50000 - 0x00007ff938e73000 	C:\WINDOWS\System32\profapi.dll
0x00007ff938e80000 - 0x00007ff938eca000 	C:\WINDOWS\System32\powrprof.dll
0x00007ff938e40000 - 0x00007ff938e50000 	C:\WINDOWS\System32\UMPDC.dll
0x00007ff93a030000 - 0x00007ff93a082000 	C:\WINDOWS\System32\shlwapi.dll
0x00007ff938ef0000 - 0x00007ff938f01000 	C:\WINDOWS\System32\kernel.appcore.dll
0x00007ff938f60000 - 0x00007ff938f77000 	C:\WINDOWS\System32\cryptsp.dll
0x00007ff91f590000 - 0x00007ff91f5aa000 	C:\Program Files\Android\Android Studio\jre\jre\bin\net.dll
0x00007ff92e500000 - 0x00007ff92e6d6000 	C:\WINDOWS\SYSTEM32\urlmon.dll
0x00007ff92b540000 - 0x00007ff92b7e6000 	C:\WINDOWS\SYSTEM32\iertutil.dll
0x00007ff938820000 - 0x00007ff93882c000 	C:\WINDOWS\SYSTEM32\CRYPTBASE.DLL
0x00007ff938650000 - 0x00007ff9386b7000 	C:\WINDOWS\system32\mswsock.dll
0x00007ff91d280000 - 0x00007ff91d293000 	C:\Program Files\Android\Android Studio\jre\jre\bin\nio.dll
0x00007ff926840000 - 0x00007ff926866000 	C:\Users\lakshya\.gradle\native\30\windows-amd64\native-platform.dll
0x00007ff925810000 - 0x00007ff92581d000 	C:\Program Files\Android\Android Studio\jre\jre\bin\management.dll
0x00007ff9381c0000 - 0x00007ff9381f3000 	C:\WINDOWS\system32\rsaenh.dll
0x00007ff939a30000 - 0x00007ff939a56000 	C:\WINDOWS\System32\bcrypt.dll
0x00007ff938d60000 - 0x00007ff938d85000 	C:\WINDOWS\SYSTEM32\USERENV.dll
0x00007ff938360000 - 0x00007ff93839a000 	C:\WINDOWS\SYSTEM32\IPHLPAPI.DLL
0x00007ff93b690000 - 0x00007ff93b698000 	C:\WINDOWS\System32\NSI.dll
0x00007ff9315c0000 - 0x00007ff9315d6000 	C:\WINDOWS\SYSTEM32\dhcpcsvc6.DLL
0x00007ff932250000 - 0x00007ff93226c000 	C:\WINDOWS\SYSTEM32\dhcpcsvc.DLL
0x00007ff9383a0000 - 0x00007ff93846b000 	C:\WINDOWS\SYSTEM32\DNSAPI.dll
0x00007ff90bfc0000 - 0x00007ff90bfe4000 	C:\Program Files\Android\Android Studio\jre\jre\bin\sunec.dll
0x0000000063560000 - 0x0000000063569000 	C:\Program Files\National Instruments\Shared\mDNS Responder\nimdnsNSP.dll
0x0000000063550000 - 0x000000006355e000 	C:\WINDOWS\SYSTEM32\nimdnsResponder.dll
0x00000000592f0000 - 0x0000000059393000 	C:\WINDOWS\WinSxS\amd64_microsoft.vc90.crt_1fc8b3b9a1e18e3b_9.0.30729.9619_none_08e065a3a84109b0\MSVCR90.dll
0x00007ff92cfe0000 - 0x00007ff92cfea000 	C:\Windows\System32\rasadhlp.dll
0x00007ff930eb0000 - 0x00007ff930f27000 	C:\WINDOWS\System32\fwpuclnt.dll
0x00007ff932700000 - 0x00007ff93270b000 	C:\Program Files\Android\Android Studio\jre\jre\bin\sunmscapi.dll
0x00007ff939c40000 - 0x00007ff939d89000 	C:\WINDOWS\System32\CRYPT32.dll
0x00007ff938ed0000 - 0x00007ff938ee2000 	C:\WINDOWS\System32\MSASN1.dll
0x00007ff8f3940000 - 0x00007ff8f3adc000 	C:\Program Files\Android\Android Studio\jre\jre\bin\awt.dll
0x00007ff93b490000 - 0x00007ff93b554000 	C:\WINDOWS\System32\OLEAUT32.dll
0x00007ff937230000 - 0x00007ff93725d000 	C:\WINDOWS\SYSTEM32\dwmapi.dll
0x00007ff9352f0000 - 0x00007ff9358b0000 	C:\WINDOWS\SYSTEM32\d2d1.dll
0x00007ff936c00000 - 0x00007ff936c8f000 	C:\WINDOWS\SYSTEM32\apphelp.dll
0x00007ff937140000 - 0x00007ff9371d9000 	C:\WINDOWS\system32\uxtheme.dll

VM Arguments:
jvm_args: -Xmx1536m -Dfile.encoding=windows-1252 -Duser.country=US -Duser.language=en -Duser.variant 
java_command: org.gradle.launcher.daemon.bootstrap.GradleDaemon 5.6.4
java_class_path (initial): C:\Users\lakshya\.gradle\wrapper\dists\gradle-5.6.4-all\ankdp27end7byghfw1q2sw75f\gradle-5.6.4\lib\gradle-launcher-5.6.4.jar
Launcher Type: SUN_STANDARD

Environment Variables:
PATH=C:\Program Files (x86)\Intel\iCLS Client\;C:\Program Files\Java\jdk1.8.0_161\bin;C:\Program Files\Intel\iCLS Client\;C:\WINDOWS\system32;C:\WINDOWS;C:\WINDOWS\System32\Wbem;C:\WINDOWS\System32\WindowsPowerShell\v1.0\;C:\WINDOWS\System32\OpenSSH\;C:\Program Files (x86)\Intel\Intel(R) Management Engine Components\DAL;C:\Program Files\Intel\Intel(R) Management Engine Components\DAL;C:\Program Files (x86)\Intel\Intel(R) Management Engine Components\IPT;C:\Program Files\Intel\Intel(R) Management Engine Components\IPT;C:\Program Files\Git\cmd;C:\Program Files (x86)\Android\sdk\platform-tools;C:\Users\lakshya\AppData\Local\Android\sdk\platform-tools;C:\Users\lakshya\Anaconda3;C:\Users\lakshya\Anaconda3\Library\mingw-w64\bin;C:\Users\lakshya\Anaconda3\Library\usr\bin;C:\Users\lakshya\Anaconda3\Library\bin;C:\Users\lakshya\Anaconda3\Scripts;C:\Users\lakshya\AppData\Local\Microsoft\WindowsApps;C:\Program Files\android-sdk-windows\platform-tools
USERNAME=lakshya
OS=Windows_NT
PROCESSOR_IDENTIFIER=Intel64 Family 6 Model 142 Stepping 9, GenuineIntel



---------------  S Y S T E M  ---------------

OS: Windows 10.0 , 64 bit Build 18362 (10.0.18362.778)

CPU:total 4 (initial active 4) (2 cores per cpu, 2 threads per core) family 6 model 142 stepping 9, cmov, cx8, fxsr, mmx, sse, sse2, sse3, ssse3, sse4.1, sse4.2, popcnt, avx, avx2, aes, clmul, erms, 3dnowpref, lzcnt, ht, tsc, tscinvbit, bmi1, bmi2, adx

Memory: 4k page, physical 8255088k(507740k free), swap 8255088k(5040k free)

vm_info: OpenJDK 64-Bit Server VM (25.212-b04) for windows-amd64 JRE (1.8.0_212-release-1586-b04), built by "builder" with MS VC++ 10.0 (VS2010)

time: Thu Jun 11 01:53:32 2020
timezone: India Standard Time
elapsed time: 499 seconds (0d 0h 8m 19s)

