#
# There is insufficient memory for the Java Runtime Environment to continue.
# Native memory allocation (malloc) failed to allocate 934736 bytes for Chunk::new
# Possible reasons:
#   The system is out of physical RAM or swap space
#   The process is running with CompressedOops enabled, and the Java Heap may be blocking the growth of the native heap
# Possible solutions:
#   Reduce memory load on the system
#   Increase physical memory or swap space
#   Check if swap backing store is full
#   Decrease Java heap size (-Xmx/-Xms)
#   Decrease number of Java threads
#   Decrease Java thread stack sizes (-Xss)
#   Set larger code cache with -XX:ReservedCodeCacheSize=
#   JVM is running with Unscaled Compressed Oops mode in which the Java heap is
#     placed in the first 4GB address space. The Java Heap base address is the
#     maximum limit for the native heap growth. Please use -XX:HeapBaseMinAddress
#     to set the Java Heap base and to place the Java Heap above 4GB virtual address.
# This output file may be truncated or incomplete.
#
#  Out of Memory Error (allocation.cpp:389), pid=15208, tid=0x0000000000002608
#
# JRE version: OpenJDK Runtime Environment (8.0_212-b04) (build 1.8.0_212-release-1586-b04)
# Java VM: OpenJDK 64-Bit Server VM (25.212-b04 mixed mode windows-amd64 compressed oops)
# Failed to write core dump. Minidumps are not enabled by default on client versions of Windows
#

---------------  T H R E A D  ---------------

Current thread (0x0000000016388800):  JavaThread "C2 CompilerThread0" daemon [_thread_in_native, id=9736, stack(0x0000000017a00000,0x0000000017b00000)]

Stack: [0x0000000017a00000,0x0000000017b00000]
[error occurred during error reporting (printing stack bounds), id 0xc0000005]

Native frames: (J=compiled Java code, j=interpreted, Vv=VM code, C=native code)


Current CompileTask:
C2:  29155 4549       4       com.sun.beans.TypeResolver::resolve (37 bytes)


---------------  P R O C E S S  ---------------

Java Threads: ( => current thread )
  0x0000000018fa3000 JavaThread "Cache worker for Build Output Cleanup Cache (C:\Users\lakshya\AndroidStudioProjects\Notes\.gradle\buildOutputCleanup)" [_thread_blocked, id=4088, stack(0x0000000021420000,0x0000000021520000)]
  0x0000000018fa1800 JavaThread "Build operations Thread 4" [_thread_blocked, id=4968, stack(0x0000000020d20000,0x0000000020e20000)]
  0x0000000018fa4800 JavaThread "Build operations Thread 3" [_thread_blocked, id=7404, stack(0x0000000020c20000,0x0000000020d20000)]
  0x0000000018fa2800 JavaThread "Build operations Thread 2" [_thread_blocked, id=2708, stack(0x0000000020590000,0x0000000020690000)]
  0x0000000018f9f800 JavaThread "Build operations" [_thread_blocked, id=13736, stack(0x0000000020300000,0x0000000020400000)]
  0x0000000018f9e800 JavaThread "Cache worker for execution history cache (C:\Users\lakshya\.gradle\caches\5.6.4\executionHistory)" [_thread_blocked, id=10588, stack(0x000000001fe00000,0x000000001ff00000)]
  0x0000000019609000 JavaThread "Cache worker for cache directory md-rule (C:\Users\lakshya\.gradle\caches\5.6.4\md-rule)" [_thread_blocked, id=10924, stack(0x0000000020720000,0x0000000020820000)]
  0x0000000019608000 JavaThread "Cache worker for cache directory md-supplier (C:\Users\lakshya\.gradle\caches\5.6.4\md-supplier)" [_thread_blocked, id=11488, stack(0x0000000020490000,0x0000000020590000)]
  0x000000001960a800 JavaThread "Cache worker for file hash cache (C:\Users\lakshya\AndroidStudioProjects\Notes\.gradle\5.6.4\fileHashes)" [_thread_blocked, id=5908, stack(0x000000001e4c0000,0x000000001e5c0000)]
  0x0000000019604800 JavaThread "Cache worker for journal cache (C:\Users\lakshya\.gradle\caches\journal-1)" [_thread_blocked, id=8496, stack(0x000000001c120000,0x000000001c220000)]
  0x0000000019603800 JavaThread "File lock request listener" [_thread_in_native, id=11080, stack(0x000000001c020000,0x000000001c120000)]
  0x0000000019605000 JavaThread "Cache worker for file hash cache (C:\Users\lakshya\.gradle\caches\5.6.4\fileHashes)" [_thread_blocked, id=8556, stack(0x000000001bf20000,0x000000001c020000)]
  0x0000000018f3b000 JavaThread "Thread-9" [_thread_blocked, id=16900, stack(0x000000001bc20000,0x000000001bd20000)]
  0x0000000018f3a800 JavaThread "Stdin handler" [_thread_blocked, id=14920, stack(0x000000001bb20000,0x000000001bc20000)]
  0x0000000018f39800 JavaThread "Asynchronous log dispatcher for DefaultDaemonConnection: socket connection from /127.0.0.1:50285 to /127.0.0.1:50286" [_thread_blocked, id=13392, stack(0x000000001ba20000,0x000000001bb20000)]
  0x0000000019138000 JavaThread "Daemon worker" [_thread_in_vm, id=9068, stack(0x000000001b920000,0x000000001ba20000)]
  0x0000000019137800 JavaThread "Cancel handler" [_thread_blocked, id=15252, stack(0x000000001b820000,0x000000001b920000)]
  0x0000000019acd000 JavaThread "Handler for socket connection from /127.0.0.1:50285 to /127.0.0.1:50286" [_thread_in_native, id=13592, stack(0x000000001b520000,0x000000001b620000)]
  0x0000000019ac8000 JavaThread "Daemon" [_thread_blocked, id=10940, stack(0x000000001b420000,0x000000001b520000)]
  0x0000000019e68800 JavaThread "Daemon periodic checks" [_thread_blocked, id=15896, stack(0x000000001b320000,0x000000001b420000)]
  0x0000000019dd2000 JavaThread "Incoming local TCP Connector on port 50285" [_thread_in_native, id=10048, stack(0x000000001b0e0000,0x000000001b1e0000)]
  0x0000000019d74000 JavaThread "Daemon health stats" [_thread_blocked, id=15824, stack(0x000000001aaa0000,0x000000001aba0000)]
  0x0000000017d30800 JavaThread "Service Thread" daemon [_thread_blocked, id=13900, stack(0x0000000018100000,0x0000000018200000)]
  0x0000000016393000 JavaThread "C1 CompilerThread2" daemon [_thread_in_vm, id=16560, stack(0x0000000017c00000,0x0000000017d00000)]
  0x000000001638f800 JavaThread "C2 CompilerThread1" daemon [_thread_in_native, id=5676, stack(0x0000000017b00000,0x0000000017c00000)]
=>0x0000000016388800 JavaThread "C2 CompilerThread0" daemon [_thread_in_native, id=9736, stack(0x0000000017a00000,0x0000000017b00000)]
  0x0000000016396000 JavaThread "Attach Listener" daemon [_thread_blocked, id=15832, stack(0x0000000017900000,0x0000000017a00000)]
  0x0000000016395000 JavaThread "Signal Dispatcher" daemon [_thread_blocked, id=17348, stack(0x0000000017800000,0x0000000017900000)]
  0x000000000295b000 JavaThread "Finalizer" daemon [_thread_blocked, id=6136, stack(0x0000000017600000,0x0000000017700000)]
  0x0000000016379000 JavaThread "Reference Handler" daemon [_thread_blocked, id=15132, stack(0x0000000017500000,0x0000000017600000)]
  0x0000000002a1e800 JavaThread "main" [_thread_blocked, id=8536, stack(0x0000000002740000,0x0000000002840000)]

Other Threads:
  0x0000000016356000 VMThread [stack: 0x0000000017400000,0x0000000017500000] [id=11968]
  0x0000000017d31000 WatcherThread [stack: 0x0000000018200000,0x0000000018300000] [id=9428]

VM state:not at safepoint (normal execution)

VM Mutex/Monitor currently owned by a thread: None

heap address: 0x00000000a0000000, size: 1536 MB, Compressed Oops mode: 32-bit
Narrow klass base: 0x0000000000000000, Narrow klass shift: 3
Compressed class space size: 1073741824 Address: 0x0000000100000000

Heap:
 PSYoungGen      total 230400K, used 186586K [0x00000000e0000000, 0x00000000f1a00000, 0x0000000100000000)
  eden space 215040K, 86% used [0x00000000e0000000,0x00000000eb636b50,0x00000000ed200000)
  from space 15360K, 0% used [0x00000000efc00000,0x00000000efc00000,0x00000000f0b00000)
  to   space 13312K, 0% used [0x00000000f0d00000,0x00000000f0d00000,0x00000000f1a00000)
 ParOldGen       total 88576K, used 18667K [0x00000000a0000000, 0x00000000a5680000, 0x00000000e0000000)
  object space 88576K, 21% used [0x00000000a0000000,0x00000000a123ad40,0x00000000a5680000)
 Metaspace       used 49439K, capacity 50926K, committed 51072K, reserved 1093632K
  class space    used 6639K, capacity 7027K, committed 7040K, reserved 1048576K

Card table byte_map: [0x0000000011de0000,0x00000000120f0000] byte_map_base: 0x00000000118e0000

Marking Bits: (ParMarkBitMap*) 0x0000000070b89f30
 Begin Bits: [0x00000000126f0000, 0x0000000013ef0000)
 End Bits:   [0x0000000013ef0000, 0x00000000156f0000)

Polling page: 0x00000000007f0000

CodeCache: size=245760Kb used=15241Kb max_used=15241Kb free=230518Kb
 bounds [0x0000000002a20000, 0x0000000003910000, 0x0000000011a20000]
 total_blobs=5025 nmethods=4256 adapters=680
 compilation: enabled

Compilation events (10 events):
Event: 29.121 Thread 0x0000000016393000 4618       3       com.google.common.collect.ImmutableMap$Builder::sortEntries (156 bytes)
Event: 29.123 Thread 0x0000000016393000 nmethod 4618 0x00000000038f1250 code [0x00000000038f1500, 0x00000000038f2a18]
Event: 29.123 Thread 0x0000000016393000 4621       3       com.google.common.collect.Sets::newHashSet (8 bytes)
Event: 29.123 Thread 0x0000000016393000 nmethod 4621 0x00000000038f3510 code [0x00000000038f36a0, 0x00000000038f3b30]
Event: 29.123 Thread 0x0000000016393000 4619       3       com.google.common.collect.ImmutableMap::<init> (5 bytes)
Event: 29.123 Thread 0x0000000016393000 nmethod 4619 0x00000000038f3d90 code [0x00000000038f3ee0, 0x00000000038f4090]
Event: 29.123 Thread 0x0000000016393000 4620       3       com.google.common.collect.RegularImmutableMap::<init> (20 bytes)
Event: 29.123 Thread 0x0000000016393000 nmethod 4620 0x00000000038f4150 code [0x00000000038f42c0, 0x00000000038f44f0]
Event: 29.137 Thread 0x0000000016393000 4623       1       com.google.common.collect.CompactHashMap$MapEntry::getKey (5 bytes)
Event: 29.137 Thread 0x0000000016393000 nmethod 4623 0x00000000038f45d0 code [0x00000000038f4720, 0x00000000038f4830]

GC Heap History (10 events):
Event: 11.285 GC heap before
{Heap before GC invocations=5 (full 0):
 PSYoungGen      total 136192K, used 12987K [0x00000000e0000000, 0x00000000e8a00000, 0x0000000100000000)
  eden space 131072K, 6% used [0x00000000e0000000,0x00000000e07b1f50,0x00000000e8000000)
  from space 5120K, 99% used [0x00000000e8500000,0x00000000e89fd040,0x00000000e8a00000)
  to   space 5120K, 0% used [0x00000000e8000000,0x00000000e8000000,0x00000000e8500000)
 ParOldGen       total 86016K, used 11404K [0x00000000a0000000, 0x00000000a5400000, 0x00000000e0000000)
  object space 86016K, 13% used [0x00000000a0000000,0x00000000a0b23390,0x00000000a5400000)
 Metaspace       used 20763K, capacity 21250K, committed 21296K, reserved 1067008K
  class space    used 3010K, capacity 3170K, committed 3200K, reserved 1048576K
Event: 11.313 GC heap after
Heap after GC invocations=5 (full 0):
 PSYoungGen      total 136192K, used 5092K [0x00000000e0000000, 0x00000000f1a00000, 0x0000000100000000)
  eden space 131072K, 0% used [0x00000000e0000000,0x00000000e0000000,0x00000000e8000000)
  from space 5120K, 99% used [0x00000000e8000000,0x00000000e84f9050,0x00000000e8500000)
  to   space 13312K, 0% used [0x00000000f0d00000,0x00000000f0d00000,0x00000000f1a00000)
 ParOldGen       total 86016K, used 12457K [0x00000000a0000000, 0x00000000a5400000, 0x00000000e0000000)
  object space 86016K, 14% used [0x00000000a0000000,0x00000000a0c2a738,0x00000000a5400000)
 Metaspace       used 20763K, capacity 21250K, committed 21296K, reserved 1067008K
  class space    used 3010K, capacity 3170K, committed 3200K, reserved 1048576K
}
Event: 11.313 GC heap before
{Heap before GC invocations=6 (full 1):
 PSYoungGen      total 136192K, used 5092K [0x00000000e0000000, 0x00000000f1a00000, 0x0000000100000000)
  eden space 131072K, 0% used [0x00000000e0000000,0x00000000e0000000,0x00000000e8000000)
  from space 5120K, 99% used [0x00000000e8000000,0x00000000e84f9050,0x00000000e8500000)
  to   space 13312K, 0% used [0x00000000f0d00000,0x00000000f0d00000,0x00000000f1a00000)
 ParOldGen       total 86016K, used 12457K [0x00000000a0000000, 0x00000000a5400000, 0x00000000e0000000)
  object space 86016K, 14% used [0x00000000a0000000,0x00000000a0c2a738,0x00000000a5400000)
 Metaspace       used 20763K, capacity 21250K, committed 21296K, reserved 1067008K
  class space    used 3010K, capacity 3170K, committed 3200K, reserved 1048576K
Event: 11.428 GC heap after
Heap after GC invocations=6 (full 1):
 PSYoungGen      total 136192K, used 0K [0x00000000e0000000, 0x00000000f1a00000, 0x0000000100000000)
  eden space 131072K, 0% used [0x00000000e0000000,0x00000000e0000000,0x00000000e8000000)
  from space 5120K, 0% used [0x00000000e8000000,0x00000000e8000000,0x00000000e8500000)
  to   space 13312K, 0% used [0x00000000f0d00000,0x00000000f0d00000,0x00000000f1a00000)
 ParOldGen       total 59392K, used 8448K [0x00000000a0000000, 0x00000000a3a00000, 0x00000000e0000000)
  object space 59392K, 14% used [0x00000000a0000000,0x00000000a08402d8,0x00000000a3a00000)
 Metaspace       used 20763K, capacity 21250K, committed 21296K, reserved 1067008K
  class space    used 3010K, capacity 3170K, committed 3200K, reserved 1048576K
}
Event: 15.396 GC heap before
{Heap before GC invocations=7 (full 1):
 PSYoungGen      total 136192K, used 131072K [0x00000000e0000000, 0x00000000f1a00000, 0x0000000100000000)
  eden space 131072K, 100% used [0x00000000e0000000,0x00000000e8000000,0x00000000e8000000)
  from space 5120K, 0% used [0x00000000e8000000,0x00000000e8000000,0x00000000e8500000)
  to   space 13312K, 0% used [0x00000000f0d00000,0x00000000f0d00000,0x00000000f1a00000)
 ParOldGen       total 59392K, used 8448K [0x00000000a0000000, 0x00000000a3a00000, 0x00000000e0000000)
  object space 59392K, 14% used [0x00000000a0000000,0x00000000a08402d8,0x00000000a3a00000)
 Metaspace       used 32028K, capacity 32720K, committed 33024K, reserved 1077248K
  class space    used 4331K, capacity 4547K, committed 4608K, reserved 1048576K
Event: 15.411 GC heap after
Heap after GC invocations=7 (full 1):
 PSYoungGen      total 228352K, used 12884K [0x00000000e0000000, 0x00000000f1a00000, 0x0000000100000000)
  eden space 215040K, 0% used [0x00000000e0000000,0x00000000e0000000,0x00000000ed200000)
  from space 13312K, 96% used [0x00000000f0d00000,0x00000000f1995200,0x00000000f1a00000)
  to   space 15360K, 0% used [0x00000000efc00000,0x00000000efc00000,0x00000000f0b00000)
 ParOldGen       total 59392K, used 8456K [0x00000000a0000000, 0x00000000a3a00000, 0x00000000e0000000)
  object space 59392K, 14% used [0x00000000a0000000,0x00000000a08422d8,0x00000000a3a00000)
 Metaspace       used 32028K, capacity 32720K, committed 33024K, reserved 1077248K
  class space    used 4331K, capacity 4547K, committed 4608K, reserved 1048576K
}
Event: 16.919 GC heap before
{Heap before GC invocations=8 (full 1):
 PSYoungGen      total 228352K, used 77280K [0x00000000e0000000, 0x00000000f1a00000, 0x0000000100000000)
  eden space 215040K, 29% used [0x00000000e0000000,0x00000000e3ee2fa8,0x00000000ed200000)
  from space 13312K, 96% used [0x00000000f0d00000,0x00000000f1995200,0x00000000f1a00000)
  to   space 15360K, 0% used [0x00000000efc00000,0x00000000efc00000,0x00000000f0b00000)
 ParOldGen       total 59392K, used 8456K [0x00000000a0000000, 0x00000000a3a00000, 0x00000000e0000000)
  object space 59392K, 14% used [0x00000000a0000000,0x00000000a08422d8,0x00000000a3a00000)
 Metaspace       used 34693K, capacity 35398K, committed 35496K, reserved 1079296K
  class space    used 4784K, capacity 5028K, committed 5120K, reserved 1048576K
Event: 16.944 GC heap after
Heap after GC invocations=8 (full 1):
 PSYoungGen      total 230400K, used 11393K [0x00000000e0000000, 0x00000000f1a00000, 0x0000000100000000)
  eden space 215040K, 0% used [0x00000000e0000000,0x00000000e0000000,0x00000000ed200000)
  from space 15360K, 74% used [0x00000000efc00000,0x00000000f0720778,0x00000000f0b00000)
  to   space 13312K, 0% used [0x00000000f0d00000,0x00000000f0d00000,0x00000000f1a00000)
 ParOldGen       total 59392K, used 8464K [0x00000000a0000000, 0x00000000a3a00000, 0x00000000e0000000)
  object space 59392K, 14% used [0x00000000a0000000,0x00000000a08442d8,0x00000000a3a00000)
 Metaspace       used 34693K, capacity 35398K, committed 35496K, reserved 1079296K
  class space    used 4784K, capacity 5028K, committed 5120K, reserved 1048576K
}
Event: 16.944 GC heap before
{Heap before GC invocations=9 (full 2):
 PSYoungGen      total 230400K, used 11393K [0x00000000e0000000, 0x00000000f1a00000, 0x0000000100000000)
  eden space 215040K, 0% used [0x00000000e0000000,0x00000000e0000000,0x00000000ed200000)
  from space 15360K, 74% used [0x00000000efc00000,0x00000000f0720778,0x00000000f0b00000)
  to   space 13312K, 0% used [0x00000000f0d00000,0x00000000f0d00000,0x00000000f1a00000)
 ParOldGen       total 59392K, used 8464K [0x00000000a0000000, 0x00000000a3a00000, 0x00000000e0000000)
  object space 59392K, 14% used [0x00000000a0000000,0x00000000a08442d8,0x00000000a3a00000)
 Metaspace       used 34693K, capacity 35398K, committed 35496K, reserved 1079296K
  class space    used 4784K, capacity 5028K, committed 5120K, reserved 1048576K
Event: 17.046 GC heap after
Heap after GC invocations=9 (full 2):
 PSYoungGen      total 230400K, used 0K [0x00000000e0000000, 0x00000000f1a00000, 0x0000000100000000)
  eden space 215040K, 0% used [0x00000000e0000000,0x00000000e0000000,0x00000000ed200000)
  from space 15360K, 0% used [0x00000000efc00000,0x00000000efc00000,0x00000000f0b00000)
  to   space 13312K, 0% used [0x00000000f0d00000,0x00000000f0d00000,0x00000000f1a00000)
 ParOldGen       total 88576K, used 18667K [0x00000000a0000000, 0x00000000a5680000, 0x00000000e0000000)
  object space 88576K, 21% used [0x00000000a0000000,0x00000000a123ad40,0x00000000a5680000)
 Metaspace       used 34693K, capacity 35398K, committed 35496K, reserved 1079296K
  class space    used 4784K, capacity 5028K, committed 5120K, reserved 1048576K
}

Deoptimization events (10 events):
Event: 27.234 Thread 0x0000000019138000 Uncommon trap: reason=unstable_if action=reinterpret pc=0x00000000032205e8 method=org.objectweb.asm.ByteVector.putUTF8(Ljava/lang/String;)Lorg/objectweb/asm/ByteVector; @ 93
Event: 28.315 Thread 0x0000000019138000 Uncommon trap: reason=unstable_if action=reinterpret pc=0x00000000036d2930 method=org.gradle.internal.reflect.PropertyAccessorType.of(Ljava/lang/reflect/Method;)Lorg/gradle/internal/reflect/PropertyAccessorType; @ 56
Event: 28.336 Thread 0x0000000019138000 Uncommon trap: reason=unstable_if action=reinterpret pc=0x00000000037b5c44 method=groovy.lang.MetaClassImpl.filterPropertyMethod(Ljava/lang/Object;ZZ)Ljava/lang/Object; @ 72
Event: 28.722 Thread 0x0000000019138000 Uncommon trap: reason=speculate_class_check action=maybe_recompile pc=0x000000000354a5e8 method=com.google.common.collect.AbstractIndexedListIterator.next()Ljava/lang/Object; @ 27
Event: 28.722 Thread 0x0000000019138000 Uncommon trap: reason=speculate_class_check action=maybe_recompile pc=0x000000000354a5e8 method=com.google.common.collect.AbstractIndexedListIterator.next()Ljava/lang/Object; @ 27
Event: 28.722 Thread 0x0000000019138000 Uncommon trap: reason=speculate_class_check action=maybe_recompile pc=0x000000000354a5e8 method=com.google.common.collect.AbstractIndexedListIterator.next()Ljava/lang/Object; @ 27
Event: 28.722 Thread 0x0000000019138000 Uncommon trap: reason=speculate_class_check action=maybe_recompile pc=0x000000000354a5e8 method=com.google.common.collect.AbstractIndexedListIterator.next()Ljava/lang/Object; @ 27
Event: 28.751 Thread 0x0000000019138000 Uncommon trap: reason=unstable_if action=reinterpret pc=0x00000000036f9cb0 method=org.gradle.internal.instantiation.AbstractClassGenerator$InjectionAnnotationValidator.validateMethod(Ljava/lang/reflect/Method;Lorg/gradle/internal/reflect/PropertyAccessorT
Event: 28.751 Thread 0x0000000019138000 Uncommon trap: reason=unstable_if action=reinterpret pc=0x000000000377d7b8 method=org.gradle.internal.instantiation.AbstractClassGenerator$InjectionAnnotationValidator.validateMethod(Ljava/lang/reflect/Method;Lorg/gradle/internal/reflect/PropertyAccessorT
Event: 28.787 Thread 0x0000000019138000 Uncommon trap: reason=unstable_if action=reinterpret pc=0x00000000034a04b8 method=groovy.lang.MetaClassImpl$1MOPIter.methodNameAction(Ljava/lang/Class;Lorg/codehaus/groovy/runtime/metaclass/MetaMethodIndex$Entry;)V @ 182

Classes redefined (0 events):
No events

Internal exceptions (10 events):
Event: 28.950 Thread 0x0000000019138000 Exception <a 'java/lang/ClassNotFoundException': build_59n2m5w0nm526ojkm2ph9yynv$_run_closure1BeanInfo> (0x00000000eac27140) thrown at [D:\src\AOSP-openjdk-cygwin\jdk8u\hotspot\src\share\vm\classfile\systemDictionary.cpp, line 210]
Event: 28.951 Thread 0x0000000019138000 Exception <a 'java/lang/ClassNotFoundException': build_59n2m5w0nm526ojkm2ph9yynv$_run_closure1Customizer> (0x00000000eac38860) thrown at [D:\src\AOSP-openjdk-cygwin\jdk8u\hotspot\src\share\vm\classfile\systemDictionary.cpp, line 210]
Event: 28.964 Thread 0x0000000019138000 Exception <a 'java/lang/ClassNotFoundException': org/gradle/api/internal/file/collections/DefaultConfigurableFileTreeBeanInfo> (0x00000000eadcb820) thrown at [D:\src\AOSP-openjdk-cygwin\jdk8u\hotspot\src\share\vm\classfile\systemDictionary.cpp, line 210]
Event: 28.965 Thread 0x0000000019138000 Exception <a 'java/lang/ClassNotFoundException': org/gradle/api/internal/file/CompositeFileTreeBeanInfo> (0x00000000eae03d28) thrown at [D:\src\AOSP-openjdk-cygwin\jdk8u\hotspot\src\share\vm\classfile\systemDictionary.cpp, line 210]
Event: 28.966 Thread 0x0000000019138000 Exception <a 'java/lang/ClassNotFoundException': org/gradle/api/internal/file/CompositeFileCollectionBeanInfo> (0x00000000eae407f0) thrown at [D:\src\AOSP-openjdk-cygwin\jdk8u\hotspot\src\share\vm\classfile\systemDictionary.cpp, line 210]
Event: 28.967 Thread 0x0000000019138000 Exception <a 'java/lang/ClassNotFoundException': org/gradle/api/internal/file/AbstractFileCollectionBeanInfo> (0x00000000eae7d9c8) thrown at [D:\src\AOSP-openjdk-cygwin\jdk8u\hotspot\src\share\vm\classfile\systemDictionary.cpp, line 210]
Event: 28.967 Thread 0x0000000019138000 Exception <a 'java/lang/ClassNotFoundException': org/gradle/api/internal/file/AbstractFileCollectionCustomizer> (0x00000000eaebb5f8) thrown at [D:\src\AOSP-openjdk-cygwin\jdk8u\hotspot\src\share\vm\classfile\systemDictionary.cpp, line 210]
Event: 28.968 Thread 0x0000000019138000 Exception <a 'java/lang/ClassNotFoundException': org/gradle/api/internal/file/CompositeFileCollectionCustomizer> (0x00000000eaf09318) thrown at [D:\src\AOSP-openjdk-cygwin\jdk8u\hotspot\src\share\vm\classfile\systemDictionary.cpp, line 210]
Event: 28.969 Thread 0x0000000019138000 Exception <a 'java/lang/ClassNotFoundException': org/gradle/api/internal/file/CompositeFileTreeCustomizer> (0x00000000eaf53780) thrown at [D:\src\AOSP-openjdk-cygwin\jdk8u\hotspot\src\share\vm\classfile\systemDictionary.cpp, line 210]
Event: 28.970 Thread 0x0000000019138000 Exception <a 'java/lang/ClassNotFoundException': org/gradle/api/internal/file/collections/DefaultConfigurableFileTreeCustomizer> (0x00000000eafa8a30) thrown at [D:\src\AOSP-openjdk-cygwin\jdk8u\hotspot\src\share\vm\classfile\systemDictionary.cpp, line 210

Events (10 events):
Event: 29.136 loading class com/android/build/gradle/internal/VariantManager
Event: 29.136 loading class com/android/build/gradle/internal/VariantManager done
Event: 29.139 loading class com/android/build/gradle/internal/dependency/AarTransform
Event: 29.139 loading class com/android/build/gradle/internal/dependency/AarTransform done
Event: 29.140 loading class com/android/build/gradle/internal/publishing/AndroidArtifacts$ArtifactType
Event: 29.140 loading class com/android/build/gradle/internal/publishing/AndroidArtifacts$ArtifactType done
Event: 29.140 loading class com/android/build/gradle/internal/VariantManager
Event: 29.140 loading class com/android/build/gradle/internal/VariantManager done
Event: 29.141 loading class com/android/build/gradle/internal/dependency/AarTransform$Parameters
Event: 29.141 loading class com/android/build/gradle/internal/dependency/AarTransform$Parameters done


Dynamic libraries:
0x00007ff67c1a0000 - 0x00007ff67c1d1000 	C:\Program Files\Android\Android Studio\jre\bin\java.exe
0x00007ffca1de0000 - 0x00007ffca1fd0000 	C:\WINDOWS\SYSTEM32\ntdll.dll
0x00007ffca15c0000 - 0x00007ffca1672000 	C:\WINDOWS\System32\KERNEL32.DLL
0x00007ffc9f8c0000 - 0x00007ffc9fb64000 	C:\WINDOWS\System32\KERNELBASE.dll
0x00007ffc9ff60000 - 0x00007ffca0003000 	C:\WINDOWS\System32\ADVAPI32.dll
0x00007ffca0820000 - 0x00007ffca08be000 	C:\WINDOWS\System32\msvcrt.dll
0x00007ffca1000000 - 0x00007ffca1097000 	C:\WINDOWS\System32\sechost.dll
0x00007ffca1680000 - 0x00007ffca17a0000 	C:\WINDOWS\System32\RPCRT4.dll
0x00007ffca1bf0000 - 0x00007ffca1d84000 	C:\WINDOWS\System32\USER32.dll
0x00007ffc9fe60000 - 0x00007ffc9fe81000 	C:\WINDOWS\System32\win32u.dll
0x00007ffca0e70000 - 0x00007ffca0e96000 	C:\WINDOWS\System32\GDI32.dll
0x00007ffc9fcc0000 - 0x00007ffc9fe54000 	C:\WINDOWS\System32\gdi32full.dll
0x00007ffc9ed70000 - 0x00007ffc9ee0e000 	C:\WINDOWS\System32\msvcp_win.dll
0x00007ffc9f7c0000 - 0x00007ffc9f8ba000 	C:\WINDOWS\System32\ucrtbase.dll
0x00007ffc94720000 - 0x00007ffc949a4000 	C:\WINDOWS\WinSxS\amd64_microsoft.windows.common-controls_6595b64144ccf1df_6.0.18362.836_none_e6c4b943130f18ed\COMCTL32.dll
0x00007ffca17a0000 - 0x00007ffca1ad6000 	C:\WINDOWS\System32\combase.dll
0x00007ffc9fb70000 - 0x00007ffc9fbf0000 	C:\WINDOWS\System32\bcryptPrimitives.dll
0x00007ffca0080000 - 0x00007ffca00ae000 	C:\WINDOWS\System32\IMM32.DLL
0x0000000070200000 - 0x00000000702d2000 	C:\Program Files\Android\Android Studio\jre\jre\bin\msvcr100.dll
0x00000000703c0000 - 0x0000000070c06000 	C:\Program Files\Android\Android Studio\jre\jre\bin\server\jvm.dll
0x00007ffca1d90000 - 0x00007ffca1d98000 	C:\WINDOWS\System32\PSAPI.DLL
0x00007ffc96a00000 - 0x00007ffc96a0a000 	C:\WINDOWS\SYSTEM32\VERSION.dll
0x00007ffc9cc80000 - 0x00007ffc9cca4000 	C:\WINDOWS\SYSTEM32\WINMM.dll
0x00007ffc9c420000 - 0x00007ffc9c44d000 	C:\WINDOWS\SYSTEM32\winmmbase.dll
0x00007ffc9f770000 - 0x00007ffc9f7ba000 	C:\WINDOWS\System32\cfgmgr32.dll
0x00007ffc8dbe0000 - 0x00007ffc8dbe9000 	C:\WINDOWS\SYSTEM32\WSOCK32.dll
0x00007ffca0eb0000 - 0x00007ffca0f1f000 	C:\WINDOWS\System32\WS2_32.dll
0x00007ffc9ace0000 - 0x00007ffc9acef000 	C:\Program Files\Android\Android Studio\jre\jre\bin\verify.dll
0x00007ffc8d510000 - 0x00007ffc8d539000 	C:\Program Files\Android\Android Studio\jre\jre\bin\java.dll
0x00007ffc9a0c0000 - 0x00007ffc9a0d6000 	C:\Program Files\Android\Android Studio\jre\jre\bin\zip.dll
0x00007ffca00b0000 - 0x00007ffca0794000 	C:\WINDOWS\System32\SHELL32.dll
0x00007ffca10a0000 - 0x00007ffca1149000 	C:\WINDOWS\System32\shcore.dll
0x00007ffc9ee40000 - 0x00007ffc9f5be000 	C:\WINDOWS\System32\windows.storage.dll
0x00007ffc9ecd0000 - 0x00007ffc9ecf3000 	C:\WINDOWS\System32\profapi.dll
0x00007ffc9ed00000 - 0x00007ffc9ed4a000 	C:\WINDOWS\System32\powrprof.dll
0x00007ffc9eca0000 - 0x00007ffc9ecb0000 	C:\WINDOWS\System32\UMPDC.dll
0x00007ffca0f20000 - 0x00007ffca0f72000 	C:\WINDOWS\System32\shlwapi.dll
0x00007ffc9ecb0000 - 0x00007ffc9ecc1000 	C:\WINDOWS\System32\kernel.appcore.dll
0x00007ffc9fca0000 - 0x00007ffc9fcb7000 	C:\WINDOWS\System32\cryptsp.dll
0x00007ffc98ed0000 - 0x00007ffc98eea000 	C:\Program Files\Android\Android Studio\jre\jre\bin\net.dll
0x00007ffc94390000 - 0x00007ffc94566000 	C:\WINDOWS\SYSTEM32\urlmon.dll
0x00007ffc92fe0000 - 0x00007ffc93286000 	C:\WINDOWS\SYSTEM32\iertutil.dll
0x00007ffc9e680000 - 0x00007ffc9e68c000 	C:\WINDOWS\SYSTEM32\CRYPTBASE.DLL
0x00007ffc9e4b0000 - 0x00007ffc9e517000 	C:\WINDOWS\system32\mswsock.dll
0x00007ffc8f0b0000 - 0x00007ffc8f0c3000 	C:\Program Files\Android\Android Studio\jre\jre\bin\nio.dll
0x00007ffc98f10000 - 0x00007ffc98f36000 	C:\Users\lakshya\.gradle\native\30\windows-amd64\native-platform.dll
0x00007ffc9ac90000 - 0x00007ffc9ac9d000 	C:\Program Files\Android\Android Studio\jre\jre\bin\management.dll
0x00007ffc9e020000 - 0x00007ffc9e053000 	C:\WINDOWS\system32\rsaenh.dll
0x00007ffc9ee10000 - 0x00007ffc9ee36000 	C:\WINDOWS\System32\bcrypt.dll
0x00007ffc9eb90000 - 0x00007ffc9ebb5000 	C:\WINDOWS\SYSTEM32\USERENV.dll
0x00007ffc9e1c0000 - 0x00007ffc9e1fa000 	C:\WINDOWS\SYSTEM32\IPHLPAPI.DLL
0x00007ffca0b60000 - 0x00007ffca0b68000 	C:\WINDOWS\System32\NSI.dll
0x00007ffc95db0000 - 0x00007ffc95dc6000 	C:\WINDOWS\SYSTEM32\dhcpcsvc6.DLL
0x00007ffc98000000 - 0x00007ffc9801c000 	C:\WINDOWS\SYSTEM32\dhcpcsvc.DLL
0x00007ffc9e210000 - 0x00007ffc9e2db000 	C:\WINDOWS\SYSTEM32\DNSAPI.dll

VM Arguments:
jvm_args: -Xmx1536m -Dfile.encoding=windows-1252 -Duser.country=US -Duser.language=en -Duser.variant 
java_command: org.gradle.launcher.daemon.bootstrap.GradleDaemon 5.6.4
java_class_path (initial): C:\Users\lakshya\.gradle\wrapper\dists\gradle-5.6.4-all\ankdp27end7byghfw1q2sw75f\gradle-5.6.4\lib\gradle-launcher-5.6.4.jar
Launcher Type: SUN_STANDARD

Environment Variables:
PATH=C:\Program Files (x86)\Intel\iCLS Client\;C:\Program Files\Java\jdk1.8.0_161\bin;C:\Program Files\Intel\iCLS Client\;C:\WINDOWS\system32;C:\WINDOWS;C:\WINDOWS\System32\Wbem;C:\WINDOWS\System32\WindowsPowerShell\v1.0\;C:\WINDOWS\System32\OpenSSH\;C:\Program Files (x86)\Intel\Intel(R) Management Engine Components\DAL;C:\Program Files\Intel\Intel(R) Management Engine Components\DAL;C:\Program Files (x86)\Intel\Intel(R) Management Engine Components\IPT;C:\Program Files\Intel\Intel(R) Management Engine Components\IPT;C:\Program Files\Git\cmd;C:\Users\lakshya\Anaconda3;C:\Users\lakshya\Anaconda3\Library\mingw-w64\bin;C:\Users\lakshya\Anaconda3\Library\usr\bin;C:\Users\lakshya\Anaconda3\Library\bin;C:\Users\lakshya\Anaconda3\Scripts;C:\Users\lakshya\AppData\Local\Microsoft\WindowsApps
USERNAME=lakshya
OS=Windows_NT
PROCESSOR_IDENTIFIER=Intel64 Family 6 Model 142 Stepping 9, GenuineIntel



---------------  S Y S T E M  ---------------

OS: Windows 10.0 , 64 bit Build 18362 (10.0.18362.778)

CPU:total 4 (initial active 4) (2 cores per cpu, 2 threads per core) family 6 model 142 stepping 9, cmov, cx8, fxsr, mmx, sse, sse2, sse3, ssse3, sse4.1, sse4.2, popcnt, avx, avx2, aes, clmul, erms, 3dnowpref, lzcnt, ht, tsc, tscinvbit, bmi1, bmi2, adx

Memory: 4k page, physical 8255088k(663096k free), swap 8255088k(5128k free)

vm_info: OpenJDK 64-Bit Server VM (25.212-b04) for windows-amd64 JRE (1.8.0_212-release-1586-b04), built by "builder" with MS VC++ 10.0 (VS2010)

time: Mon Jun 08 16:36:37 2020
timezone: India Standard Time
elapsed time: 29 seconds (0d 0h 0m 29s)

