#
# There is insufficient memory for the Java Runtime Environment to continue.
# Native memory allocation (malloc) failed to allocate 2256016 bytes for Chunk::new
# Possible reasons:
#   The system is out of physical RAM or swap space
#   The process is running with CompressedOops enabled, and the Java Heap may be blocking the growth of the native heap
# Possible solutions:
#   Reduce memory load on the system
#   Increase physical memory or swap space
#   Check if swap backing store is full
#   Decrease Java heap size (-Xmx/-Xms)
#   Decrease number of Java threads
#   Decrease Java thread stack sizes (-Xss)
#   Set larger code cache with -XX:ReservedCodeCacheSize=
#   JVM is running with Unscaled Compressed Oops mode in which the Java heap is
#     placed in the first 4GB address space. The Java Heap base address is the
#     maximum limit for the native heap growth. Please use -XX:HeapBaseMinAddress
#     to set the Java Heap base and to place the Java Heap above 4GB virtual address.
# This output file may be truncated or incomplete.
#
#  Out of Memory Error (allocation.cpp:389), pid=12228, tid=0x0000000000001820
#
# JRE version: OpenJDK Runtime Environment (8.0_212-b04) (build 1.8.0_212-release-1586-b04)
# Java VM: OpenJDK 64-Bit Server VM (25.212-b04 mixed mode windows-amd64 compressed oops)
# Failed to write core dump. Minidumps are not enabled by default on client versions of Windows
#

---------------  T H R E A D  ---------------

Current thread (0x0000000015f4d000):  JavaThread "C2 CompilerThread1" daemon [_thread_in_native, id=6176, stack(0x00000000176b0000,0x00000000177b0000)]

Stack: [0x00000000176b0000,0x00000000177b0000]
[error occurred during error reporting (printing stack bounds), id 0xc0000005]

Native frames: (J=compiled Java code, j=interpreted, Vv=VM code, C=native code)


Current CompileTask:
C2:   2359 1444   !   4       java.net.URLClassLoader$1::run (63 bytes)


---------------  P R O C E S S  ---------------

Java Threads: ( => current thread )
  0x0000000019896800 JavaThread "Cache worker for file hash cache (C:\Users\lakshya\AndroidStudioProjects\Notes\.gradle\5.6.4\fileHashes)" [_thread_blocked, id=11580, stack(0x000000001e070000,0x000000001e170000)]
  0x0000000019898800 JavaThread "Cache worker for journal cache (C:\Users\lakshya\.gradle\caches\journal-1)" [_thread_blocked, id=4820, stack(0x000000001bcd0000,0x000000001bdd0000)]
  0x0000000019897000 JavaThread "File lock request listener" [_thread_in_native, id=760, stack(0x000000001bbd0000,0x000000001bcd0000)]
  0x0000000019898000 JavaThread "Cache worker for file hash cache (C:\Users\lakshya\.gradle\caches\5.6.4\fileHashes)" [_thread_blocked, id=1964, stack(0x000000001b8d0000,0x000000001b9d0000)]
  0x00000000199e6000 JavaThread "Thread-9" [_thread_blocked, id=8980, stack(0x000000001b7d0000,0x000000001b8d0000)]
  0x00000000199d8000 JavaThread "Stdin handler" [_thread_blocked, id=11276, stack(0x000000001b6d0000,0x000000001b7d0000)]
  0x00000000199ba000 JavaThread "Asynchronous log dispatcher for DefaultDaemonConnection: socket connection from /127.0.0.1:50518 to /127.0.0.1:50519" [_thread_blocked, id=9044, stack(0x000000001b5d0000,0x000000001b6d0000)]
  0x00000000199d3000 JavaThread "Daemon worker" [_thread_in_vm, id=8200, stack(0x000000001b4d0000,0x000000001b5d0000)]
  0x000000001999a800 JavaThread "Cancel handler" [_thread_blocked, id=9064, stack(0x000000001b3d0000,0x000000001b4d0000)]
  0x0000000019985000 JavaThread "Handler for socket connection from /127.0.0.1:50518 to /127.0.0.1:50519" [_thread_in_native, id=11776, stack(0x000000001b0d0000,0x000000001b1d0000)]
  0x0000000019984000 JavaThread "Daemon" [_thread_blocked, id=13708, stack(0x000000001afd0000,0x000000001b0d0000)]
  0x000000001996a000 JavaThread "Daemon periodic checks" [_thread_blocked, id=9844, stack(0x000000001aed0000,0x000000001afd0000)]
  0x000000001990a800 JavaThread "Incoming local TCP Connector on port 50518" [_thread_in_native, id=7340, stack(0x000000001ac90000,0x000000001ad90000)]
  0x0000000019881000 JavaThread "Daemon health stats" [_thread_blocked, id=13880, stack(0x000000001a650000,0x000000001a750000)]
  0x00000000178da800 JavaThread "Service Thread" daemon [_thread_blocked, id=14056, stack(0x0000000017cb0000,0x0000000017db0000)]
  0x0000000015f59000 JavaThread "C1 CompilerThread2" daemon [_thread_blocked, id=5544, stack(0x00000000177b0000,0x00000000178b0000)]
=>0x0000000015f4d000 JavaThread "C2 CompilerThread1" daemon [_thread_in_native, id=6176, stack(0x00000000176b0000,0x00000000177b0000)]
  0x0000000015f58800 JavaThread "C2 CompilerThread0" daemon [_thread_in_native, id=9684, stack(0x00000000175b0000,0x00000000176b0000)]
  0x0000000015f57800 JavaThread "Attach Listener" daemon [_thread_blocked, id=7964, stack(0x00000000174b0000,0x00000000175b0000)]
  0x0000000015f56000 JavaThread "Signal Dispatcher" daemon [_thread_blocked, id=2340, stack(0x00000000173b0000,0x00000000174b0000)]
  0x00000000025dc800 JavaThread "Finalizer" daemon [_thread_blocked, id=7008, stack(0x00000000171b0000,0x00000000172b0000)]
  0x0000000015f39000 JavaThread "Reference Handler" daemon [_thread_blocked, id=12564, stack(0x00000000170b0000,0x00000000171b0000)]
  0x0000000000c2e800 JavaThread "main" [_thread_blocked, id=13272, stack(0x00000000023e0000,0x00000000024e0000)]

Other Threads:
  0x0000000015f16000 VMThread [stack: 0x0000000016fb0000,0x00000000170b0000] [id=4216]
  0x00000000178eb800 WatcherThread [stack: 0x0000000017db0000,0x0000000017eb0000] [id=13760]

VM state:not at safepoint (normal execution)

VM Mutex/Monitor currently owned by a thread: None

heap address: 0x00000000a0000000, size: 1536 MB, Compressed Oops mode: 32-bit
Narrow klass base: 0x0000000000000000, Narrow klass shift: 3
Compressed class space size: 1073741824 Address: 0x0000000100000000

Heap:
 PSYoungGen      total 37888K, used 11131K [0x00000000e0000000, 0x00000000e5400000, 0x0000000100000000)
  eden space 32768K, 18% used [0x00000000e0000000,0x00000000e05e6e58,0x00000000e2000000)
  from space 5120K, 99% used [0x00000000e2000000,0x00000000e24f8040,0x00000000e2500000)
  to   space 10240K, 0% used [0x00000000e4a00000,0x00000000e4a00000,0x00000000e5400000)
 ParOldGen       total 86016K, used 6805K [0x00000000a0000000, 0x00000000a5400000, 0x00000000e0000000)
  object space 86016K, 7% used [0x00000000a0000000,0x00000000a06a5600,0x00000000a5400000)
 Metaspace       used 17894K, capacity 18276K, committed 18432K, reserved 1064960K
  class space    used 2579K, capacity 2746K, committed 2816K, reserved 1048576K

Card table byte_map: [0x00000000119a0000,0x0000000011cb0000] byte_map_base: 0x00000000114a0000

Marking Bits: (ParMarkBitMap*) 0x00000000634a9f30
 Begin Bits: [0x00000000122b0000, 0x0000000013ab0000)
 End Bits:   [0x0000000013ab0000, 0x00000000152b0000)

Polling page: 0x0000000000640000

CodeCache: size=245760Kb used=5426Kb max_used=5426Kb free=240333Kb
 bounds [0x00000000025e0000, 0x0000000002b30000, 0x00000000115e0000]
 total_blobs=1999 nmethods=1597 adapters=315
 compilation: enabled

Compilation events (10 events):
Event: 2.320 Thread 0x0000000015f59000 1595       3       sun.reflect.generics.parser.SignatureParser::parseFieldTypeSignature (73 bytes)
Event: 2.320 Thread 0x0000000015f59000 nmethod 1595 0x0000000002b26910 code [0x0000000002b26b00, 0x0000000002b26fb8]
Event: 2.320 Thread 0x0000000015f59000 1596   !   3       sun.reflect.generics.factory.CoreReflectionFactory::makeNamedType (21 bytes)
Event: 2.320 Thread 0x0000000015f59000 nmethod 1596 0x0000000002b27210 code [0x0000000002b273a0, 0x0000000002b27668]
Event: 2.320 Thread 0x0000000015f59000 1597       3       sun.reflect.generics.factory.CoreReflectionFactory::getDeclsLoader (85 bytes)
Event: 2.322 Thread 0x0000000015f59000 nmethod 1597 0x0000000002b277d0 code [0x0000000002b27b20, 0x0000000002b29dd8]
Event: 2.333 Thread 0x0000000015f59000 1599       3       java.lang.StringBuilder::<init> (6 bytes)
Event: 2.333 Thread 0x0000000015f59000 nmethod 1599 0x0000000002b2ad50 code [0x0000000002b2aec0, 0x0000000002b2b170]
Event: 2.333 Thread 0x0000000015f59000 1600       3       java.lang.Class::getEnclosingClass (60 bytes)
Event: 2.334 Thread 0x0000000015f59000 nmethod 1600 0x0000000002b2b290 code [0x0000000002b2b4c0, 0x0000000002b2bec8]

GC Heap History (10 events):
Event: 0.680 GC heap before
{Heap before GC invocations=1 (full 0):
 PSYoungGen      total 37888K, used 32768K [0x00000000e0000000, 0x00000000e2a00000, 0x0000000100000000)
  eden space 32768K, 100% used [0x00000000e0000000,0x00000000e2000000,0x00000000e2000000)
  from space 5120K, 0% used [0x00000000e2500000,0x00000000e2500000,0x00000000e2a00000)
  to   space 5120K, 0% used [0x00000000e2000000,0x00000000e2000000,0x00000000e2500000)
 ParOldGen       total 86016K, used 0K [0x00000000a0000000, 0x00000000a5400000, 0x00000000e0000000)
  object space 86016K, 0% used [0x00000000a0000000,0x00000000a0000000,0x00000000a5400000)
 Metaspace       used 6699K, capacity 6880K, committed 7040K, reserved 1056768K
  class space    used 817K, capacity 876K, committed 896K, reserved 1048576K
Event: 0.685 GC heap after
Heap after GC invocations=1 (full 0):
 PSYoungGen      total 37888K, used 4249K [0x00000000e0000000, 0x00000000e2a00000, 0x0000000100000000)
  eden space 32768K, 0% used [0x00000000e0000000,0x00000000e0000000,0x00000000e2000000)
  from space 5120K, 82% used [0x00000000e2000000,0x00000000e24265d8,0x00000000e2500000)
  to   space 5120K, 0% used [0x00000000e2500000,0x00000000e2500000,0x00000000e2a00000)
 ParOldGen       total 86016K, used 8K [0x00000000a0000000, 0x00000000a5400000, 0x00000000e0000000)
  object space 86016K, 0% used [0x00000000a0000000,0x00000000a0002000,0x00000000a5400000)
 Metaspace       used 6699K, capacity 6880K, committed 7040K, reserved 1056768K
  class space    used 817K, capacity 876K, committed 896K, reserved 1048576K
}
Event: 0.901 GC heap before
{Heap before GC invocations=2 (full 0):
 PSYoungGen      total 37888K, used 37017K [0x00000000e0000000, 0x00000000e2a00000, 0x0000000100000000)
  eden space 32768K, 100% used [0x00000000e0000000,0x00000000e2000000,0x00000000e2000000)
  from space 5120K, 82% used [0x00000000e2000000,0x00000000e24265d8,0x00000000e2500000)
  to   space 5120K, 0% used [0x00000000e2500000,0x00000000e2500000,0x00000000e2a00000)
 ParOldGen       total 86016K, used 8K [0x00000000a0000000, 0x00000000a5400000, 0x00000000e0000000)
  object space 86016K, 0% used [0x00000000a0000000,0x00000000a0002000,0x00000000a5400000)
 Metaspace       used 7014K, capacity 7194K, committed 7424K, reserved 1056768K
  class space    used 864K, capacity 917K, committed 1024K, reserved 1048576K
Event: 0.904 GC heap after
Heap after GC invocations=2 (full 0):
 PSYoungGen      total 37888K, used 3329K [0x00000000e0000000, 0x00000000e2a00000, 0x0000000100000000)
  eden space 32768K, 0% used [0x00000000e0000000,0x00000000e0000000,0x00000000e2000000)
  from space 5120K, 65% used [0x00000000e2500000,0x00000000e2840510,0x00000000e2a00000)
  to   space 5120K, 0% used [0x00000000e2000000,0x00000000e2000000,0x00000000e2500000)
 ParOldGen       total 86016K, used 16K [0x00000000a0000000, 0x00000000a5400000, 0x00000000e0000000)
  object space 86016K, 0% used [0x00000000a0000000,0x00000000a0004000,0x00000000a5400000)
 Metaspace       used 7014K, capacity 7194K, committed 7424K, reserved 1056768K
  class space    used 864K, capacity 917K, committed 1024K, reserved 1048576K
}
Event: 1.664 GC heap before
{Heap before GC invocations=3 (full 0):
 PSYoungGen      total 37888K, used 36097K [0x00000000e0000000, 0x00000000e2a00000, 0x0000000100000000)
  eden space 32768K, 100% used [0x00000000e0000000,0x00000000e2000000,0x00000000e2000000)
  from space 5120K, 65% used [0x00000000e2500000,0x00000000e2840510,0x00000000e2a00000)
  to   space 5120K, 0% used [0x00000000e2000000,0x00000000e2000000,0x00000000e2500000)
 ParOldGen       total 86016K, used 16K [0x00000000a0000000, 0x00000000a5400000, 0x00000000e0000000)
  object space 86016K, 0% used [0x00000000a0000000,0x00000000a0004000,0x00000000a5400000)
 Metaspace       used 12223K, capacity 12622K, committed 12928K, reserved 1060864K
  class space    used 1637K, capacity 1793K, committed 1920K, reserved 1048576K
Event: 1.670 GC heap after
Heap after GC invocations=3 (full 0):
 PSYoungGen      total 37888K, used 5088K [0x00000000e0000000, 0x00000000e2a00000, 0x0000000100000000)
  eden space 32768K, 0% used [0x00000000e0000000,0x00000000e0000000,0x00000000e2000000)
  from space 5120K, 99% used [0x00000000e2000000,0x00000000e24f8020,0x00000000e2500000)
  to   space 5120K, 0% used [0x00000000e2500000,0x00000000e2500000,0x00000000e2a00000)
 ParOldGen       total 86016K, used 1187K [0x00000000a0000000, 0x00000000a5400000, 0x00000000e0000000)
  object space 86016K, 1% used [0x00000000a0000000,0x00000000a0128eb0,0x00000000a5400000)
 Metaspace       used 12223K, capacity 12622K, committed 12928K, reserved 1060864K
  class space    used 1637K, capacity 1793K, committed 1920K, reserved 1048576K
}
Event: 1.892 GC heap before
{Heap before GC invocations=4 (full 0):
 PSYoungGen      total 37888K, used 37856K [0x00000000e0000000, 0x00000000e2a00000, 0x0000000100000000)
  eden space 32768K, 100% used [0x00000000e0000000,0x00000000e2000000,0x00000000e2000000)
  from space 5120K, 99% used [0x00000000e2000000,0x00000000e24f8020,0x00000000e2500000)
  to   space 5120K, 0% used [0x00000000e2500000,0x00000000e2500000,0x00000000e2a00000)
 ParOldGen       total 86016K, used 1187K [0x00000000a0000000, 0x00000000a5400000, 0x00000000e0000000)
  object space 86016K, 1% used [0x00000000a0000000,0x00000000a0128eb0,0x00000000a5400000)
 Metaspace       used 14576K, capacity 14966K, committed 15232K, reserved 1062912K
  class space    used 2039K, capacity 2149K, committed 2176K, reserved 1048576K
Event: 1.898 GC heap after
Heap after GC invocations=4 (full 0):
 PSYoungGen      total 37888K, used 5120K [0x00000000e0000000, 0x00000000e4a00000, 0x0000000100000000)
  eden space 32768K, 0% used [0x00000000e0000000,0x00000000e0000000,0x00000000e2000000)
  from space 5120K, 100% used [0x00000000e2500000,0x00000000e2a00000,0x00000000e2a00000)
  to   space 5120K, 0% used [0x00000000e2000000,0x00000000e2000000,0x00000000e2500000)
 ParOldGen       total 86016K, used 3581K [0x00000000a0000000, 0x00000000a5400000, 0x00000000e0000000)
  object space 86016K, 4% used [0x00000000a0000000,0x00000000a037f7f8,0x00000000a5400000)
 Metaspace       used 14576K, capacity 14966K, committed 15232K, reserved 1062912K
  class space    used 2039K, capacity 2149K, committed 2176K, reserved 1048576K
}
Event: 2.267 GC heap before
{Heap before GC invocations=5 (full 0):
 PSYoungGen      total 37888K, used 37888K [0x00000000e0000000, 0x00000000e4a00000, 0x0000000100000000)
  eden space 32768K, 100% used [0x00000000e0000000,0x00000000e2000000,0x00000000e2000000)
  from space 5120K, 100% used [0x00000000e2500000,0x00000000e2a00000,0x00000000e2a00000)
  to   space 5120K, 0% used [0x00000000e2000000,0x00000000e2000000,0x00000000e2500000)
 ParOldGen       total 86016K, used 3581K [0x00000000a0000000, 0x00000000a5400000, 0x00000000e0000000)
  object space 86016K, 4% used [0x00000000a0000000,0x00000000a037f7f8,0x00000000a5400000)
 Metaspace       used 17367K, capacity 17794K, committed 18048K, reserved 1064960K
  class space    used 2498K, capacity 2649K, committed 2688K, reserved 1048576K
Event: 2.280 GC heap after
Heap after GC invocations=5 (full 0):
 PSYoungGen      total 37888K, used 5088K [0x00000000e0000000, 0x00000000e5400000, 0x0000000100000000)
  eden space 32768K, 0% used [0x00000000e0000000,0x00000000e0000000,0x00000000e2000000)
  from space 5120K, 99% used [0x00000000e2000000,0x00000000e24f8040,0x00000000e2500000)
  to   space 10240K, 0% used [0x00000000e4a00000,0x00000000e4a00000,0x00000000e5400000)
 ParOldGen       total 86016K, used 6805K [0x00000000a0000000, 0x00000000a5400000, 0x00000000e0000000)
  object space 86016K, 7% used [0x00000000a0000000,0x00000000a06a5600,0x00000000a5400000)
 Metaspace       used 17367K, capacity 17794K, committed 18048K, reserved 1064960K
  class space    used 2498K, capacity 2649K, committed 2688K, reserved 1048576K
}

Deoptimization events (10 events):
Event: 1.267 Thread 0x0000000000c2e800 Uncommon trap: reason=unstable_if action=reinterpret pc=0x00000000028b70fc method=java.io.WinNTFileSystem.normalize(Ljava/lang/String;)Ljava/lang/String; @ 128
Event: 1.623 Thread 0x00000000199d3000 Uncommon trap: reason=bimorphic action=maybe_recompile pc=0x00000000028883c0 method=java.util.HashMap.putVal(ILjava/lang/Object;Ljava/lang/Object;ZZ)Ljava/lang/Object; @ 253
Event: 1.623 Thread 0x00000000199d3000 Uncommon trap: reason=bimorphic action=maybe_recompile pc=0x00000000028883c0 method=java.util.HashMap.putVal(ILjava/lang/Object;Ljava/lang/Object;ZZ)Ljava/lang/Object; @ 253
Event: 1.623 Thread 0x00000000199d3000 Uncommon trap: reason=bimorphic action=maybe_recompile pc=0x00000000028883c0 method=java.util.HashMap.putVal(ILjava/lang/Object;Ljava/lang/Object;ZZ)Ljava/lang/Object; @ 253
Event: 1.781 Thread 0x00000000199d3000 Uncommon trap: reason=class_check action=maybe_recompile pc=0x00000000028aa598 method=java.util.regex.Matcher.match(II)Z @ 86
Event: 1.791 Thread 0x00000000199d3000 Uncommon trap: reason=class_check action=maybe_recompile pc=0x00000000028aa598 method=java.util.regex.Matcher.match(II)Z @ 86
Event: 1.791 Thread 0x00000000199d3000 Uncommon trap: reason=class_check action=maybe_recompile pc=0x00000000028aa598 method=java.util.regex.Matcher.match(II)Z @ 86
Event: 1.791 Thread 0x00000000199d3000 Uncommon trap: reason=class_check action=maybe_recompile pc=0x0000000002864edc method=java.util.regex.Matcher.match(II)Z @ 86
Event: 2.001 Thread 0x00000000199d3000 Uncommon trap: reason=unstable_if action=reinterpret pc=0x0000000002a4d134 method=java.lang.String.lastIndexOf([CII[CIII)I @ 66
Event: 2.075 Thread 0x00000000199d3000 Uncommon trap: reason=unstable_if action=reinterpret pc=0x0000000002a511a8 method=java.util.HashMap.putVal(ILjava/lang/Object;Ljava/lang/Object;ZZ)Ljava/lang/Object; @ 236

Classes redefined (0 events):
No events

Internal exceptions (10 events):
Event: 1.591 Thread 0x0000000019985000 Exception <a 'java/lang/NoSuchMethodError': <clinit>> (0x00000000e1903b08) thrown at [D:\src\AOSP-openjdk-cygwin\jdk8u\hotspot\src\share\vm\prims\jni.cpp, line 1614]
Event: 1.591 Thread 0x0000000019985000 Exception <a 'java/lang/NoSuchMethodError': <clinit>> (0x00000000e190d8b8) thrown at [D:\src\AOSP-openjdk-cygwin\jdk8u\hotspot\src\share\vm\prims\jni.cpp, line 1614]
Event: 1.592 Thread 0x0000000019985000 Exception <a 'java/lang/NoSuchMethodError': <clinit>> (0x00000000e19222f0) thrown at [D:\src\AOSP-openjdk-cygwin\jdk8u\hotspot\src\share\vm\prims\jni.cpp, line 1614]
Event: 1.598 Thread 0x0000000019985000 Exception <a 'java/lang/NoSuchMethodError': <clinit>> (0x00000000e197dae8) thrown at [D:\src\AOSP-openjdk-cygwin\jdk8u\hotspot\src\share\vm\prims\jni.cpp, line 1614]
Event: 1.601 Thread 0x0000000019985000 Exception <a 'java/lang/NoSuchMethodError': <clinit>> (0x00000000e19b5608) thrown at [D:\src\AOSP-openjdk-cygwin\jdk8u\hotspot\src\share\vm\prims\jni.cpp, line 1614]
Event: 1.604 Thread 0x0000000019985000 Exception <a 'java/lang/NoSuchMethodError': <clinit>> (0x00000000e19eb908) thrown at [D:\src\AOSP-openjdk-cygwin\jdk8u\hotspot\src\share\vm\prims\jni.cpp, line 1614]
Event: 1.605 Thread 0x0000000019985000 Exception <a 'java/lang/NoSuchMethodError': <clinit>> (0x00000000e19f6ca0) thrown at [D:\src\AOSP-openjdk-cygwin\jdk8u\hotspot\src\share\vm\prims\jni.cpp, line 1614]
Event: 1.969 Thread 0x00000000199d3000 Exception <a 'java/lang/NoSuchMethodError': java.lang.Object.lambda$and$0(Ljava/util/function/Predicate;Ljava/lang/Object;)Z> (0x00000000e0830f68) thrown at [D:\src\AOSP-openjdk-cygwin\jdk8u\hotspot\src\share\vm\interpreter\linkResolver.cpp, line 620]
Event: 1.980 Thread 0x00000000199d3000 Exception <a 'java/lang/IncompatibleClassChangeError': Found class java.lang.Object, but interface was expected> (0x00000000e08472c0) thrown at [D:\src\AOSP-openjdk-cygwin\jdk8u\hotspot\src\share\vm\interpreter\linkResolver.cpp, line 653]
Event: 1.982 Thread 0x00000000199d3000 Exception <a 'java/lang/NoSuchMethodError': java.lang.Object.lambda$or$2(Ljava/util/function/Predicate;Ljava/lang/Object;)Z> (0x00000000e084c1d0) thrown at [D:\src\AOSP-openjdk-cygwin\jdk8u\hotspot\src\share\vm\interpreter\linkResolver.cpp, line 620]

Events (10 events):
Event: 2.334 loading class org/gradle/instantexecution/DefaultInstantExecution$Host
Event: 2.334 loading class org/gradle/instantexecution/DefaultInstantExecution$Host done
Event: 2.335 loading class org/gradle/instantexecution/DefaultInstantExecution
Event: 2.335 loading class org/gradle/instantexecution/DefaultInstantExecution done
Event: 2.336 loading class org/gradle/initialization/InstantExecution
Event: 2.336 loading class org/gradle/initialization/InstantExecution done
Event: 2.337 loading class kotlin/jvm/internal/PropertyReference1Impl
Event: 2.337 loading class kotlin/jvm/internal/PropertyReference1Impl done
Event: 2.337 loading class kotlin/coroutines/Continuation
Event: 2.337 loading class kotlin/coroutines/Continuation done


Dynamic libraries:
0x00007ff716450000 - 0x00007ff716481000 	C:\Program Files\Android\Android Studio\jre\bin\java.exe
0x00007ffbba0e0000 - 0x00007ffbba2d0000 	C:\WINDOWS\SYSTEM32\ntdll.dll
0x00007ffbb84c0000 - 0x00007ffbb8572000 	C:\WINDOWS\System32\KERNEL32.DLL
0x00007ffbb7330000 - 0x00007ffbb75d4000 	C:\WINDOWS\System32\KERNELBASE.dll
0x00007ffbb8870000 - 0x00007ffbb8913000 	C:\WINDOWS\System32\ADVAPI32.dll
0x00007ffbb8920000 - 0x00007ffbb89be000 	C:\WINDOWS\System32\msvcrt.dll
0x00007ffbb8400000 - 0x00007ffbb8497000 	C:\WINDOWS\System32\sechost.dll
0x00007ffbb9d20000 - 0x00007ffbb9e40000 	C:\WINDOWS\System32\RPCRT4.dll
0x00007ffbb9480000 - 0x00007ffbb9614000 	C:\WINDOWS\System32\USER32.dll
0x00007ffbb7100000 - 0x00007ffbb7121000 	C:\WINDOWS\System32\win32u.dll
0x00007ffbba040000 - 0x00007ffbba066000 	C:\WINDOWS\System32\GDI32.dll
0x00007ffbb7680000 - 0x00007ffbb7814000 	C:\WINDOWS\System32\gdi32full.dll
0x00007ffbb75e0000 - 0x00007ffbb767e000 	C:\WINDOWS\System32\msvcp_win.dll
0x00007ffbb78f0000 - 0x00007ffbb79ea000 	C:\WINDOWS\System32\ucrtbase.dll
0x00007ffbaa030000 - 0x00007ffbaa2b4000 	C:\WINDOWS\WinSxS\amd64_microsoft.windows.common-controls_6595b64144ccf1df_6.0.18362.836_none_e6c4b943130f18ed\COMCTL32.dll
0x00007ffbb90c0000 - 0x00007ffbb93f6000 	C:\WINDOWS\System32\combase.dll
0x00007ffbb7870000 - 0x00007ffbb78f0000 	C:\WINDOWS\System32\bcryptPrimitives.dll
0x00007ffbba070000 - 0x00007ffbba09e000 	C:\WINDOWS\System32\IMM32.DLL
0x0000000062b20000 - 0x0000000062bf2000 	C:\Program Files\Android\Android Studio\jre\jre\bin\msvcr100.dll
0x0000000062ce0000 - 0x0000000063526000 	C:\Program Files\Android\Android Studio\jre\jre\bin\server\jvm.dll
0x00007ffbb9ef0000 - 0x00007ffbb9ef8000 	C:\WINDOWS\System32\PSAPI.DLL
0x00007ffbaa540000 - 0x00007ffbaa54a000 	C:\WINDOWS\SYSTEM32\VERSION.dll
0x00007ffbb4b50000 - 0x00007ffbb4b74000 	C:\WINDOWS\SYSTEM32\WINMM.dll
0x00007ffbb4b20000 - 0x00007ffbb4b4d000 	C:\WINDOWS\SYSTEM32\WINMMBASE.dll
0x00007ffbb7820000 - 0x00007ffbb786a000 	C:\WINDOWS\System32\cfgmgr32.dll
0x00007ffba5f00000 - 0x00007ffba5f09000 	C:\WINDOWS\SYSTEM32\WSOCK32.dll
0x00007ffbb9f60000 - 0x00007ffbb9fcf000 	C:\WINDOWS\System32\WS2_32.dll
0x00007ffbb3510000 - 0x00007ffbb351f000 	C:\Program Files\Android\Android Studio\jre\jre\bin\verify.dll
0x00007ffbb34e0000 - 0x00007ffbb3509000 	C:\Program Files\Android\Android Studio\jre\jre\bin\java.dll
0x00007ffbb34c0000 - 0x00007ffbb34d6000 	C:\Program Files\Android\Android Studio\jre\jre\bin\zip.dll
0x00007ffbb89d0000 - 0x00007ffbb90b4000 	C:\WINDOWS\System32\SHELL32.dll
0x00007ffbb8730000 - 0x00007ffbb87d9000 	C:\WINDOWS\System32\shcore.dll
0x00007ffbb79f0000 - 0x00007ffbb816e000 	C:\WINDOWS\System32\windows.storage.dll
0x00007ffbb6fb0000 - 0x00007ffbb6fd3000 	C:\WINDOWS\System32\profapi.dll
0x00007ffbb6fe0000 - 0x00007ffbb702a000 	C:\WINDOWS\System32\powrprof.dll
0x00007ffbb6fa0000 - 0x00007ffbb6fb0000 	C:\WINDOWS\System32\UMPDC.dll
0x00007ffbb83a0000 - 0x00007ffbb83f2000 	C:\WINDOWS\System32\shlwapi.dll
0x00007ffbb7030000 - 0x00007ffbb7041000 	C:\WINDOWS\System32\kernel.appcore.dll
0x00007ffbb8170000 - 0x00007ffbb8187000 	C:\WINDOWS\System32\cryptsp.dll
0x00007ffbb04d0000 - 0x00007ffbb04ea000 	C:\Program Files\Android\Android Studio\jre\jre\bin\net.dll
0x00007ffba6e40000 - 0x00007ffba7016000 	C:\WINDOWS\SYSTEM32\urlmon.dll
0x00007ffba7140000 - 0x00007ffba73e6000 	C:\WINDOWS\SYSTEM32\iertutil.dll
0x00007ffbb69e0000 - 0x00007ffbb69ec000 	C:\WINDOWS\SYSTEM32\CRYPTBASE.DLL
0x00007ffbb67b0000 - 0x00007ffbb6817000 	C:\WINDOWS\system32\mswsock.dll
0x00007ffba3b30000 - 0x00007ffba3b43000 	C:\Program Files\Android\Android Studio\jre\jre\bin\nio.dll
0x00007ffb9d2a0000 - 0x00007ffb9d2c6000 	C:\Users\lakshya\.gradle\native\30\windows-amd64\native-platform.dll
0x00007ffbb0060000 - 0x00007ffbb006d000 	C:\Program Files\Android\Android Studio\jre\jre\bin\management.dll
0x00007ffbb6320000 - 0x00007ffbb6353000 	C:\WINDOWS\system32\rsaenh.dll
0x00007ffbb7070000 - 0x00007ffbb7096000 	C:\WINDOWS\System32\bcrypt.dll
0x00007ffbb6ec0000 - 0x00007ffbb6ee5000 	C:\WINDOWS\SYSTEM32\USERENV.dll
0x00007ffbb64c0000 - 0x00007ffbb64fa000 	C:\WINDOWS\SYSTEM32\IPHLPAPI.DLL
0x00007ffbb89c0000 - 0x00007ffbb89c8000 	C:\WINDOWS\System32\NSI.dll
0x00007ffbae1f0000 - 0x00007ffbae206000 	C:\WINDOWS\SYSTEM32\dhcpcsvc6.DLL
0x00007ffbae420000 - 0x00007ffbae43c000 	C:\WINDOWS\SYSTEM32\dhcpcsvc.DLL
0x00007ffbb6500000 - 0x00007ffbb65cb000 	C:\WINDOWS\SYSTEM32\DNSAPI.dll

VM Arguments:
jvm_args: -Xmx1536m -Dfile.encoding=windows-1252 -Duser.country=US -Duser.language=en -Duser.variant 
java_command: org.gradle.launcher.daemon.bootstrap.GradleDaemon 5.6.4
java_class_path (initial): C:\Users\lakshya\.gradle\wrapper\dists\gradle-5.6.4-all\ankdp27end7byghfw1q2sw75f\gradle-5.6.4\lib\gradle-launcher-5.6.4.jar
Launcher Type: SUN_STANDARD

Environment Variables:
PATH=C:\Program Files (x86)\Intel\iCLS Client\;C:\Program Files\Java\jdk1.8.0_161\bin;C:\Program Files\Intel\iCLS Client\;C:\WINDOWS\system32;C:\WINDOWS;C:\WINDOWS\System32\Wbem;C:\WINDOWS\System32\WindowsPowerShell\v1.0\;;C:\WINDOWS\System32\OpenSSH\;C:\Program Files (x86)\Intel\Intel(R) Management Engine Components\DAL;C:\Program Files\Intel\Intel(R) Management Engine Components\DAL;C:\Program Files (x86)\Intel\Intel(R) Management Engine Components\IPT;C:\Program Files\Intel\Intel(R) Management Engine Components\IPT;C:\Users\lakshya\Anaconda3;C:\Users\lakshya\Anaconda3\Library\mingw-w64\bin;C:\Users\lakshya\Anaconda3\Library\usr\bin;C:\Users\lakshya\Anaconda3\Library\bin;C:\Users\lakshya\Anaconda3\Scripts;C:\Users\lakshya\AppData\Local\Microsoft\WindowsApps
USERNAME=lakshya
OS=Windows_NT
PROCESSOR_IDENTIFIER=Intel64 Family 6 Model 142 Stepping 9, GenuineIntel



---------------  S Y S T E M  ---------------

OS: Windows 10.0 , 64 bit Build 18362 (10.0.18362.778)

CPU:total 4 (initial active 4) (2 cores per cpu, 2 threads per core) family 6 model 142 stepping 9, cmov, cx8, fxsr, mmx, sse, sse2, sse3, ssse3, sse4.1, sse4.2, popcnt, avx, avx2, aes, clmul, erms, 3dnowpref, lzcnt, ht, tsc, tscinvbit, bmi1, bmi2, adx

Memory: 4k page, physical 8255088k(1204144k free), swap 8255088k(5328k free)

vm_info: OpenJDK 64-Bit Server VM (25.212-b04) for windows-amd64 JRE (1.8.0_212-release-1586-b04), built by "builder" with MS VC++ 10.0 (VS2010)

time: Fri May 29 23:45:45 2020
timezone: India Standard Time
elapsed time: 2 seconds (0d 0h 0m 2s)

