#
# There is insufficient memory for the Java Runtime Environment to continue.
# Native memory allocation (malloc) failed to allocate 1676992 bytes for Chunk::new
# Possible reasons:
#   The system is out of physical RAM or swap space
#   The process is running with CompressedOops enabled, and the Java Heap may be blocking the growth of the native heap
# Possible solutions:
#   Reduce memory load on the system
#   Increase physical memory or swap space
#   Check if swap backing store is full
#   Decrease Java heap size (-Xmx/-Xms)
#   Decrease number of Java threads
#   Decrease Java thread stack sizes (-Xss)
#   Set larger code cache with -XX:ReservedCodeCacheSize=
#   JVM is running with Unscaled Compressed Oops mode in which the Java heap is
#     placed in the first 4GB address space. The Java Heap base address is the
#     maximum limit for the native heap growth. Please use -XX:HeapBaseMinAddress
#     to set the Java Heap base and to place the Java Heap above 4GB virtual address.
# This output file may be truncated or incomplete.
#
#  Out of Memory Error (allocation.cpp:389), pid=11440, tid=0x000000000000126c
#
# JRE version: OpenJDK Runtime Environment (8.0_212-b04) (build 1.8.0_212-release-1586-b04)
# Java VM: OpenJDK 64-Bit Server VM (25.212-b04 mixed mode windows-amd64 compressed oops)
# Failed to write core dump. Minidumps are not enabled by default on client versions of Windows
#

---------------  T H R E A D  ---------------

Current thread (0x000000001631d000):  JavaThread "C2 CompilerThread1" daemon [_thread_in_native, id=4716, stack(0x0000000017a80000,0x0000000017b80000)]

Stack: [0x0000000017a80000,0x0000000017b80000]
[error occurred during error reporting (printing stack bounds), id 0xc0000005]

Native frames: (J=compiled Java code, j=interpreted, Vv=VM code, C=native code)


Current CompileTask:
C2: 706686 11421   !   4       java.io.ObjectInputStream::readObject0 (566 bytes)


---------------  P R O C E S S  ---------------

Java Threads: ( => current thread )
  0x000000001cd72000 JavaThread "stdout" [_thread_in_native, id=10656, stack(0x0000000026de0000,0x0000000026ee0000)]
  0x000000001cd6d800 JavaThread "stderr" [_thread_in_native, id=8432, stack(0x0000000026ce0000,0x0000000026de0000)]
  0x000000001880d800 JavaThread "stdout" [_thread_in_native, id=12216, stack(0x0000000026ab0000,0x0000000026bb0000)]
  0x0000000018807800 JavaThread "stderr" [_thread_in_native, id=2356, stack(0x00000000269b0000,0x0000000026ab0000)]
  0x000000001880d000 JavaThread "stdout" [_thread_in_native, id=6228, stack(0x00000000268b0000,0x00000000269b0000)]
  0x000000001880b800 JavaThread "stderr" [_thread_in_native, id=12412, stack(0x00000000267b0000,0x00000000268b0000)]
  0x000000001880a000 JavaThread "pool-4-thread-1" [_thread_blocked, id=15104, stack(0x0000000026310000,0x0000000026410000)]
  0x000000001880c000 JavaThread "MarlinRenderer Disposer" daemon [_thread_blocked, id=14496, stack(0x00000000260b0000,0x00000000261b0000)]
  0x0000000018803800 JavaThread "Java2D Disposer" daemon [_thread_blocked, id=14588, stack(0x00000000264b0000,0x00000000265b0000)]
  0x000000001880a800 JavaThread "WorkerExecutor Queue Thread 5" [_thread_blocked, id=8140, stack(0x0000000026210000,0x0000000026310000)]
  0x0000000018809000 JavaThread "WorkerExecutor Queue Thread 4" [_thread_blocked, id=9620, stack(0x0000000025bb0000,0x0000000025cb0000)]
  0x0000000018808000 JavaThread "WorkerExecutor Queue Thread 3" [_thread_blocked, id=8136, stack(0x0000000025ab0000,0x0000000025bb0000)]
  0x0000000018800000 JavaThread "WorkerExecutor Queue Thread 2" [_thread_blocked, id=8876, stack(0x00000000259b0000,0x0000000025ab0000)]
  0x0000000018806800 JavaThread "WorkerExecutor Queue" [_thread_blocked, id=14316, stack(0x0000000025320000,0x0000000025420000)]
  0x00000000187ff000 JavaThread "Cache worker for execution history cache (C:\Users\lakshya\AndroidStudioProjects\Notes\.gradle\5.6.4\executionHistory)" [_thread_blocked, id=12912, stack(0x0000000025220000,0x0000000025320000)]
  0x0000000018806000 JavaThread "Execution worker for ':' Thread 3" [_thread_blocked, id=11352, stack(0x00000000256b0000,0x00000000257b0000)]
  0x00000000187fe800 JavaThread "Execution worker for ':' Thread 2" [_thread_blocked, id=5028, stack(0x00000000255b0000,0x00000000256b0000)]
  0x0000000018804800 JavaThread "Execution worker for ':'" [_thread_in_native, id=12120, stack(0x00000000254b0000,0x00000000255b0000)]
  0x0000000018802000 JavaThread "Cache worker for file content cache (C:\Users\lakshya\AndroidStudioProjects\Notes\.gradle\5.6.4\fileContent)" [_thread_blocked, id=652, stack(0x0000000025120000,0x0000000025220000)]
  0x0000000019410800 JavaThread "Cache worker for file content cache (C:\Users\lakshya\.gradle\caches\5.6.4\fileContent)" [_thread_blocked, id=2512, stack(0x0000000025020000,0x0000000025120000)]
  0x0000000019415800 JavaThread "Cache worker for Build Output Cleanup Cache (C:\Users\lakshya\AndroidStudioProjects\Notes\.gradle\buildOutputCleanup)" [_thread_blocked, id=12172, stack(0x0000000020a30000,0x0000000020b30000)]
  0x0000000019413800 JavaThread "Build operations Thread 4" [_thread_blocked, id=8056, stack(0x0000000022c70000,0x0000000022d70000)]
  0x0000000019415000 JavaThread "Build operations Thread 3" [_thread_blocked, id=1136, stack(0x0000000022370000,0x0000000022470000)]
  0x0000000019414000 JavaThread "Build operations Thread 2" [_thread_blocked, id=14756, stack(0x0000000020c50000,0x0000000020d50000)]
  0x0000000019416800 JavaThread "Build operations" [_thread_blocked, id=11284, stack(0x0000000020b50000,0x0000000020c50000)]
  0x0000000019412800 JavaThread "Cache worker for cache directory md-rule (C:\Users\lakshya\.gradle\caches\5.6.4\md-rule)" [_thread_blocked, id=13840, stack(0x000000001f4a0000,0x000000001f5a0000)]
  0x0000000019893000 JavaThread "Cache worker for cache directory md-supplier (C:\Users\lakshya\.gradle\caches\5.6.4\md-supplier)" [_thread_blocked, id=13340, stack(0x000000001eea0000,0x000000001efa0000)]
  0x0000000019892800 JavaThread "Cache worker for file hash cache (C:\Users\lakshya\AndroidStudioProjects\Notes\.gradle\5.6.4\fileHashes)" [_thread_blocked, id=12524, stack(0x000000001d570000,0x000000001d670000)]
  0x0000000019891000 JavaThread "Thread-28" [_thread_blocked, id=11864, stack(0x000000001d470000,0x000000001d570000)]
  0x0000000019888800 JavaThread "Stdin handler" [_thread_blocked, id=15260, stack(0x000000001bba0000,0x000000001bca0000)]
  0x000000001988f800 JavaThread "Asynchronous log dispatcher for DefaultDaemonConnection: socket connection from /127.0.0.1:49962 to /127.0.0.1:50120" [_thread_blocked, id=6436, stack(0x000000001b8a0000,0x000000001b9a0000)]
  0x000000001988e800 JavaThread "Daemon worker Thread 2" [_thread_blocked, id=3392, stack(0x000000001b3a0000,0x000000001b4a0000)]
  0x0000000019887000 JavaThread "Cancel handler" [_thread_blocked, id=11024, stack(0x0000000000d10000,0x0000000000e10000)]
  0x000000001988b800 JavaThread "Handler for socket connection from /127.0.0.1:49962 to /127.0.0.1:50120" [_thread_in_native, id=10480, stack(0x0000000000c10000,0x0000000000d10000)]
  0x000000001988d000 JavaThread "Daemon Thread 2" [_thread_blocked, id=5692, stack(0x0000000000b10000,0x0000000000c10000)]
  0x0000000019894000 JavaThread "Memory manager" [_thread_blocked, id=12176, stack(0x0000000023470000,0x0000000023570000)]
  0x0000000019886000 JavaThread "Cache worker for execution history cache (C:\Users\lakshya\.gradle\caches\5.6.4\executionHistory)" [_thread_blocked, id=9500, stack(0x000000001efa0000,0x000000001f0a0000)]
  0x000000001988b000 JavaThread "Cache worker for journal cache (C:\Users\lakshya\.gradle\caches\journal-1)" [_thread_blocked, id=15052, stack(0x000000001c0a0000,0x000000001c1a0000)]
  0x000000001988a000 JavaThread "File lock request listener" [_thread_in_native, id=12892, stack(0x000000001bfa0000,0x000000001c0a0000)]
  0x0000000019887800 JavaThread "Cache worker for file hash cache (C:\Users\lakshya\.gradle\caches\5.6.4\fileHashes)" [_thread_blocked, id=12752, stack(0x000000001bea0000,0x000000001bfa0000)]
  0x0000000019417000 JavaThread "Daemon periodic checks" [_thread_blocked, id=5864, stack(0x000000001b2a0000,0x000000001b3a0000)]
  0x0000000019411000 JavaThread "Incoming local TCP Connector on port 49962" [_thread_in_native, id=10276, stack(0x000000001b060000,0x000000001b160000)]
  0x0000000019412000 JavaThread "Daemon health stats" [_thread_blocked, id=8264, stack(0x000000001aa20000,0x000000001ab20000)]
  0x0000000017cb0800 JavaThread "Service Thread" daemon [_thread_blocked, id=6616, stack(0x0000000018080000,0x0000000018180000)]
  0x0000000016329800 JavaThread "C1 CompilerThread2" daemon [_thread_blocked, id=4844, stack(0x0000000017b80000,0x0000000017c80000)]
=>0x000000001631d000 JavaThread "C2 CompilerThread1" daemon [_thread_in_native, id=4716, stack(0x0000000017a80000,0x0000000017b80000)]
  0x0000000016319000 JavaThread "C2 CompilerThread0" daemon [_thread_blocked, id=11676, stack(0x0000000017980000,0x0000000017a80000)]
  0x0000000016318800 JavaThread "Attach Listener" daemon [_thread_blocked, id=11828, stack(0x0000000017880000,0x0000000017980000)]
  0x0000000016325000 JavaThread "Signal Dispatcher" daemon [_thread_blocked, id=5572, stack(0x0000000017780000,0x0000000017880000)]
  0x00000000029ab000 JavaThread "Finalizer" daemon [_thread_blocked, id=13696, stack(0x0000000017580000,0x0000000017680000)]
  0x0000000016309000 JavaThread "Reference Handler" daemon [_thread_blocked, id=9780, stack(0x0000000017480000,0x0000000017580000)]
  0x00000000028ae800 JavaThread "main" [_thread_blocked, id=14576, stack(0x00000000026c0000,0x00000000027c0000)]

Other Threads:
  0x00000000162e6000 VMThread [stack: 0x0000000017380000,0x0000000017480000] [id=7336]
  0x000000001637b000 WatcherThread [stack: 0x0000000018180000,0x0000000018280000] [id=12772]

VM state:not at safepoint (normal execution)

VM Mutex/Monitor currently owned by a thread: None

heap address: 0x00000000a0000000, size: 1536 MB, Compressed Oops mode: 32-bit
Narrow klass base: 0x0000000000000000, Narrow klass shift: 3
Compressed class space size: 1073741824 Address: 0x0000000100000000

Heap:
 PSYoungGen      total 191488K, used 114591K [0x00000000e0000000, 0x00000000ef600000, 0x0000000100000000)
  eden space 171520K, 55% used [0x00000000e0000000,0x00000000e5c69cb0,0x00000000ea780000)
  from space 19968K, 99% used [0x00000000ea780000,0x00000000ebafe198,0x00000000ebb00000)
  to   space 29184K, 0% used [0x00000000ed980000,0x00000000ed980000,0x00000000ef600000)
 ParOldGen       total 117248K, used 57023K [0x00000000a0000000, 0x00000000a7280000, 0x00000000e0000000)
  object space 117248K, 48% used [0x00000000a0000000,0x00000000a37afef0,0x00000000a7280000)
 Metaspace       used 78115K, capacity 81632K, committed 81792K, reserved 1120256K
  class space    used 10382K, capacity 11130K, committed 11136K, reserved 1048576K

Card table byte_map: [0x0000000011d70000,0x0000000012080000] byte_map_base: 0x0000000011870000

Marking Bits: (ParMarkBitMap*) 0x00000000634a9f30
 Begin Bits: [0x0000000012680000, 0x0000000013e80000)
 End Bits:   [0x0000000013e80000, 0x0000000015680000)

Polling page: 0x00000000009f0000

CodeCache: size=245760Kb used=32365Kb max_used=32374Kb free=213395Kb
 bounds [0x00000000029b0000, 0x0000000004980000, 0x00000000119b0000]
 total_blobs=10716 nmethods=9782 adapters=846
 compilation: enabled

Compilation events (10 events):
Event: 706.671 Thread 0x0000000016319000 11535       4       java.lang.System::checkKey (34 bytes)
Event: 706.671 Thread 0x0000000016329800 11536       3       sun.misc.URLClassPath::access$000 (6 bytes)
Event: 706.671 Thread 0x0000000016329800 nmethod 11536 0x00000000047e8d90 code [0x00000000047e8f00, 0x00000000047e9068]
Event: 706.672 Thread 0x0000000016329800 11537       3       com.sun.org.apache.xerces.internal.util.ParserConfigurationSettings::getProperty (20 bytes)
Event: 706.672 Thread 0x0000000016329800 nmethod 11537 0x00000000047e7250 code [0x00000000047e73c0, 0x00000000047e7748]
Event: 706.672 Thread 0x0000000016319000 nmethod 11535 0x00000000047e1690 code [0x00000000047e17c0, 0x00000000047e18f8]
Event: 706.672 Thread 0x0000000016329800 11538       1       com.sun.org.apache.xerces.internal.impl.XMLEntityManager::getEntityStore (5 bytes)
Event: 706.672 Thread 0x0000000016329800 nmethod 11538 0x0000000002f67cd0 code [0x0000000002f67e20, 0x0000000002f67f30]
Event: 706.672 Thread 0x0000000016329800 11539       1       com.android.manifmerger.XmlElement::getDocument (5 bytes)
Event: 706.672 Thread 0x0000000016329800 nmethod 11539 0x00000000047e6f90 code [0x00000000047e70e0, 0x00000000047e71f0]

GC Heap History (10 events):
Event: 26.357 GC heap before
{Heap before GC invocations=16 (full 2):
 PSYoungGen      total 137728K, used 125349K [0x00000000e0000000, 0x00000000eab80000, 0x0000000100000000)
  eden space 125952K, 90% used [0x00000000e0000000,0x00000000e6eeb928,0x00000000e7b00000)
  from space 11776K, 99% used [0x00000000e7b00000,0x00000000e867dd90,0x00000000e8680000)
  to   space 15872K, 0% used [0x00000000e9c00000,0x00000000e9c00000,0x00000000eab80000)
 ParOldGen       total 75264K, used 23892K [0x00000000a0000000, 0x00000000a4980000, 0x00000000e0000000)
  object space 75264K, 31% used [0x00000000a0000000,0x00000000a1755270,0x00000000a4980000)
 Metaspace       used 57056K, capacity 59108K, committed 59136K, reserved 1099776K
  class space    used 7957K, capacity 8422K, committed 8448K, reserved 1048576K
Event: 26.391 GC heap after
Heap after GC invocations=16 (full 2):
 PSYoungGen      total 159744K, used 9988K [0x00000000e0000000, 0x00000000ebc80000, 0x0000000100000000)
  eden space 143872K, 0% used [0x00000000e0000000,0x00000000e0000000,0x00000000e8c80000)
  from space 15872K, 62% used [0x00000000e9c00000,0x00000000ea5c10e0,0x00000000eab80000)
  to   space 15872K, 0% used [0x00000000e8c80000,0x00000000e8c80000,0x00000000e9c00000)
 ParOldGen       total 75264K, used 32062K [0x00000000a0000000, 0x00000000a4980000, 0x00000000e0000000)
  object space 75264K, 42% used [0x00000000a0000000,0x00000000a1f4f9d8,0x00000000a4980000)
 Metaspace       used 57056K, capacity 59108K, committed 59136K, reserved 1099776K
  class space    used 7957K, capacity 8422K, committed 8448K, reserved 1048576K
}
Event: 26.391 GC heap before
{Heap before GC invocations=17 (full 3):
 PSYoungGen      total 159744K, used 9988K [0x00000000e0000000, 0x00000000ebc80000, 0x0000000100000000)
  eden space 143872K, 0% used [0x00000000e0000000,0x00000000e0000000,0x00000000e8c80000)
  from space 15872K, 62% used [0x00000000e9c00000,0x00000000ea5c10e0,0x00000000eab80000)
  to   space 15872K, 0% used [0x00000000e8c80000,0x00000000e8c80000,0x00000000e9c00000)
 ParOldGen       total 75264K, used 32062K [0x00000000a0000000, 0x00000000a4980000, 0x00000000e0000000)
  object space 75264K, 42% used [0x00000000a0000000,0x00000000a1f4f9d8,0x00000000a4980000)
 Metaspace       used 57056K, capacity 59108K, committed 59136K, reserved 1099776K
  class space    used 7957K, capacity 8422K, committed 8448K, reserved 1048576K
Event: 26.725 GC heap after
Heap after GC invocations=17 (full 3):
 PSYoungGen      total 159744K, used 0K [0x00000000e0000000, 0x00000000ebc80000, 0x0000000100000000)
  eden space 143872K, 0% used [0x00000000e0000000,0x00000000e0000000,0x00000000e8c80000)
  from space 15872K, 0% used [0x00000000e9c00000,0x00000000e9c00000,0x00000000eab80000)
  to   space 15872K, 0% used [0x00000000e8c80000,0x00000000e8c80000,0x00000000e9c00000)
 ParOldGen       total 117248K, used 37238K [0x00000000a0000000, 0x00000000a7280000, 0x00000000e0000000)
  object space 117248K, 31% used [0x00000000a0000000,0x00000000a245da20,0x00000000a7280000)
 Metaspace       used 57049K, capacity 59084K, committed 59136K, reserved 1099776K
  class space    used 7954K, capacity 8418K, committed 8448K, reserved 1048576K
}
Event: 30.904 GC heap before
{Heap before GC invocations=18 (full 3):
 PSYoungGen      total 159744K, used 143872K [0x00000000e0000000, 0x00000000ebc80000, 0x0000000100000000)
  eden space 143872K, 100% used [0x00000000e0000000,0x00000000e8c80000,0x00000000e8c80000)
  from space 15872K, 0% used [0x00000000e9c00000,0x00000000e9c00000,0x00000000eab80000)
  to   space 15872K, 0% used [0x00000000e8c80000,0x00000000e8c80000,0x00000000e9c00000)
 ParOldGen       total 117248K, used 37238K [0x00000000a0000000, 0x00000000a7280000, 0x00000000e0000000)
  object space 117248K, 31% used [0x00000000a0000000,0x00000000a245da20,0x00000000a7280000)
 Metaspace       used 63233K, capacity 65792K, committed 66048K, reserved 1105920K
  class space    used 8849K, capacity 9430K, committed 9472K, reserved 1048576K
Event: 30.920 GC heap after
Heap after GC invocations=18 (full 3):
 PSYoungGen      total 159744K, used 12315K [0x00000000e0000000, 0x00000000ecb80000, 0x0000000100000000)
  eden space 143872K, 0% used [0x00000000e0000000,0x00000000e0000000,0x00000000e8c80000)
  from space 15872K, 77% used [0x00000000e8c80000,0x00000000e9886c90,0x00000000e9c00000)
  to   space 16896K, 0% used [0x00000000ebb00000,0x00000000ebb00000,0x00000000ecb80000)
 ParOldGen       total 117248K, used 37246K [0x00000000a0000000, 0x00000000a7280000, 0x00000000e0000000)
  object space 117248K, 31% used [0x00000000a0000000,0x00000000a245fa20,0x00000000a7280000)
 Metaspace       used 63233K, capacity 65792K, committed 66048K, reserved 1105920K
  class space    used 8849K, capacity 9430K, committed 9472K, reserved 1048576K
}
Event: 35.545 GC heap before
{Heap before GC invocations=19 (full 3):
 PSYoungGen      total 159744K, used 156187K [0x00000000e0000000, 0x00000000ecb80000, 0x0000000100000000)
  eden space 143872K, 100% used [0x00000000e0000000,0x00000000e8c80000,0x00000000e8c80000)
  from space 15872K, 77% used [0x00000000e8c80000,0x00000000e9886c90,0x00000000e9c00000)
  to   space 16896K, 0% used [0x00000000ebb00000,0x00000000ebb00000,0x00000000ecb80000)
 ParOldGen       total 117248K, used 37246K [0x00000000a0000000, 0x00000000a7280000, 0x00000000e0000000)
  object space 117248K, 31% used [0x00000000a0000000,0x00000000a245fa20,0x00000000a7280000)
 Metaspace       used 68883K, capacity 71948K, committed 72064K, reserved 1112064K
  class space    used 9468K, capacity 10110K, committed 10112K, reserved 1048576K
Event: 35.636 GC heap after
Heap after GC invocations=19 (full 3):
 PSYoungGen      total 188416K, used 16870K [0x00000000e0000000, 0x00000000ed380000, 0x0000000100000000)
  eden space 171520K, 0% used [0x00000000e0000000,0x00000000e0000000,0x00000000ea780000)
  from space 16896K, 99% used [0x00000000ebb00000,0x00000000ecb79af0,0x00000000ecb80000)
  to   space 19968K, 0% used [0x00000000ea780000,0x00000000ea780000,0x00000000ebb00000)
 ParOldGen       total 117248K, used 40106K [0x00000000a0000000, 0x00000000a7280000, 0x00000000e0000000)
  object space 117248K, 34% used [0x00000000a0000000,0x00000000a272aba8,0x00000000a7280000)
 Metaspace       used 68883K, capacity 71948K, committed 72064K, reserved 1112064K
  class space    used 9468K, capacity 10110K, committed 10112K, reserved 1048576K
}
Event: 703.913 GC heap before
{Heap before GC invocations=20 (full 3):
 PSYoungGen      total 188416K, used 188390K [0x00000000e0000000, 0x00000000ed380000, 0x0000000100000000)
  eden space 171520K, 100% used [0x00000000e0000000,0x00000000ea780000,0x00000000ea780000)
  from space 16896K, 99% used [0x00000000ebb00000,0x00000000ecb79af0,0x00000000ecb80000)
  to   space 19968K, 0% used [0x00000000ea780000,0x00000000ea780000,0x00000000ebb00000)
 ParOldGen       total 117248K, used 40106K [0x00000000a0000000, 0x00000000a7280000, 0x00000000e0000000)
  object space 117248K, 34% used [0x00000000a0000000,0x00000000a272aba8,0x00000000a7280000)
 Metaspace       used 74257K, capacity 77518K, committed 77824K, reserved 1116160K
  class space    used 9955K, capacity 10631K, committed 10752K, reserved 1048576K
Event: 703.952 GC heap after
Heap after GC invocations=20 (full 3):
 PSYoungGen      total 191488K, used 19960K [0x00000000e0000000, 0x00000000ef600000, 0x0000000100000000)
  eden space 171520K, 0% used [0x00000000e0000000,0x00000000e0000000,0x00000000ea780000)
  from space 19968K, 99% used [0x00000000ea780000,0x00000000ebafe198,0x00000000ebb00000)
  to   space 29184K, 0% used [0x00000000ed980000,0x00000000ed980000,0x00000000ef600000)
 ParOldGen       total 117248K, used 57023K [0x00000000a0000000, 0x00000000a7280000, 0x00000000e0000000)
  object space 117248K, 48% used [0x00000000a0000000,0x00000000a37afef0,0x00000000a7280000)
 Metaspace       used 74257K, capacity 77518K, committed 77824K, reserved 1116160K
  class space    used 9955K, capacity 10631K, committed 10752K, reserved 1048576K
}

Deoptimization events (10 events):
Event: 706.027 Thread 0x0000000018804800 Uncommon trap: reason=class_check action=maybe_recompile pc=0x00000000048870b0 method=com.google.gson.stream.JsonWriter.newline()V @ 14
Event: 706.292 Thread 0x0000000018807800 Uncommon trap: reason=unstable_if action=reinterpret pc=0x000000000454b920 method=java.io.BufferedReader.readLine(Z)Ljava/lang/String; @ 192
Event: 706.297 Thread 0x000000001cd6d800 Uncommon trap: reason=unstable_if action=reinterpret pc=0x000000000454b920 method=java.io.BufferedReader.readLine(Z)Ljava/lang/String; @ 192
Event: 706.308 Thread 0x000000001880b800 Uncommon trap: reason=unstable_if action=reinterpret pc=0x000000000454b920 method=java.io.BufferedReader.readLine(Z)Ljava/lang/String; @ 192
Event: 706.459 Thread 0x0000000018804800 Uncommon trap: reason=unstable_if action=reinterpret pc=0x00000000048d04b4 method=com.sun.org.apache.xerces.internal.dom.AttrImpl.setValue(Ljava/lang/String;)V @ 74
Event: 706.460 Thread 0x0000000018806000 Uncommon trap: reason=class_check action=maybe_recompile pc=0x000000000490b644 method=org.gradle.internal.resources.DefaultResourceLockCoordinationService$DefaultResourceLockState.releaseLocks()V @ 37
Event: 706.464 Thread 0x0000000018804800 Uncommon trap: reason=unstable_if action=reinterpret pc=0x00000000047d8824 method=com.sun.org.apache.xerces.internal.dom.NodeImpl.getOwnerDocument()Lorg/w3c/dom/Document; @ 4
Event: 706.464 Thread 0x0000000018804800 Uncommon trap: reason=unstable_if action=reinterpret pc=0x000000000374536c method=java.util.regex.Pattern.closure(Ljava/util/regex/Pattern$Node;)Ljava/util/regex/Pattern$Node; @ 113
Event: 706.464 Thread 0x0000000018804800 Uncommon trap: reason=unstable_if action=reinterpret pc=0x0000000003d74920 method=java.util.regex.Pattern$Curly.match(Ljava/util/regex/Matcher;ILjava/lang/CharSequence;)Z @ 45
Event: 706.603 Thread 0x0000000018804800 Uncommon trap: reason=class_check action=maybe_recompile pc=0x00000000045751d0 method=com.google.common.base.Splitter$SplittingIterator.computeNext()Ljava/lang/String; @ 123

Classes redefined (0 events):
No events

Internal exceptions (10 events):
Event: 704.459 Thread 0x0000000018806000 Implicit null exception at 0x00000000034dba75 to 0x00000000034dbaf9
Event: 704.489 Thread 0x0000000018806000 Implicit null exception at 0x0000000003a829ef to 0x0000000003a83005
Event: 704.700 Thread 0x0000000018809000 Exception <a 'java/io/FileNotFoundException'> (0x00000000e1b382d8) thrown at [D:\src\AOSP-openjdk-cygwin\jdk8u\hotspot\src\share\vm\prims\jni.cpp, line 710]
Event: 704.852 Thread 0x0000000018809000 Exception <a 'java/io/FileNotFoundException'> (0x00000000e2d2d918) thrown at [D:\src\AOSP-openjdk-cygwin\jdk8u\hotspot\src\share\vm\prims\jni.cpp, line 710]
Event: 705.155 Thread 0x0000000018806000 Implicit null exception at 0x0000000002e42757 to 0x0000000002e42ad9
Event: 705.250 Thread 0x0000000018806000 Implicit null exception at 0x0000000004877b6e to 0x00000000048750a1
Event: 705.275 Thread 0x0000000018806000 Exception <a 'java/lang/NoSuchMethodError': <clinit>> (0x00000000e475cc40) thrown at [D:\src\AOSP-openjdk-cygwin\jdk8u\hotspot\src\share\vm\prims\jni.cpp, line 1614]
Event: 705.276 Thread 0x0000000018806000 Exception <a 'java/lang/NoSuchMethodError': <clinit>> (0x00000000e47780f0) thrown at [D:\src\AOSP-openjdk-cygwin\jdk8u\hotspot\src\share\vm\prims\jni.cpp, line 1614]
Event: 705.277 Thread 0x0000000018806000 Exception <a 'java/lang/NoSuchMethodError': <clinit>> (0x00000000e477cfd8) thrown at [D:\src\AOSP-openjdk-cygwin\jdk8u\hotspot\src\share\vm\prims\jni.cpp, line 1614]
Event: 705.278 Thread 0x0000000018806000 Exception <a 'java/lang/NoSuchMethodError': <clinit>> (0x00000000e478df38) thrown at [D:\src\AOSP-openjdk-cygwin\jdk8u\hotspot\src\share\vm\prims\jni.cpp, line 1614]

Events (10 events):
Event: 706.464 Thread 0x0000000018804800 DEOPT UNPACKING pc=0x00000000029f557b sp=0x00000000255aaae0 mode 2
Event: 706.464 loading class com/android/manifmerger/Actions$AttributeRecord
Event: 706.464 loading class com/android/manifmerger/Actions$AttributeRecord done
Event: 706.465 loading class com/android/manifmerger/XmlNode$NodeName
Event: 706.465 loading class com/android/manifmerger/XmlNode$NodeName done
Event: 706.465 loading class com/android/manifmerger/XmlNode$NodeName
Event: 706.465 loading class com/android/manifmerger/XmlNode$NodeName done
Event: 706.603 Thread 0x0000000018804800 Uncommon trap: trap_request=0xffffffde fr.pc=0x00000000045751d0
Event: 706.603 Thread 0x0000000018804800 DEOPT PACKING pc=0x00000000045751d0 sp=0x00000000255aaf10
Event: 706.603 Thread 0x0000000018804800 DEOPT UNPACKING pc=0x00000000029f557b sp=0x00000000255aade0 mode 2


Dynamic libraries:
0x00007ff716450000 - 0x00007ff716481000 	C:\Program Files\Android\Android Studio\jre\bin\java.exe
0x00007ffbba0e0000 - 0x00007ffbba2d0000 	C:\WINDOWS\SYSTEM32\ntdll.dll
0x00007ffbb84c0000 - 0x00007ffbb8572000 	C:\WINDOWS\System32\KERNEL32.DLL
0x00007ffbb7330000 - 0x00007ffbb75d4000 	C:\WINDOWS\System32\KERNELBASE.dll
0x00007ffbb8870000 - 0x00007ffbb8913000 	C:\WINDOWS\System32\ADVAPI32.dll
0x00007ffbb8920000 - 0x00007ffbb89be000 	C:\WINDOWS\System32\msvcrt.dll
0x00007ffbb8400000 - 0x00007ffbb8497000 	C:\WINDOWS\System32\sechost.dll
0x00007ffbb9d20000 - 0x00007ffbb9e40000 	C:\WINDOWS\System32\RPCRT4.dll
0x00007ffbb9480000 - 0x00007ffbb9614000 	C:\WINDOWS\System32\USER32.dll
0x00007ffbb7100000 - 0x00007ffbb7121000 	C:\WINDOWS\System32\win32u.dll
0x00007ffbba040000 - 0x00007ffbba066000 	C:\WINDOWS\System32\GDI32.dll
0x00007ffbb7680000 - 0x00007ffbb7814000 	C:\WINDOWS\System32\gdi32full.dll
0x00007ffbb75e0000 - 0x00007ffbb767e000 	C:\WINDOWS\System32\msvcp_win.dll
0x00007ffbb78f0000 - 0x00007ffbb79ea000 	C:\WINDOWS\System32\ucrtbase.dll
0x00007ffbaa030000 - 0x00007ffbaa2b4000 	C:\WINDOWS\WinSxS\amd64_microsoft.windows.common-controls_6595b64144ccf1df_6.0.18362.836_none_e6c4b943130f18ed\COMCTL32.dll
0x00007ffbb90c0000 - 0x00007ffbb93f6000 	C:\WINDOWS\System32\combase.dll
0x00007ffbb7870000 - 0x00007ffbb78f0000 	C:\WINDOWS\System32\bcryptPrimitives.dll
0x00007ffbba070000 - 0x00007ffbba09e000 	C:\WINDOWS\System32\IMM32.DLL
0x0000000062b20000 - 0x0000000062bf2000 	C:\Program Files\Android\Android Studio\jre\jre\bin\msvcr100.dll
0x0000000062ce0000 - 0x0000000063526000 	C:\Program Files\Android\Android Studio\jre\jre\bin\server\jvm.dll
0x00007ffbb9ef0000 - 0x00007ffbb9ef8000 	C:\WINDOWS\System32\PSAPI.DLL
0x00007ffbaa540000 - 0x00007ffbaa54a000 	C:\WINDOWS\SYSTEM32\VERSION.dll
0x00007ffbb4b50000 - 0x00007ffbb4b74000 	C:\WINDOWS\SYSTEM32\WINMM.dll
0x00007ffba5f00000 - 0x00007ffba5f09000 	C:\WINDOWS\SYSTEM32\WSOCK32.dll
0x00007ffbb4b20000 - 0x00007ffbb4b4d000 	C:\WINDOWS\SYSTEM32\winmmbase.dll
0x00007ffbb7820000 - 0x00007ffbb786a000 	C:\WINDOWS\System32\cfgmgr32.dll
0x00007ffbb9f60000 - 0x00007ffbb9fcf000 	C:\WINDOWS\System32\ws2_32.DLL
0x00007ffbb3510000 - 0x00007ffbb351f000 	C:\Program Files\Android\Android Studio\jre\jre\bin\verify.dll
0x00007ffbb34e0000 - 0x00007ffbb3509000 	C:\Program Files\Android\Android Studio\jre\jre\bin\java.dll
0x00007ffbb34c0000 - 0x00007ffbb34d6000 	C:\Program Files\Android\Android Studio\jre\jre\bin\zip.dll
0x00007ffbb89d0000 - 0x00007ffbb90b4000 	C:\WINDOWS\System32\SHELL32.dll
0x00007ffbb8730000 - 0x00007ffbb87d9000 	C:\WINDOWS\System32\shcore.dll
0x00007ffbb79f0000 - 0x00007ffbb816e000 	C:\WINDOWS\System32\windows.storage.dll
0x00007ffbb6fb0000 - 0x00007ffbb6fd3000 	C:\WINDOWS\System32\profapi.dll
0x00007ffbb6fe0000 - 0x00007ffbb702a000 	C:\WINDOWS\System32\powrprof.dll
0x00007ffbb6fa0000 - 0x00007ffbb6fb0000 	C:\WINDOWS\System32\UMPDC.dll
0x00007ffbb83a0000 - 0x00007ffbb83f2000 	C:\WINDOWS\System32\shlwapi.dll
0x00007ffbb7030000 - 0x00007ffbb7041000 	C:\WINDOWS\System32\kernel.appcore.dll
0x00007ffbb8170000 - 0x00007ffbb8187000 	C:\WINDOWS\System32\cryptsp.dll
0x00007ffbb04d0000 - 0x00007ffbb04ea000 	C:\Program Files\Android\Android Studio\jre\jre\bin\net.dll
0x00007ffba6e40000 - 0x00007ffba7016000 	C:\WINDOWS\SYSTEM32\urlmon.dll
0x00007ffba7140000 - 0x00007ffba73e6000 	C:\WINDOWS\SYSTEM32\iertutil.dll
0x00007ffbb69e0000 - 0x00007ffbb69ec000 	C:\WINDOWS\SYSTEM32\CRYPTBASE.DLL
0x00007ffbb67b0000 - 0x00007ffbb6817000 	C:\WINDOWS\system32\mswsock.dll
0x00007ffba3b30000 - 0x00007ffba3b43000 	C:\Program Files\Android\Android Studio\jre\jre\bin\nio.dll
0x00007ffb9d2a0000 - 0x00007ffb9d2c6000 	C:\Users\lakshya\.gradle\native\30\windows-amd64\native-platform.dll
0x00007ffbb0060000 - 0x00007ffbb006d000 	C:\Program Files\Android\Android Studio\jre\jre\bin\management.dll
0x00007ffbb6320000 - 0x00007ffbb6353000 	C:\WINDOWS\system32\rsaenh.dll
0x00007ffbb7070000 - 0x00007ffbb7096000 	C:\WINDOWS\System32\bcrypt.dll
0x00007ffbb6ec0000 - 0x00007ffbb6ee5000 	C:\WINDOWS\SYSTEM32\USERENV.dll
0x00007ffbb64c0000 - 0x00007ffbb64fa000 	C:\WINDOWS\SYSTEM32\IPHLPAPI.DLL
0x00007ffbb89c0000 - 0x00007ffbb89c8000 	C:\WINDOWS\System32\NSI.dll
0x00007ffbae1f0000 - 0x00007ffbae206000 	C:\WINDOWS\SYSTEM32\dhcpcsvc6.DLL
0x00007ffbae420000 - 0x00007ffbae43c000 	C:\WINDOWS\SYSTEM32\dhcpcsvc.DLL
0x00007ffbb6500000 - 0x00007ffbb65cb000 	C:\WINDOWS\SYSTEM32\DNSAPI.dll
0x00007ffb9d4a0000 - 0x00007ffb9d63c000 	C:\Program Files\Android\Android Studio\jre\jre\bin\awt.dll
0x00007ffbb8190000 - 0x00007ffbb8254000 	C:\WINDOWS\System32\OLEAUT32.dll
0x00007ffbb5390000 - 0x00007ffbb53bd000 	C:\WINDOWS\SYSTEM32\dwmapi.dll
0x00007ffbb3710000 - 0x00007ffbb3cd0000 	C:\WINDOWS\SYSTEM32\d2d1.dll
0x00007ffbb4d80000 - 0x00007ffbb4e0f000 	C:\WINDOWS\SYSTEM32\apphelp.dll
0x00007ffbb4f60000 - 0x00007ffbb4ff9000 	C:\WINDOWS\system32\uxtheme.dll

VM Arguments:
jvm_args: -Xmx1536m -Dfile.encoding=windows-1252 -Duser.country=US -Duser.language=en -Duser.variant 
java_command: org.gradle.launcher.daemon.bootstrap.GradleDaemon 5.6.4
java_class_path (initial): C:\Users\lakshya\.gradle\wrapper\dists\gradle-5.6.4-all\ankdp27end7byghfw1q2sw75f\gradle-5.6.4\lib\gradle-launcher-5.6.4.jar
Launcher Type: SUN_STANDARD

Environment Variables:
PATH=C:\Program Files (x86)\Intel\iCLS Client\;C:\Program Files\Java\jdk1.8.0_161\bin;C:\Program Files\Intel\iCLS Client\;C:\WINDOWS\system32;C:\WINDOWS;C:\WINDOWS\System32\Wbem;C:\WINDOWS\System32\WindowsPowerShell\v1.0\;;C:\WINDOWS\System32\OpenSSH\;C:\Program Files (x86)\Intel\Intel(R) Management Engine Components\DAL;C:\Program Files\Intel\Intel(R) Management Engine Components\DAL;C:\Program Files (x86)\Intel\Intel(R) Management Engine Components\IPT;C:\Program Files\Intel\Intel(R) Management Engine Components\IPT;C:\Users\lakshya\Anaconda3;C:\Users\lakshya\Anaconda3\Library\mingw-w64\bin;C:\Users\lakshya\Anaconda3\Library\usr\bin;C:\Users\lakshya\Anaconda3\Library\bin;C:\Users\lakshya\Anaconda3\Scripts;C:\Users\lakshya\AppData\Local\Microsoft\WindowsApps
USERNAME=lakshya
OS=Windows_NT
PROCESSOR_IDENTIFIER=Intel64 Family 6 Model 142 Stepping 9, GenuineIntel



---------------  S Y S T E M  ---------------

OS: Windows 10.0 , 64 bit Build 18362 (10.0.18362.778)

CPU:total 4 (initial active 4) (2 cores per cpu, 2 threads per core) family 6 model 142 stepping 9, cmov, cx8, fxsr, mmx, sse, sse2, sse3, ssse3, sse4.1, sse4.2, popcnt, avx, avx2, aes, clmul, erms, 3dnowpref, lzcnt, ht, tsc, tscinvbit, bmi1, bmi2, adx

Memory: 4k page, physical 8255088k(1046228k free), swap 8255088k(6256k free)

vm_info: OpenJDK 64-Bit Server VM (25.212-b04) for windows-amd64 JRE (1.8.0_212-release-1586-b04), built by "builder" with MS VC++ 10.0 (VS2010)

time: Fri May 29 23:26:06 2020
timezone: India Standard Time
elapsed time: 706 seconds (0d 0h 11m 46s)

