#
# There is insufficient memory for the Java Runtime Environment to continue.
# Native memory allocation (malloc) failed to allocate 1765360 bytes for Chunk::new
# Possible reasons:
#   The system is out of physical RAM or swap space
#   The process is running with CompressedOops enabled, and the Java Heap may be blocking the growth of the native heap
# Possible solutions:
#   Reduce memory load on the system
#   Increase physical memory or swap space
#   Check if swap backing store is full
#   Decrease Java heap size (-Xmx/-Xms)
#   Decrease number of Java threads
#   Decrease Java thread stack sizes (-Xss)
#   Set larger code cache with -XX:ReservedCodeCacheSize=
#   JVM is running with Unscaled Compressed Oops mode in which the Java heap is
#     placed in the first 4GB address space. The Java Heap base address is the
#     maximum limit for the native heap growth. Please use -XX:HeapBaseMinAddress
#     to set the Java Heap base and to place the Java Heap above 4GB virtual address.
# This output file may be truncated or incomplete.
#
#  Out of Memory Error (allocation.cpp:389), pid=14884, tid=0x00000000000035c8
#
# JRE version: OpenJDK Runtime Environment (8.0_212-b04) (build 1.8.0_212-release-1586-b04)
# Java VM: OpenJDK 64-Bit Server VM (25.212-b04 mixed mode windows-amd64 compressed oops)
# Failed to write core dump. Minidumps are not enabled by default on client versions of Windows
#

---------------  T H R E A D  ---------------

Current thread (0x000000001657f000):  JavaThread "C2 CompilerThread1" daemon [_thread_in_native, id=13768, stack(0x0000000017cd0000,0x0000000017dd0000)]

Stack: [0x0000000017cd0000,0x0000000017dd0000]
[error occurred during error reporting (printing stack bounds), id 0xc0000005]

Native frames: (J=compiled Java code, j=interpreted, Vv=VM code, C=native code)


Current CompileTask:
C2:   2473 1473   !   4       java.net.URLClassLoader$1::run (63 bytes)


---------------  P R O C E S S  ---------------

Java Threads: ( => current thread )
  0x0000000018697000 JavaThread "Cache worker for file hash cache (C:\Users\lakshya\AndroidStudioProjects\Notes\.gradle\5.6.4\fileHashes)" [_thread_blocked, id=3840, stack(0x000000001c4f0000,0x000000001c5f0000)]
  0x000000001869d000 JavaThread "Cache worker for journal cache (C:\Users\lakshya\.gradle\caches\journal-1)" [_thread_blocked, id=11708, stack(0x000000001c2f0000,0x000000001c3f0000)]
  0x000000001869c000 JavaThread "File lock request listener" [_thread_in_native, id=8352, stack(0x000000001c1f0000,0x000000001c2f0000)]
  0x0000000019954800 JavaThread "Cache worker for file hash cache (C:\Users\lakshya\.gradle\caches\5.6.4\fileHashes)" [_thread_blocked, id=9424, stack(0x000000001bef0000,0x000000001bff0000)]
  0x0000000019e61800 JavaThread "Thread-9" [_thread_blocked, id=10308, stack(0x000000001bdf0000,0x000000001bef0000)]
  0x0000000019e5e000 JavaThread "Stdin handler" [_thread_blocked, id=2016, stack(0x000000001bcf0000,0x000000001bdf0000)]
  0x0000000019e5c800 JavaThread "Asynchronous log dispatcher for DefaultDaemonConnection: socket connection from /127.0.0.1:50534 to /127.0.0.1:50535" [_thread_blocked, id=1960, stack(0x000000001bbf0000,0x000000001bcf0000)]
  0x0000000019e7e000 JavaThread "Daemon worker" [_thread_in_Java, id=9676, stack(0x000000001baf0000,0x000000001bbf0000)]
  0x0000000019e45000 JavaThread "Cancel handler" [_thread_blocked, id=14692, stack(0x000000001b9f0000,0x000000001baf0000)]
  0x0000000019e24000 JavaThread "Handler for socket connection from /127.0.0.1:50534 to /127.0.0.1:50535" [_thread_in_native, id=4568, stack(0x000000001b6f0000,0x000000001b7f0000)]
  0x0000000019e1f000 JavaThread "Daemon" [_thread_blocked, id=1208, stack(0x000000001b5f0000,0x000000001b6f0000)]
  0x0000000019e12000 JavaThread "Daemon periodic checks" [_thread_blocked, id=7852, stack(0x000000001b4f0000,0x000000001b5f0000)]
  0x0000000019db9000 JavaThread "Incoming local TCP Connector on port 50534" [_thread_in_native, id=2740, stack(0x000000001b2b0000,0x000000001b3b0000)]
  0x00000000180ff800 JavaThread "Daemon health stats" [_thread_blocked, id=11624, stack(0x000000001ac70000,0x000000001ad70000)]
  0x0000000017ef0800 JavaThread "Service Thread" daemon [_thread_blocked, id=2888, stack(0x00000000182d0000,0x00000000183d0000)]
  0x000000001658b000 JavaThread "C1 CompilerThread2" daemon [_thread_blocked, id=1668, stack(0x0000000017dd0000,0x0000000017ed0000)]
=>0x000000001657f000 JavaThread "C2 CompilerThread1" daemon [_thread_in_native, id=13768, stack(0x0000000017cd0000,0x0000000017dd0000)]
  0x0000000016579800 JavaThread "C2 CompilerThread0" daemon [_thread_in_native, id=10984, stack(0x0000000017bd0000,0x0000000017cd0000)]
  0x0000000016587000 JavaThread "Attach Listener" daemon [_thread_blocked, id=6396, stack(0x0000000017ad0000,0x0000000017bd0000)]
  0x0000000016586000 JavaThread "Signal Dispatcher" daemon [_thread_blocked, id=13316, stack(0x00000000179d0000,0x0000000017ad0000)]
  0x0000000002c0b000 JavaThread "Finalizer" daemon [_thread_blocked, id=10992, stack(0x00000000177d0000,0x00000000178d0000)]
  0x0000000016569000 JavaThread "Reference Handler" daemon [_thread_blocked, id=6640, stack(0x00000000176d0000,0x00000000177d0000)]
  0x0000000002abe800 JavaThread "main" [_thread_blocked, id=14548, stack(0x0000000002990000,0x0000000002a90000)]

Other Threads:
  0x0000000016546000 VMThread [stack: 0x00000000175d0000,0x00000000176d0000] [id=7316]
  0x0000000017ef1000 WatcherThread [stack: 0x00000000183d0000,0x00000000184d0000] [id=5888]

VM state:not at safepoint (normal execution)

VM Mutex/Monitor currently owned by a thread: None

heap address: 0x00000000a0000000, size: 1536 MB, Compressed Oops mode: 32-bit
Narrow klass base: 0x0000000000000000, Narrow klass shift: 3
Compressed class space size: 1073741824 Address: 0x0000000100000000

Heap:
 PSYoungGen      total 37888K, used 20272K [0x00000000e0000000, 0x00000000e5400000, 0x0000000100000000)
  eden space 32768K, 46% used [0x00000000e0000000,0x00000000e0ed0350,0x00000000e2000000)
  from space 5120K, 99% used [0x00000000e2000000,0x00000000e24fc050,0x00000000e2500000)
  to   space 10240K, 0% used [0x00000000e4a00000,0x00000000e4a00000,0x00000000e5400000)
 ParOldGen       total 86016K, used 6910K [0x00000000a0000000, 0x00000000a5400000, 0x00000000e0000000)
  object space 86016K, 8% used [0x00000000a0000000,0x00000000a06bf800,0x00000000a5400000)
 Metaspace       used 18813K, capacity 19290K, committed 19584K, reserved 1067008K
  class space    used 2727K, capacity 2907K, committed 2944K, reserved 1048576K

Card table byte_map: [0x0000000011fd0000,0x00000000122e0000] byte_map_base: 0x0000000011ad0000

Marking Bits: (ParMarkBitMap*) 0x00000000634a9f30
 Begin Bits: [0x00000000128e0000, 0x00000000140e0000)
 End Bits:   [0x00000000140e0000, 0x00000000158e0000)

Polling page: 0x0000000000c20000

CodeCache: size=245760Kb used=5538Kb max_used=5538Kb free=240221Kb
 bounds [0x0000000002c10000, 0x0000000003180000, 0x0000000011c10000]
 total_blobs=2052 nmethods=1640 adapters=325
 compilation: enabled

Compilation events (10 events):
Event: 2.447 Thread 0x000000001658b000 1647       1       java.util.Hashtable$Entry::getKey (5 bytes)
Event: 2.447 Thread 0x000000001658b000 nmethod 1647 0x0000000003179790 code [0x00000000031798e0, 0x00000000031799f0]
Event: 2.464 Thread 0x000000001658b000 1648       3       sun.reflect.generics.visitor.Reifier::make (9 bytes)
Event: 2.464 Thread 0x000000001658b000 nmethod 1648 0x000000000317a490 code [0x000000000317a600, 0x000000000317a850]
Event: 2.464 Thread 0x000000001658b000 1649       3       sun.reflect.generics.visitor.Reifier::<init> (10 bytes)
Event: 2.464 Thread 0x000000001658b000 nmethod 1649 0x000000000317a950 code [0x000000000317aaa0, 0x000000000317ac70]
Event: 2.464 Thread 0x000000001658b000 1650       3       sun.reflect.generics.visitor.Reifier::getResult (26 bytes)
Event: 2.464 Thread 0x000000001658b000 nmethod 1650 0x000000000317ad10 code [0x000000000317ae60, 0x000000000317afd0]
Event: 2.466 Thread 0x000000001658b000 1651       3       java.util.concurrent.locks.ReentrantLock$Sync::<init> (5 bytes)
Event: 2.466 Thread 0x000000001658b000 nmethod 1651 0x000000000317b050 code [0x000000000317b1c0, 0x000000000317b430]

GC Heap History (10 events):
Event: 0.649 GC heap before
{Heap before GC invocations=1 (full 0):
 PSYoungGen      total 37888K, used 32768K [0x00000000e0000000, 0x00000000e2a00000, 0x0000000100000000)
  eden space 32768K, 100% used [0x00000000e0000000,0x00000000e2000000,0x00000000e2000000)
  from space 5120K, 0% used [0x00000000e2500000,0x00000000e2500000,0x00000000e2a00000)
  to   space 5120K, 0% used [0x00000000e2000000,0x00000000e2000000,0x00000000e2500000)
 ParOldGen       total 86016K, used 0K [0x00000000a0000000, 0x00000000a5400000, 0x00000000e0000000)
  object space 86016K, 0% used [0x00000000a0000000,0x00000000a0000000,0x00000000a5400000)
 Metaspace       used 6709K, capacity 6896K, committed 7040K, reserved 1056768K
  class space    used 817K, capacity 876K, committed 896K, reserved 1048576K
Event: 0.653 GC heap after
Heap after GC invocations=1 (full 0):
 PSYoungGen      total 37888K, used 4227K [0x00000000e0000000, 0x00000000e2a00000, 0x0000000100000000)
  eden space 32768K, 0% used [0x00000000e0000000,0x00000000e0000000,0x00000000e2000000)
  from space 5120K, 82% used [0x00000000e2000000,0x00000000e2420ce8,0x00000000e2500000)
  to   space 5120K, 0% used [0x00000000e2500000,0x00000000e2500000,0x00000000e2a00000)
 ParOldGen       total 86016K, used 8K [0x00000000a0000000, 0x00000000a5400000, 0x00000000e0000000)
  object space 86016K, 0% used [0x00000000a0000000,0x00000000a0002000,0x00000000a5400000)
 Metaspace       used 6709K, capacity 6896K, committed 7040K, reserved 1056768K
  class space    used 817K, capacity 876K, committed 896K, reserved 1048576K
}
Event: 0.903 GC heap before
{Heap before GC invocations=2 (full 0):
 PSYoungGen      total 37888K, used 36995K [0x00000000e0000000, 0x00000000e2a00000, 0x0000000100000000)
  eden space 32768K, 100% used [0x00000000e0000000,0x00000000e2000000,0x00000000e2000000)
  from space 5120K, 82% used [0x00000000e2000000,0x00000000e2420ce8,0x00000000e2500000)
  to   space 5120K, 0% used [0x00000000e2500000,0x00000000e2500000,0x00000000e2a00000)
 ParOldGen       total 86016K, used 8K [0x00000000a0000000, 0x00000000a5400000, 0x00000000e0000000)
  object space 86016K, 0% used [0x00000000a0000000,0x00000000a0002000,0x00000000a5400000)
 Metaspace       used 7027K, capacity 7210K, committed 7424K, reserved 1056768K
  class space    used 864K, capacity 917K, committed 1024K, reserved 1048576K
Event: 0.906 GC heap after
Heap after GC invocations=2 (full 0):
 PSYoungGen      total 37888K, used 3329K [0x00000000e0000000, 0x00000000e2a00000, 0x0000000100000000)
  eden space 32768K, 0% used [0x00000000e0000000,0x00000000e0000000,0x00000000e2000000)
  from space 5120K, 65% used [0x00000000e2500000,0x00000000e2840510,0x00000000e2a00000)
  to   space 5120K, 0% used [0x00000000e2000000,0x00000000e2000000,0x00000000e2500000)
 ParOldGen       total 86016K, used 16K [0x00000000a0000000, 0x00000000a5400000, 0x00000000e0000000)
  object space 86016K, 0% used [0x00000000a0000000,0x00000000a0004000,0x00000000a5400000)
 Metaspace       used 7027K, capacity 7210K, committed 7424K, reserved 1056768K
  class space    used 864K, capacity 917K, committed 1024K, reserved 1048576K
}
Event: 1.683 GC heap before
{Heap before GC invocations=3 (full 0):
 PSYoungGen      total 37888K, used 36097K [0x00000000e0000000, 0x00000000e2a00000, 0x0000000100000000)
  eden space 32768K, 100% used [0x00000000e0000000,0x00000000e2000000,0x00000000e2000000)
  from space 5120K, 65% used [0x00000000e2500000,0x00000000e2840510,0x00000000e2a00000)
  to   space 5120K, 0% used [0x00000000e2000000,0x00000000e2000000,0x00000000e2500000)
 ParOldGen       total 86016K, used 16K [0x00000000a0000000, 0x00000000a5400000, 0x00000000e0000000)
  object space 86016K, 0% used [0x00000000a0000000,0x00000000a0004000,0x00000000a5400000)
 Metaspace       used 12236K, capacity 12638K, committed 12928K, reserved 1060864K
  class space    used 1637K, capacity 1793K, committed 1920K, reserved 1048576K
Event: 1.689 GC heap after
Heap after GC invocations=3 (full 0):
 PSYoungGen      total 37888K, used 5088K [0x00000000e0000000, 0x00000000e2a00000, 0x0000000100000000)
  eden space 32768K, 0% used [0x00000000e0000000,0x00000000e0000000,0x00000000e2000000)
  from space 5120K, 99% used [0x00000000e2000000,0x00000000e24f8020,0x00000000e2500000)
  to   space 5120K, 0% used [0x00000000e2500000,0x00000000e2500000,0x00000000e2a00000)
 ParOldGen       total 86016K, used 1271K [0x00000000a0000000, 0x00000000a5400000, 0x00000000e0000000)
  object space 86016K, 1% used [0x00000000a0000000,0x00000000a013dce0,0x00000000a5400000)
 Metaspace       used 12236K, capacity 12638K, committed 12928K, reserved 1060864K
  class space    used 1637K, capacity 1793K, committed 1920K, reserved 1048576K
}
Event: 1.977 GC heap before
{Heap before GC invocations=4 (full 0):
 PSYoungGen      total 37888K, used 37856K [0x00000000e0000000, 0x00000000e2a00000, 0x0000000100000000)
  eden space 32768K, 100% used [0x00000000e0000000,0x00000000e2000000,0x00000000e2000000)
  from space 5120K, 99% used [0x00000000e2000000,0x00000000e24f8020,0x00000000e2500000)
  to   space 5120K, 0% used [0x00000000e2500000,0x00000000e2500000,0x00000000e2a00000)
 ParOldGen       total 86016K, used 1271K [0x00000000a0000000, 0x00000000a5400000, 0x00000000e0000000)
  object space 86016K, 1% used [0x00000000a0000000,0x00000000a013dce0,0x00000000a5400000)
 Metaspace       used 14592K, capacity 14982K, committed 15232K, reserved 1062912K
  class space    used 2039K, capacity 2149K, committed 2176K, reserved 1048576K
Event: 1.985 GC heap after
Heap after GC invocations=4 (full 0):
 PSYoungGen      total 37888K, used 5104K [0x00000000e0000000, 0x00000000e4a00000, 0x0000000100000000)
  eden space 32768K, 0% used [0x00000000e0000000,0x00000000e0000000,0x00000000e2000000)
  from space 5120K, 99% used [0x00000000e2500000,0x00000000e29fc010,0x00000000e2a00000)
  to   space 5120K, 0% used [0x00000000e2000000,0x00000000e2000000,0x00000000e2500000)
 ParOldGen       total 86016K, used 3671K [0x00000000a0000000, 0x00000000a5400000, 0x00000000e0000000)
  object space 86016K, 4% used [0x00000000a0000000,0x00000000a0395c20,0x00000000a5400000)
 Metaspace       used 14592K, capacity 14982K, committed 15232K, reserved 1062912K
  class space    used 2039K, capacity 2149K, committed 2176K, reserved 1048576K
}
Event: 2.287 GC heap before
{Heap before GC invocations=5 (full 0):
 PSYoungGen      total 37888K, used 37872K [0x00000000e0000000, 0x00000000e4a00000, 0x0000000100000000)
  eden space 32768K, 100% used [0x00000000e0000000,0x00000000e2000000,0x00000000e2000000)
  from space 5120K, 99% used [0x00000000e2500000,0x00000000e29fc010,0x00000000e2a00000)
  to   space 5120K, 0% used [0x00000000e2000000,0x00000000e2000000,0x00000000e2500000)
 ParOldGen       total 86016K, used 3671K [0x00000000a0000000, 0x00000000a5400000, 0x00000000e0000000)
  object space 86016K, 4% used [0x00000000a0000000,0x00000000a0395c20,0x00000000a5400000)
 Metaspace       used 17388K, capacity 17810K, committed 18048K, reserved 1064960K
  class space    used 2500K, capacity 2649K, committed 2688K, reserved 1048576K
Event: 2.297 GC heap after
Heap after GC invocations=5 (full 0):
 PSYoungGen      total 37888K, used 5104K [0x00000000e0000000, 0x00000000e5400000, 0x0000000100000000)
  eden space 32768K, 0% used [0x00000000e0000000,0x00000000e0000000,0x00000000e2000000)
  from space 5120K, 99% used [0x00000000e2000000,0x00000000e24fc050,0x00000000e2500000)
  to   space 10240K, 0% used [0x00000000e4a00000,0x00000000e4a00000,0x00000000e5400000)
 ParOldGen       total 86016K, used 6910K [0x00000000a0000000, 0x00000000a5400000, 0x00000000e0000000)
  object space 86016K, 8% used [0x00000000a0000000,0x00000000a06bf800,0x00000000a5400000)
 Metaspace       used 17388K, capacity 17810K, committed 18048K, reserved 1064960K
  class space    used 2500K, capacity 2649K, committed 2688K, reserved 1048576K
}

Deoptimization events (10 events):
Event: 1.853 Thread 0x0000000019e7e000 Uncommon trap: reason=class_check action=maybe_recompile pc=0x0000000002eef8d8 method=java.util.regex.Matcher.match(II)Z @ 86
Event: 1.862 Thread 0x0000000019e7e000 Uncommon trap: reason=class_check action=maybe_recompile pc=0x0000000002eef8d8 method=java.util.regex.Matcher.match(II)Z @ 86
Event: 1.863 Thread 0x0000000019e7e000 Uncommon trap: reason=class_check action=maybe_recompile pc=0x0000000002eef8d8 method=java.util.regex.Matcher.match(II)Z @ 86
Event: 1.863 Thread 0x0000000019e7e000 Uncommon trap: reason=class_check action=maybe_recompile pc=0x0000000002e9cb1c method=java.util.regex.Matcher.match(II)Z @ 86
Event: 2.087 Thread 0x0000000019e7e000 Uncommon trap: reason=unstable_if action=reinterpret pc=0x0000000003085e34 method=java.lang.String.lastIndexOf([CII[CIII)I @ 66
Event: 2.161 Thread 0x0000000019e7e000 Uncommon trap: reason=unstable_if action=reinterpret pc=0x0000000003084ce8 method=java.util.HashMap.putVal(ILjava/lang/Object;Ljava/lang/Object;ZZ)Ljava/lang/Object; @ 236
Event: 2.351 Thread 0x0000000019e7e000 Uncommon trap: reason=unstable_if action=reinterpret pc=0x0000000002d88948 method=java.net.URI.match(CJJ)Z @ 19
Event: 2.351 Thread 0x0000000019e7e000 Uncommon trap: reason=unstable_if action=reinterpret pc=0x0000000002e5db40 method=java.net.URI.match(CJJ)Z @ 19
Event: 2.351 Thread 0x0000000019e7e000 Uncommon trap: reason=unstable_if action=reinterpret pc=0x0000000002d878c8 method=java.net.URI.match(CJJ)Z @ 19
Event: 2.401 Thread 0x0000000019e7e000 Uncommon trap: reason=unstable_if action=reinterpret pc=0x0000000002ed3100 method=java.io.File.getName()Ljava/lang/String; @ 16

Classes redefined (0 events):
No events

Internal exceptions (10 events):
Event: 1.604 Thread 0x0000000019e24000 Exception <a 'java/lang/NoSuchMethodError': <clinit>> (0x00000000e1903d20) thrown at [D:\src\AOSP-openjdk-cygwin\jdk8u\hotspot\src\share\vm\prims\jni.cpp, line 1614]
Event: 1.605 Thread 0x0000000019e24000 Exception <a 'java/lang/NoSuchMethodError': <clinit>> (0x00000000e190dad0) thrown at [D:\src\AOSP-openjdk-cygwin\jdk8u\hotspot\src\share\vm\prims\jni.cpp, line 1614]
Event: 1.606 Thread 0x0000000019e24000 Exception <a 'java/lang/NoSuchMethodError': <clinit>> (0x00000000e1922508) thrown at [D:\src\AOSP-openjdk-cygwin\jdk8u\hotspot\src\share\vm\prims\jni.cpp, line 1614]
Event: 1.613 Thread 0x0000000019e24000 Exception <a 'java/lang/NoSuchMethodError': <clinit>> (0x00000000e197dd00) thrown at [D:\src\AOSP-openjdk-cygwin\jdk8u\hotspot\src\share\vm\prims\jni.cpp, line 1614]
Event: 1.617 Thread 0x0000000019e24000 Exception <a 'java/lang/NoSuchMethodError': <clinit>> (0x00000000e19b5800) thrown at [D:\src\AOSP-openjdk-cygwin\jdk8u\hotspot\src\share\vm\prims\jni.cpp, line 1614]
Event: 1.620 Thread 0x0000000019e24000 Exception <a 'java/lang/NoSuchMethodError': <clinit>> (0x00000000e19ebb40) thrown at [D:\src\AOSP-openjdk-cygwin\jdk8u\hotspot\src\share\vm\prims\jni.cpp, line 1614]
Event: 1.621 Thread 0x0000000019e24000 Exception <a 'java/lang/NoSuchMethodError': <clinit>> (0x00000000e19f6fc8) thrown at [D:\src\AOSP-openjdk-cygwin\jdk8u\hotspot\src\share\vm\prims\jni.cpp, line 1614]
Event: 2.062 Thread 0x0000000019e7e000 Exception <a 'java/lang/NoSuchMethodError': java.lang.Object.lambda$and$0(Ljava/util/function/Predicate;Ljava/lang/Object;)Z> (0x00000000e0858238) thrown at [D:\src\AOSP-openjdk-cygwin\jdk8u\hotspot\src\share\vm\interpreter\linkResolver.cpp, line 620]
Event: 2.068 Thread 0x0000000019e7e000 Exception <a 'java/lang/IncompatibleClassChangeError': Found class java.lang.Object, but interface was expected> (0x00000000e086e700) thrown at [D:\src\AOSP-openjdk-cygwin\jdk8u\hotspot\src\share\vm\interpreter\linkResolver.cpp, line 653]
Event: 2.070 Thread 0x0000000019e7e000 Exception <a 'java/lang/NoSuchMethodError': java.lang.Object.lambda$or$2(Ljava/util/function/Predicate;Ljava/lang/Object;)Z> (0x00000000e0873610) thrown at [D:\src\AOSP-openjdk-cygwin\jdk8u\hotspot\src\share\vm\interpreter\linkResolver.cpp, line 620]

Events (10 events):
Event: 2.471 loading class org/gradle/api/file/Directory
Event: 2.471 loading class org/gradle/api/file/Directory done
Event: 2.471 loading class org/gradle/api/internal/file/DefaultFilePropertyFactory$FixedDirectory
Event: 2.471 loading class org/gradle/api/internal/file/DefaultFilePropertyFactory$FixedDirectory done
Event: 2.471 loading class org/gradle/api/internal/file/ManagedFactories$DirectoryPropertyManagedFactory
Event: 2.471 loading class org/gradle/api/internal/file/ManagedFactories$DirectoryPropertyManagedFactory done
Event: 2.471 loading class org/gradle/api/internal/file/DefaultFilePropertyFactory$DefaultDirectoryVar
Event: 2.471 loading class org/gradle/api/internal/file/DefaultFilePropertyFactory$DefaultDirectoryVar done
Event: 2.472 loading class org/gradle/api/internal/provider/ManagedFactories$SetPropertyManagedFactory
Event: 2.472 loading class org/gradle/api/internal/provider/ManagedFactories$SetPropertyManagedFactory done


Dynamic libraries:
0x00007ff716450000 - 0x00007ff716481000 	C:\Program Files\Android\Android Studio\jre\bin\java.exe
0x00007ffbba0e0000 - 0x00007ffbba2d0000 	C:\WINDOWS\SYSTEM32\ntdll.dll
0x00007ffbb84c0000 - 0x00007ffbb8572000 	C:\WINDOWS\System32\KERNEL32.DLL
0x00007ffbb7330000 - 0x00007ffbb75d4000 	C:\WINDOWS\System32\KERNELBASE.dll
0x00007ffbb8870000 - 0x00007ffbb8913000 	C:\WINDOWS\System32\ADVAPI32.dll
0x00007ffbb8920000 - 0x00007ffbb89be000 	C:\WINDOWS\System32\msvcrt.dll
0x00007ffbb8400000 - 0x00007ffbb8497000 	C:\WINDOWS\System32\sechost.dll
0x00007ffbb9d20000 - 0x00007ffbb9e40000 	C:\WINDOWS\System32\RPCRT4.dll
0x00007ffbb9480000 - 0x00007ffbb9614000 	C:\WINDOWS\System32\USER32.dll
0x00007ffbb7100000 - 0x00007ffbb7121000 	C:\WINDOWS\System32\win32u.dll
0x00007ffbba040000 - 0x00007ffbba066000 	C:\WINDOWS\System32\GDI32.dll
0x00007ffbb7680000 - 0x00007ffbb7814000 	C:\WINDOWS\System32\gdi32full.dll
0x00007ffbb75e0000 - 0x00007ffbb767e000 	C:\WINDOWS\System32\msvcp_win.dll
0x00007ffbb78f0000 - 0x00007ffbb79ea000 	C:\WINDOWS\System32\ucrtbase.dll
0x00007ffbaa030000 - 0x00007ffbaa2b4000 	C:\WINDOWS\WinSxS\amd64_microsoft.windows.common-controls_6595b64144ccf1df_6.0.18362.836_none_e6c4b943130f18ed\COMCTL32.dll
0x00007ffbb90c0000 - 0x00007ffbb93f6000 	C:\WINDOWS\System32\combase.dll
0x00007ffbb7870000 - 0x00007ffbb78f0000 	C:\WINDOWS\System32\bcryptPrimitives.dll
0x00007ffbba070000 - 0x00007ffbba09e000 	C:\WINDOWS\System32\IMM32.DLL
0x0000000062b20000 - 0x0000000062bf2000 	C:\Program Files\Android\Android Studio\jre\jre\bin\msvcr100.dll
0x0000000062ce0000 - 0x0000000063526000 	C:\Program Files\Android\Android Studio\jre\jre\bin\server\jvm.dll
0x00007ffbb9ef0000 - 0x00007ffbb9ef8000 	C:\WINDOWS\System32\PSAPI.DLL
0x00007ffba5f00000 - 0x00007ffba5f09000 	C:\WINDOWS\SYSTEM32\WSOCK32.dll
0x00007ffbb4b50000 - 0x00007ffbb4b74000 	C:\WINDOWS\SYSTEM32\WINMM.dll
0x00007ffbb9f60000 - 0x00007ffbb9fcf000 	C:\WINDOWS\System32\WS2_32.dll
0x00007ffbaa540000 - 0x00007ffbaa54a000 	C:\WINDOWS\SYSTEM32\VERSION.dll
0x00007ffbb4b20000 - 0x00007ffbb4b4d000 	C:\WINDOWS\SYSTEM32\WINMMBASE.dll
0x00007ffbb7820000 - 0x00007ffbb786a000 	C:\WINDOWS\System32\cfgmgr32.dll
0x00007ffbb3510000 - 0x00007ffbb351f000 	C:\Program Files\Android\Android Studio\jre\jre\bin\verify.dll
0x00007ffbb34e0000 - 0x00007ffbb3509000 	C:\Program Files\Android\Android Studio\jre\jre\bin\java.dll
0x00007ffbb34c0000 - 0x00007ffbb34d6000 	C:\Program Files\Android\Android Studio\jre\jre\bin\zip.dll
0x00007ffbb89d0000 - 0x00007ffbb90b4000 	C:\WINDOWS\System32\SHELL32.dll
0x00007ffbb8730000 - 0x00007ffbb87d9000 	C:\WINDOWS\System32\shcore.dll
0x00007ffbb79f0000 - 0x00007ffbb816e000 	C:\WINDOWS\System32\windows.storage.dll
0x00007ffbb6fb0000 - 0x00007ffbb6fd3000 	C:\WINDOWS\System32\profapi.dll
0x00007ffbb6fe0000 - 0x00007ffbb702a000 	C:\WINDOWS\System32\powrprof.dll
0x00007ffbb6fa0000 - 0x00007ffbb6fb0000 	C:\WINDOWS\System32\UMPDC.dll
0x00007ffbb83a0000 - 0x00007ffbb83f2000 	C:\WINDOWS\System32\shlwapi.dll
0x00007ffbb7030000 - 0x00007ffbb7041000 	C:\WINDOWS\System32\kernel.appcore.dll
0x00007ffbb8170000 - 0x00007ffbb8187000 	C:\WINDOWS\System32\cryptsp.dll
0x00007ffbb04d0000 - 0x00007ffbb04ea000 	C:\Program Files\Android\Android Studio\jre\jre\bin\net.dll
0x00007ffba6e40000 - 0x00007ffba7016000 	C:\WINDOWS\SYSTEM32\urlmon.dll
0x00007ffba7140000 - 0x00007ffba73e6000 	C:\WINDOWS\SYSTEM32\iertutil.dll
0x00007ffbb69e0000 - 0x00007ffbb69ec000 	C:\WINDOWS\SYSTEM32\CRYPTBASE.DLL
0x00007ffbb67b0000 - 0x00007ffbb6817000 	C:\WINDOWS\system32\mswsock.dll
0x00007ffba3b30000 - 0x00007ffba3b43000 	C:\Program Files\Android\Android Studio\jre\jre\bin\nio.dll
0x00007ffb9d2a0000 - 0x00007ffb9d2c6000 	C:\Users\lakshya\.gradle\native\30\windows-amd64\native-platform.dll
0x00007ffbb0060000 - 0x00007ffbb006d000 	C:\Program Files\Android\Android Studio\jre\jre\bin\management.dll
0x00007ffbb6320000 - 0x00007ffbb6353000 	C:\WINDOWS\system32\rsaenh.dll
0x00007ffbb7070000 - 0x00007ffbb7096000 	C:\WINDOWS\System32\bcrypt.dll
0x00007ffbb6ec0000 - 0x00007ffbb6ee5000 	C:\WINDOWS\SYSTEM32\USERENV.dll
0x00007ffbb64c0000 - 0x00007ffbb64fa000 	C:\WINDOWS\SYSTEM32\IPHLPAPI.DLL
0x00007ffbb89c0000 - 0x00007ffbb89c8000 	C:\WINDOWS\System32\NSI.dll
0x00007ffbae1f0000 - 0x00007ffbae206000 	C:\WINDOWS\SYSTEM32\dhcpcsvc6.DLL
0x00007ffbae420000 - 0x00007ffbae43c000 	C:\WINDOWS\SYSTEM32\dhcpcsvc.DLL
0x00007ffbb6500000 - 0x00007ffbb65cb000 	C:\WINDOWS\SYSTEM32\DNSAPI.dll

VM Arguments:
jvm_args: -Xmx1536m -Dfile.encoding=windows-1252 -Duser.country=US -Duser.language=en -Duser.variant 
java_command: org.gradle.launcher.daemon.bootstrap.GradleDaemon 5.6.4
java_class_path (initial): C:\Users\lakshya\.gradle\wrapper\dists\gradle-5.6.4-all\ankdp27end7byghfw1q2sw75f\gradle-5.6.4\lib\gradle-launcher-5.6.4.jar
Launcher Type: SUN_STANDARD

Environment Variables:
PATH=C:\Program Files (x86)\Intel\iCLS Client\;C:\Program Files\Java\jdk1.8.0_161\bin;C:\Program Files\Intel\iCLS Client\;C:\WINDOWS\system32;C:\WINDOWS;C:\WINDOWS\System32\Wbem;C:\WINDOWS\System32\WindowsPowerShell\v1.0\;;C:\WINDOWS\System32\OpenSSH\;C:\Program Files (x86)\Intel\Intel(R) Management Engine Components\DAL;C:\Program Files\Intel\Intel(R) Management Engine Components\DAL;C:\Program Files (x86)\Intel\Intel(R) Management Engine Components\IPT;C:\Program Files\Intel\Intel(R) Management Engine Components\IPT;C:\Users\lakshya\Anaconda3;C:\Users\lakshya\Anaconda3\Library\mingw-w64\bin;C:\Users\lakshya\Anaconda3\Library\usr\bin;C:\Users\lakshya\Anaconda3\Library\bin;C:\Users\lakshya\Anaconda3\Scripts;C:\Users\lakshya\AppData\Local\Microsoft\WindowsApps
USERNAME=lakshya
OS=Windows_NT
PROCESSOR_IDENTIFIER=Intel64 Family 6 Model 142 Stepping 9, GenuineIntel



---------------  S Y S T E M  ---------------

OS: Windows 10.0 , 64 bit Build 18362 (10.0.18362.778)

CPU:total 4 (initial active 4) (2 cores per cpu, 2 threads per core) family 6 model 142 stepping 9, cmov, cx8, fxsr, mmx, sse, sse2, sse3, ssse3, sse4.1, sse4.2, popcnt, avx, avx2, aes, clmul, erms, 3dnowpref, lzcnt, ht, tsc, tscinvbit, bmi1, bmi2, adx

Memory: 4k page, physical 8255088k(1204052k free), swap 8255088k(5200k free)

vm_info: OpenJDK 64-Bit Server VM (25.212-b04) for windows-amd64 JRE (1.8.0_212-release-1586-b04), built by "builder" with MS VC++ 10.0 (VS2010)

time: Fri May 29 23:46:17 2020
timezone: India Standard Time
elapsed time: 2 seconds (0d 0h 0m 2s)

